{
    "timestamp": "2025-11-29 02:40:40",
    "user_id": "7",
    "received_input": {
        "form_data": {
            "": "Other",
            "diabetes": 0,
            "highbloodpressure": 0,
            "highcholesterol": 0,
            "anemia": 0,
            "depressionanxiety": 1,
            "heartdisease": 0,
            "menstrualirregularities": 0,
            "autoimmunediseases": 0,
            "fh_hypothyroidism": 0,
            "fh_hyperthyroidism": 0,
            "fh_goiter": 1,
            "fh_thyroidcancer": 0,
            "sym_fatigue": 1,
            "sym_weightchange": 1,
            "sym_dryskin": 0,
            "sym_hairloss": 1,
            "sym_heartrate": 1,
            "sym_digestion": 0,
            "sym_irregularperiods": 0,
            "sym_neckswelling": 0,
            "tsh": 0,
            "tsh_value": "",
            "t3": 0,
            "t3_value": "",
            "t4": 0,
            "t4_value": "",
            "t4_uptake": 0,
            "t4_uptake_value": "",
            "fti": 0,
            "fti_value": "",
            "tshValue": "",
            "t3Value": "",
            "t4Value": "",
            "t4-uptakeValue": "",
            "ftiValue": "",
            "Diabetes": 0,
            "HighBloodPressure": 0,
            "HighCholesterol": 0,
            "Anemia": 0,
            "DepressionAnxiety": 1,
            "HeartDisease": 0,
            "MenstrualIrregularities": 0,
            "AutoimmuneDiseases": 0,
            "FH_Hypothyroidism": 0,
            "FH_Hyperthyroidism": 0,
            "FH_Goiter": 1,
            "FH_ThyroidCancer": 0,
            "Sym_Fatigue": 1,
            "Sym_WeightChange": 1,
            "Sym_DrySkin": 0,
            "Sym_HairLoss": 1,
            "Sym_HeartRate": 1,
            "Sym_Digestion": 0,
            "Sym_IrregularPeriods": 0,
            "Sym_NeckSwelling": 0,
            "age": 22,
            "gender": 0
        },
        "prediction": "hyper",
        "mode": "Symptom-Only",
        "c_score": 80,
        "shap_values": [],
        "rf_prediction": "Hypothyroid",
        "svm_prediction": "Hyperthyroid",
        "gb_prediction": "Hypothyroid",
        "cnn_prediction": "Hypothyroid"
    }
}
