{
    "timestamp": "2025-10-27 11:33:13",
    "user_id": "2",
    "received_input": {
        "form_data": {
            "thyroxine": 0,
            "advised-thyroxine": 0,
            "antithyroid": 0,
            "illness": 0,
            "pregnant": 0,
            "surgery": 0,
            "radioactive": 0,
            "hypo-suspected": 0,
            "hyper-suspected": 0,
            "lithium": 0,
            "goitre": 0,
            "tumor": 0,
            "hypopituitarism": 0,
            "psychiatric": 0,
            "tsh": 0,
            "t3": 0,
            "t4": 0,
            "t4-uptake": 0,
            "fti": 0,
            "FH_Hypothyroidism": 0,
            "FH_Hyperthyroidism": 0,
            "FH_Goiter": 0,
            "FH_ThyroidCancer": 0,
            "Sym_Fatigue": 0,
            "Sym_WeightChange": 0,
            "Sym_DrySkin": 0,
            "Sym_HairLoss": 0,
            "Sym_HeartRate": 0,
            "Sym_Digestion": 0,
            "Sym_IrregularPeriods": 0,
            "Sym_NeckSwelling": 0,
            "Diabetes": 0,
            "HighBloodPressure": 0,
            "HighCholesterol": 0,
            "Anemia": 0,
            "DepressionAnxiety": 0,
            "HeartDisease": 0,
            "MenstrualIrregularities": 0,
            "AutoimmuneDiseases": 0,
            "tshValue": "",
            "t3Value": "",
            "t4Value": "",
            "t4-uptakeValue": "",
            "ftiValue": "",
            "age": 21,
            "gender": 0
        },
        "prediction": "normal",
        "mode": "Symptom-Only",
        "c_score": 93,
        "shap_values": [
            {
                "highlight": true,
                "impact": 1.06,
                "name": "Age"
            },
            {
                "highlight": false,
                "impact": -4.83,
                "name": "Sex"
            },
            {
                "highlight": false,
                "impact": 3.77,
                "name": "Diabetes"
            },
            {
                "highlight": false,
                "impact": -0.17,
                "name": "HighBloodPressure"
            },
            {
                "highlight": false,
                "impact": 0.01,
                "name": "HighCholesterol"
            },
            {
                "highlight": false,
                "impact": 0.16,
                "name": "Anemia"
            },
            {
                "highlight": false,
                "impact": 0.22,
                "name": "DepressionAnxiety"
            },
            {
                "highlight": false,
                "impact": -0.27,
                "name": "HeartDisease"
            },
            {
                "highlight": false,
                "impact": 0.06,
                "name": "AutoimmuneDiseases"
            },
            {
                "highlight": false,
                "impact": 0.28,
                "name": "FH_Hypothyroidism"
            },
            {
                "highlight": false,
                "impact": -0.35,
                "name": "FH_Hyperthyroidism"
            },
            {
                "highlight": false,
                "impact": 0.07,
                "name": "FH_Goiter"
            },
            {
                "highlight": false,
                "impact": 0.24,
                "name": "FH_ThyroidCancer"
            },
            {
                "highlight": true,
                "impact": -0.31,
                "name": "Sym_Fatigue"
            },
            {
                "highlight": false,
                "impact": 0.07,
                "name": "Sym_WeightChange"
            },
            {
                "highlight": false,
                "impact": 0.2,
                "name": "Sym_DrySkin"
            },
            {
                "highlight": false,
                "impact": -0.03,
                "name": "Sym_HairLoss"
            },
            {
                "highlight": false,
                "impact": -0.16,
                "name": "Sym_HeartRate"
            },
            {
                "highlight": false,
                "impact": 0.95,
                "name": "Sym_Digestion"
            },
            {
                "highlight": false,
                "impact": -0.54,
                "name": "Sym_IrregularPeriods"
            },
            {
                "highlight": false,
                "impact": -0.4,
                "name": "Sym_NeckSwelling"
            }
        ],
        "rf_prediction": "Normal",
        "svm_prediction": "Uncertain",
        "cnn_prediction": "Normal"
    }
}
