{
    "timestamp": "2025-11-28 15:16:56",
    "user_id": "4",
    "received_input": {
        "form_data": {
            "": "female",
            "diabetes": 1,
            "highbloodpressure": 0,
            "highcholesterol": 0,
            "anemia": 0,
            "depressionanxiety": 1,
            "heartdisease": 0,
            "menstrualirregularities": 1,
            "autoimmunediseases": 0,
            "fh_hypothyroidism": 0,
            "fh_hyperthyroidism": 0,
            "fh_goiter": 0,
            "fh_thyroidcancer": 0,
            "sym_fatigue": 1,
            "sym_weightchange": 0,
            "sym_dryskin": 0,
            "sym_hairloss": 1,
            "sym_heartrate": 0,
            "sym_digestion": 1,
            "sym_irregularperiods": 0,
            "sym_neckswelling": 1,
            "tsh": 1,
            "tsh_value": "8",
            "t3": 0,
            "t3_value": "",
            "t4": 0,
            "t4_value": "",
            "t4_uptake": 1,
            "t4_uptake_value": "15",
            "fti": 0,
            "fti_value": "",
            "tshValue": 8,
            "t3Value": "",
            "t4Value": "",
            "t4-uptakeValue": "15",
            "ftiValue": "",
            "Diabetes": 1,
            "HighBloodPressure": 0,
            "HighCholesterol": 0,
            "Anemia": 0,
            "DepressionAnxiety": 1,
            "HeartDisease": 0,
            "MenstrualIrregularities": 1,
            "AutoimmuneDiseases": 0,
            "FH_Hypothyroidism": 0,
            "FH_Hyperthyroidism": 0,
            "FH_Goiter": 0,
            "FH_ThyroidCancer": 0,
            "Sym_Fatigue": 1,
            "Sym_WeightChange": 0,
            "Sym_DrySkin": 0,
            "Sym_HairLoss": 1,
            "Sym_HeartRate": 0,
            "Sym_Digestion": 1,
            "Sym_IrregularPeriods": 0,
            "Sym_NeckSwelling": 1,
            "age": 22,
            "gender": 0
        },
        "prediction": "normal",
        "mode": "Hybrid (Lab-Assisted)",
        "c_score": 79,
        "shap_values": [],
        "rf_prediction": "Hypothyroid",
        "svm_prediction": "Hypothyroid",
        "gb_prediction": "Hypothyroid",
        "cnn_prediction": "Hyperthyroid"
    }
}
{
    "timestamp": "2025-11-28 15:22:34",
    "user_id": "4",
    "received_input": {
        "form_data": {
            "": "female",
            "diabetes": 1,
            "highbloodpressure": 0,
            "highcholesterol": 0,
            "anemia": 0,
            "depressionanxiety": 0,
            "heartdisease": 0,
            "menstrualirregularities": 0,
            "autoimmunediseases": 1,
            "fh_hypothyroidism": 0,
            "fh_hyperthyroidism": 0,
            "fh_goiter": 0,
            "fh_thyroidcancer": 1,
            "sym_fatigue": 1,
            "sym_weightchange": 0,
            "sym_dryskin": 1,
            "sym_hairloss": 0,
            "sym_heartrate": 0,
            "sym_digestion": 1,
            "sym_irregularperiods": 0,
            "sym_neckswelling": 0,
            "tsh": 0,
            "tsh_value": "",
            "t3": 0,
            "t3_value": "",
            "t4": 0,
            "t4_value": "",
            "t4_uptake": 0,
            "t4_uptake_value": "",
            "fti": 0,
            "fti_value": "",
            "tshValue": "",
            "t3Value": "",
            "t4Value": "",
            "t4-uptakeValue": "",
            "ftiValue": "",
            "Diabetes": 1,
            "HighBloodPressure": 0,
            "HighCholesterol": 0,
            "Anemia": 0,
            "DepressionAnxiety": 0,
            "HeartDisease": 0,
            "MenstrualIrregularities": 0,
            "AutoimmuneDiseases": 1,
            "FH_Hypothyroidism": 0,
            "FH_Hyperthyroidism": 0,
            "FH_Goiter": 0,
            "FH_ThyroidCancer": 1,
            "Sym_Fatigue": 1,
            "Sym_WeightChange": 0,
            "Sym_DrySkin": 1,
            "Sym_HairLoss": 0,
            "Sym_HeartRate": 0,
            "Sym_Digestion": 1,
            "Sym_IrregularPeriods": 0,
            "Sym_NeckSwelling": 0,
            "age": 22,
            "gender": 0
        },
        "prediction": "normal",
        "mode": "Symptom-Only",
        "c_score": 77,
        "shap_values": [],
        "rf_prediction": "Hypothyroid",
        "svm_prediction": "Hypothyroid",
        "gb_prediction": "Hypothyroid",
        "cnn_prediction": "Hyperthyroid"
    }
}
{
    "timestamp": "2025-11-28 15:23:18",
    "user_id": "4",
    "received_input": {
        "form_data": {
            "": "female",
            "diabetes": 1,
            "highbloodpressure": 0,
            "highcholesterol": 0,
            "anemia": 0,
            "depressionanxiety": 0,
            "heartdisease": 0,
            "menstrualirregularities": 0,
            "autoimmunediseases": 1,
            "fh_hypothyroidism": 0,
            "fh_hyperthyroidism": 0,
            "fh_goiter": 0,
            "fh_thyroidcancer": 1,
            "sym_fatigue": 1,
            "sym_weightchange": 0,
            "sym_dryskin": 1,
            "sym_hairloss": 0,
            "sym_heartrate": 0,
            "sym_digestion": 1,
            "sym_irregularperiods": 0,
            "sym_neckswelling": 0,
            "tsh": 0,
            "tsh_value": "",
            "t3": 0,
            "t3_value": "",
            "t4": 0,
            "t4_value": "",
            "t4_uptake": 0,
            "t4_uptake_value": "",
            "fti": 0,
            "fti_value": "",
            "tshValue": "",
            "t3Value": "",
            "t4Value": "",
            "t4-uptakeValue": "",
            "ftiValue": "",
            "Diabetes": 1,
            "HighBloodPressure": 0,
            "HighCholesterol": 0,
            "Anemia": 0,
            "DepressionAnxiety": 0,
            "HeartDisease": 0,
            "MenstrualIrregularities": 0,
            "AutoimmuneDiseases": 1,
            "FH_Hypothyroidism": 0,
            "FH_Hyperthyroidism": 0,
            "FH_Goiter": 0,
            "FH_ThyroidCancer": 1,
            "Sym_Fatigue": 1,
            "Sym_WeightChange": 0,
            "Sym_DrySkin": 1,
            "Sym_HairLoss": 0,
            "Sym_HeartRate": 0,
            "Sym_Digestion": 1,
            "Sym_IrregularPeriods": 0,
            "Sym_NeckSwelling": 0,
            "age": 22,
            "gender": 0
        },
        "prediction": "normal",
        "mode": "Symptom-Only",
        "c_score": 77,
        "shap_values": [],
        "rf_prediction": "Hypothyroid",
        "svm_prediction": "Hypothyroid",
        "gb_prediction": "Hypothyroid",
        "cnn_prediction": "Hyperthyroid"
    }
}
{
    "timestamp": "2025-11-28 15:31:03",
    "user_id": "4",
    "received_input": {
        "form_data": {
            "": "female",
            "diabetes": 1,
            "highbloodpressure": 0,
            "highcholesterol": 0,
            "anemia": 1,
            "depressionanxiety": 1,
            "heartdisease": 0,
            "menstrualirregularities": 0,
            "autoimmunediseases": 1,
            "fh_hypothyroidism": 0,
            "fh_hyperthyroidism": 0,
            "fh_goiter": 1,
            "fh_thyroidcancer": 1,
            "sym_fatigue": 1,
            "sym_weightchange": 0,
            "sym_dryskin": 1,
            "sym_hairloss": 1,
            "sym_heartrate": 1,
            "sym_digestion": 0,
            "sym_irregularperiods": 0,
            "sym_neckswelling": 0,
            "tsh": 0,
            "tsh_value": "",
            "t3": 0,
            "t3_value": "",
            "t4": 0,
            "t4_value": "",
            "t4_uptake": 0,
            "t4_uptake_value": "",
            "fti": 0,
            "fti_value": "",
            "tshValue": "",
            "t3Value": "",
            "t4Value": "",
            "t4-uptakeValue": "",
            "ftiValue": "",
            "Diabetes": 1,
            "HighBloodPressure": 0,
            "HighCholesterol": 0,
            "Anemia": 1,
            "DepressionAnxiety": 1,
            "HeartDisease": 0,
            "MenstrualIrregularities": 0,
            "AutoimmuneDiseases": 1,
            "FH_Hypothyroidism": 0,
            "FH_Hyperthyroidism": 0,
            "FH_Goiter": 1,
            "FH_ThyroidCancer": 1,
            "Sym_Fatigue": 1,
            "Sym_WeightChange": 0,
            "Sym_DrySkin": 1,
            "Sym_HairLoss": 1,
            "Sym_HeartRate": 1,
            "Sym_Digestion": 0,
            "Sym_IrregularPeriods": 0,
            "Sym_NeckSwelling": 0,
            "age": 22,
            "gender": 0
        },
        "prediction": "hypo",
        "mode": "Symptom-Only",
        "c_score": 80,
        "shap_values": [],
        "rf_prediction": "Hypothyroid",
        "svm_prediction": "Hypothyroid",
        "gb_prediction": "Hypothyroid",
        "cnn_prediction": "Hyperthyroid"
    }
}
{
    "timestamp": "2025-11-28 15:31:47",
    "user_id": "4",
    "received_input": {
        "form_data": {
            "": "female",
            "diabetes": 1,
            "highbloodpressure": 0,
            "highcholesterol": 0,
            "anemia": 1,
            "depressionanxiety": 1,
            "heartdisease": 1,
            "menstrualirregularities": 1,
            "autoimmunediseases": 1,
            "fh_hypothyroidism": 0,
            "fh_hyperthyroidism": 0,
            "fh_goiter": 1,
            "fh_thyroidcancer": 1,
            "sym_fatigue": 1,
            "sym_weightchange": 0,
            "sym_dryskin": 1,
            "sym_hairloss": 1,
            "sym_heartrate": 1,
            "sym_digestion": 0,
            "sym_irregularperiods": 0,
            "sym_neckswelling": 0,
            "tsh": 0,
            "tsh_value": "",
            "t3": 0,
            "t3_value": "",
            "t4": 0,
            "t4_value": "",
            "t4_uptake": 0,
            "t4_uptake_value": "",
            "fti": 0,
            "fti_value": "",
            "tshValue": "",
            "t3Value": "",
            "t4Value": "",
            "t4-uptakeValue": "",
            "ftiValue": "",
            "Diabetes": 1,
            "HighBloodPressure": 0,
            "HighCholesterol": 0,
            "Anemia": 1,
            "DepressionAnxiety": 1,
            "HeartDisease": 1,
            "MenstrualIrregularities": 1,
            "AutoimmuneDiseases": 1,
            "FH_Hypothyroidism": 0,
            "FH_Hyperthyroidism": 0,
            "FH_Goiter": 1,
            "FH_ThyroidCancer": 1,
            "Sym_Fatigue": 1,
            "Sym_WeightChange": 0,
            "Sym_DrySkin": 1,
            "Sym_HairLoss": 1,
            "Sym_HeartRate": 1,
            "Sym_Digestion": 0,
            "Sym_IrregularPeriods": 0,
            "Sym_NeckSwelling": 0,
            "age": 22,
            "gender": 0
        },
        "prediction": "hypo",
        "mode": "Symptom-Only",
        "c_score": 80,
        "shap_values": [],
        "rf_prediction": "Hypothyroid",
        "svm_prediction": "Hypothyroid",
        "gb_prediction": "Hypothyroid",
        "cnn_prediction": "Hyperthyroid"
    }
}
{
    "timestamp": "2025-11-28 15:31:57",
    "user_id": "4",
    "received_input": {
        "form_data": {
            "": "female",
            "diabetes": 1,
            "highbloodpressure": 0,
            "highcholesterol": 0,
            "anemia": 1,
            "depressionanxiety": 1,
            "heartdisease": 1,
            "menstrualirregularities": 1,
            "autoimmunediseases": 1,
            "fh_hypothyroidism": 0,
            "fh_hyperthyroidism": 0,
            "fh_goiter": 1,
            "fh_thyroidcancer": 1,
            "sym_fatigue": 1,
            "sym_weightchange": 0,
            "sym_dryskin": 1,
            "sym_hairloss": 1,
            "sym_heartrate": 1,
            "sym_digestion": 0,
            "sym_irregularperiods": 0,
            "sym_neckswelling": 0,
            "tsh": 0,
            "tsh_value": "",
            "t3": 0,
            "t3_value": "",
            "t4": 0,
            "t4_value": "",
            "t4_uptake": 1,
            "t4_uptake_value": "78",
            "fti": 0,
            "fti_value": "",
            "tshValue": "",
            "t3Value": "",
            "t4Value": "",
            "t4-uptakeValue": "78",
            "ftiValue": "",
            "Diabetes": 1,
            "HighBloodPressure": 0,
            "HighCholesterol": 0,
            "Anemia": 1,
            "DepressionAnxiety": 1,
            "HeartDisease": 1,
            "MenstrualIrregularities": 1,
            "AutoimmuneDiseases": 1,
            "FH_Hypothyroidism": 0,
            "FH_Hyperthyroidism": 0,
            "FH_Goiter": 1,
            "FH_ThyroidCancer": 1,
            "Sym_Fatigue": 1,
            "Sym_WeightChange": 0,
            "Sym_DrySkin": 1,
            "Sym_HairLoss": 1,
            "Sym_HeartRate": 1,
            "Sym_Digestion": 0,
            "Sym_IrregularPeriods": 0,
            "Sym_NeckSwelling": 0,
            "age": 22,
            "gender": 0
        },
        "prediction": "hypo",
        "mode": "Symptom-Only",
        "c_score": 80,
        "shap_values": [],
        "rf_prediction": "Hypothyroid",
        "svm_prediction": "Hypothyroid",
        "gb_prediction": "Hypothyroid",
        "cnn_prediction": "Hyperthyroid"
    }
}
{
    "timestamp": "2025-11-28 15:32:09",
    "user_id": "4",
    "received_input": {
        "form_data": {
            "": "female",
            "diabetes": 1,
            "highbloodpressure": 0,
            "highcholesterol": 0,
            "anemia": 1,
            "depressionanxiety": 1,
            "heartdisease": 1,
            "menstrualirregularities": 1,
            "autoimmunediseases": 1,
            "fh_hypothyroidism": 0,
            "fh_hyperthyroidism": 0,
            "fh_goiter": 1,
            "fh_thyroidcancer": 1,
            "sym_fatigue": 1,
            "sym_weightchange": 0,
            "sym_dryskin": 1,
            "sym_hairloss": 1,
            "sym_heartrate": 1,
            "sym_digestion": 0,
            "sym_irregularperiods": 0,
            "sym_neckswelling": 0,
            "tsh": 1,
            "tsh_value": "7",
            "t3": 0,
            "t3_value": "",
            "t4": 0,
            "t4_value": "",
            "t4_uptake": 0,
            "t4_uptake_value": "",
            "fti": 0,
            "fti_value": "",
            "tshValue": 7,
            "t3Value": "",
            "t4Value": "",
            "t4-uptakeValue": "",
            "ftiValue": "",
            "Diabetes": 1,
            "HighBloodPressure": 0,
            "HighCholesterol": 0,
            "Anemia": 1,
            "DepressionAnxiety": 1,
            "HeartDisease": 1,
            "MenstrualIrregularities": 1,
            "AutoimmuneDiseases": 1,
            "FH_Hypothyroidism": 0,
            "FH_Hyperthyroidism": 0,
            "FH_Goiter": 1,
            "FH_ThyroidCancer": 1,
            "Sym_Fatigue": 1,
            "Sym_WeightChange": 0,
            "Sym_DrySkin": 1,
            "Sym_HairLoss": 1,
            "Sym_HeartRate": 1,
            "Sym_Digestion": 0,
            "Sym_IrregularPeriods": 0,
            "Sym_NeckSwelling": 0,
            "age": 22,
            "gender": 0
        },
        "prediction": "hypo",
        "mode": "Hybrid (Lab-Assisted)",
        "c_score": 79,
        "shap_values": [],
        "rf_prediction": "Hypothyroid",
        "svm_prediction": "Hypothyroid",
        "gb_prediction": "Hypothyroid",
        "cnn_prediction": "Hyperthyroid"
    }
}
{
    "timestamp": "2025-11-28 15:32:30",
    "user_id": "4",
    "received_input": {
        "form_data": {
            "": "female",
            "diabetes": 1,
            "highbloodpressure": 0,
            "highcholesterol": 0,
            "anemia": 1,
            "depressionanxiety": 1,
            "heartdisease": 1,
            "menstrualirregularities": 1,
            "autoimmunediseases": 1,
            "fh_hypothyroidism": 0,
            "fh_hyperthyroidism": 1,
            "fh_goiter": 1,
            "fh_thyroidcancer": 1,
            "sym_fatigue": 1,
            "sym_weightchange": 0,
            "sym_dryskin": 1,
            "sym_hairloss": 1,
            "sym_heartrate": 1,
            "sym_digestion": 0,
            "sym_irregularperiods": 0,
            "sym_neckswelling": 0,
            "tsh": 0,
            "tsh_value": "",
            "t3": 0,
            "t3_value": "",
            "t4": 0,
            "t4_value": "",
            "t4_uptake": 0,
            "t4_uptake_value": "",
            "fti": 0,
            "fti_value": "",
            "tshValue": "",
            "t3Value": "",
            "t4Value": "",
            "t4-uptakeValue": "",
            "ftiValue": "",
            "Diabetes": 1,
            "HighBloodPressure": 0,
            "HighCholesterol": 0,
            "Anemia": 1,
            "DepressionAnxiety": 1,
            "HeartDisease": 1,
            "MenstrualIrregularities": 1,
            "AutoimmuneDiseases": 1,
            "FH_Hypothyroidism": 0,
            "FH_Hyperthyroidism": 1,
            "FH_Goiter": 1,
            "FH_ThyroidCancer": 1,
            "Sym_Fatigue": 1,
            "Sym_WeightChange": 0,
            "Sym_DrySkin": 1,
            "Sym_HairLoss": 1,
            "Sym_HeartRate": 1,
            "Sym_Digestion": 0,
            "Sym_IrregularPeriods": 0,
            "Sym_NeckSwelling": 0,
            "age": 22,
            "gender": 0
        },
        "prediction": "hyper",
        "mode": "Symptom-Only",
        "c_score": 76,
        "shap_values": [],
        "rf_prediction": "Hypothyroid",
        "svm_prediction": "Hyperthyroid",
        "gb_prediction": "Hypothyroid",
        "cnn_prediction": "Hyperthyroid"
    }
}
{
    "timestamp": "2025-11-28 15:41:14",
    "user_id": "4",
    "received_input": {
        "form_data": {
            "": "female",
            "diabetes": 0,
            "highbloodpressure": 1,
            "highcholesterol": 1,
            "anemia": 0,
            "depressionanxiety": 0,
            "heartdisease": 0,
            "menstrualirregularities": 0,
            "autoimmunediseases": 0,
            "fh_hypothyroidism": 1,
            "fh_hyperthyroidism": 0,
            "fh_goiter": 0,
            "fh_thyroidcancer": 0,
            "sym_fatigue": 0,
            "sym_weightchange": 0,
            "sym_dryskin": 0,
            "sym_hairloss": 0,
            "sym_heartrate": 0,
            "sym_digestion": 0,
            "sym_irregularperiods": 0,
            "sym_neckswelling": 0,
            "tsh": 1,
            "tsh_value": "1.8",
            "t3": 1,
            "t3_value": "155",
            "t4": 1,
            "t4_value": "7.9",
            "t4_uptake": 1,
            "t4_uptake_value": "1.1",
            "fti": 1,
            "fti_value": "7.1",
            "tshValue": 1.8,
            "t3Value": 155,
            "t4Value": 7.9,
            "t4-uptakeValue": "1.1",
            "ftiValue": 7.1,
            "Diabetes": 0,
            "HighBloodPressure": 1,
            "HighCholesterol": 1,
            "Anemia": 0,
            "DepressionAnxiety": 0,
            "HeartDisease": 0,
            "MenstrualIrregularities": 0,
            "AutoimmuneDiseases": 0,
            "FH_Hypothyroidism": 1,
            "FH_Hyperthyroidism": 0,
            "FH_Goiter": 0,
            "FH_ThyroidCancer": 0,
            "Sym_Fatigue": 0,
            "Sym_WeightChange": 0,
            "Sym_DrySkin": 0,
            "Sym_HairLoss": 0,
            "Sym_HeartRate": 0,
            "Sym_Digestion": 0,
            "Sym_IrregularPeriods": 0,
            "Sym_NeckSwelling": 0,
            "age": 22,
            "gender": 0
        },
        "prediction": "normal",
        "mode": "Hybrid (Lab-Assisted)",
        "c_score": 95,
        "shap_values": [],
        "rf_prediction": "Normal",
        "svm_prediction": "Normal",
        "gb_prediction": "Normal",
        "cnn_prediction": "Hyperthyroid"
    }
}
{
    "timestamp": "2025-11-28 15:44:21",
    "user_id": "4",
    "received_input": {
        "form_data": {
            "": "female",
            "diabetes": 0,
            "highbloodpressure": 1,
            "highcholesterol": 1,
            "anemia": 0,
            "depressionanxiety": 0,
            "heartdisease": 0,
            "menstrualirregularities": 0,
            "autoimmunediseases": 0,
            "fh_hypothyroidism": 1,
            "fh_hyperthyroidism": 0,
            "fh_goiter": 0,
            "fh_thyroidcancer": 0,
            "sym_fatigue": 1,
            "sym_weightchange": 0,
            "sym_dryskin": 0,
            "sym_hairloss": 0,
            "sym_heartrate": 0,
            "sym_digestion": 0,
            "sym_irregularperiods": 0,
            "sym_neckswelling": 0,
            "tsh": 1,
            "tsh_value": "1.8",
            "t3": 1,
            "t3_value": "155",
            "t4": 1,
            "t4_value": "7.9",
            "t4_uptake": 1,
            "t4_uptake_value": "1.1",
            "fti": 1,
            "fti_value": "7.1",
            "tshValue": 1.8,
            "t3Value": 155,
            "t4Value": 7.9,
            "t4-uptakeValue": "1.1",
            "ftiValue": 7.1,
            "Diabetes": 0,
            "HighBloodPressure": 1,
            "HighCholesterol": 1,
            "Anemia": 0,
            "DepressionAnxiety": 0,
            "HeartDisease": 0,
            "MenstrualIrregularities": 0,
            "AutoimmuneDiseases": 0,
            "FH_Hypothyroidism": 1,
            "FH_Hyperthyroidism": 0,
            "FH_Goiter": 0,
            "FH_ThyroidCancer": 0,
            "Sym_Fatigue": 1,
            "Sym_WeightChange": 0,
            "Sym_DrySkin": 0,
            "Sym_HairLoss": 0,
            "Sym_HeartRate": 0,
            "Sym_Digestion": 0,
            "Sym_IrregularPeriods": 0,
            "Sym_NeckSwelling": 0,
            "age": 22,
            "gender": 0
        },
        "prediction": "normal",
        "mode": "Hybrid (Lab-Assisted)",
        "c_score": 91,
        "shap_values": [],
        "rf_prediction": "Normal",
        "svm_prediction": "Normal",
        "gb_prediction": "Normal",
        "cnn_prediction": "Hyperthyroid"
    }
}
{
    "timestamp": "2025-11-28 15:48:01",
    "user_id": "4",
    "received_input": {
        "form_data": {
            "": "female",
            "diabetes": 0,
            "highbloodpressure": 1,
            "highcholesterol": 1,
            "anemia": 0,
            "depressionanxiety": 0,
            "heartdisease": 0,
            "menstrualirregularities": 0,
            "autoimmunediseases": 0,
            "fh_hypothyroidism": 1,
            "fh_hyperthyroidism": 0,
            "fh_goiter": 0,
            "fh_thyroidcancer": 0,
            "sym_fatigue": 1,
            "sym_weightchange": 0,
            "sym_dryskin": 0,
            "sym_hairloss": 0,
            "sym_heartrate": 0,
            "sym_digestion": 0,
            "sym_irregularperiods": 0,
            "sym_neckswelling": 0,
            "tsh": 1,
            "tsh_value": "1.8",
            "t3": 1,
            "t3_value": "155",
            "t4": 1,
            "t4_value": "7.9",
            "t4_uptake": 1,
            "t4_uptake_value": "1.1",
            "fti": 1,
            "fti_value": "7.1",
            "tshValue": 1.8,
            "t3Value": 155,
            "t4Value": 7.9,
            "t4-uptakeValue": "1.1",
            "ftiValue": 7.1,
            "Diabetes": 0,
            "HighBloodPressure": 1,
            "HighCholesterol": 1,
            "Anemia": 0,
            "DepressionAnxiety": 0,
            "HeartDisease": 0,
            "MenstrualIrregularities": 0,
            "AutoimmuneDiseases": 0,
            "FH_Hypothyroidism": 1,
            "FH_Hyperthyroidism": 0,
            "FH_Goiter": 0,
            "FH_ThyroidCancer": 0,
            "Sym_Fatigue": 1,
            "Sym_WeightChange": 0,
            "Sym_DrySkin": 0,
            "Sym_HairLoss": 0,
            "Sym_HeartRate": 0,
            "Sym_Digestion": 0,
            "Sym_IrregularPeriods": 0,
            "Sym_NeckSwelling": 0,
            "age": 22,
            "gender": 0
        },
        "prediction": "normal",
        "mode": "Hybrid (Lab-Assisted)",
        "c_score": 91,
        "shap_values": [],
        "rf_prediction": "Normal",
        "svm_prediction": "Normal",
        "gb_prediction": "Normal",
        "cnn_prediction": "Hyperthyroid"
    }
}
{
    "timestamp": "2025-11-28 15:48:09",
    "user_id": "4",
    "received_input": {
        "form_data": {
            "": "female",
            "diabetes": 0,
            "highbloodpressure": 1,
            "highcholesterol": 1,
            "anemia": 0,
            "depressionanxiety": 0,
            "heartdisease": 0,
            "menstrualirregularities": 0,
            "autoimmunediseases": 0,
            "fh_hypothyroidism": 1,
            "fh_hyperthyroidism": 0,
            "fh_goiter": 0,
            "fh_thyroidcancer": 0,
            "sym_fatigue": 1,
            "sym_weightchange": 0,
            "sym_dryskin": 0,
            "sym_hairloss": 0,
            "sym_heartrate": 0,
            "sym_digestion": 0,
            "sym_irregularperiods": 0,
            "sym_neckswelling": 0,
            "tsh": 1,
            "tsh_value": "1.8",
            "t3": 1,
            "t3_value": "155",
            "t4": 1,
            "t4_value": "7.9",
            "t4_uptake": 1,
            "t4_uptake_value": "1.1",
            "fti": 1,
            "fti_value": "7.1",
            "tshValue": 1.8,
            "t3Value": 155,
            "t4Value": 7.9,
            "t4-uptakeValue": "1.1",
            "ftiValue": 7.1,
            "Diabetes": 0,
            "HighBloodPressure": 1,
            "HighCholesterol": 1,
            "Anemia": 0,
            "DepressionAnxiety": 0,
            "HeartDisease": 0,
            "MenstrualIrregularities": 0,
            "AutoimmuneDiseases": 0,
            "FH_Hypothyroidism": 1,
            "FH_Hyperthyroidism": 0,
            "FH_Goiter": 0,
            "FH_ThyroidCancer": 0,
            "Sym_Fatigue": 1,
            "Sym_WeightChange": 0,
            "Sym_DrySkin": 0,
            "Sym_HairLoss": 0,
            "Sym_HeartRate": 0,
            "Sym_Digestion": 0,
            "Sym_IrregularPeriods": 0,
            "Sym_NeckSwelling": 0,
            "age": 22,
            "gender": 0
        },
        "prediction": "normal",
        "mode": "Hybrid (Lab-Assisted)",
        "c_score": 91,
        "shap_values": [],
        "rf_prediction": "Normal",
        "svm_prediction": "Normal",
        "gb_prediction": "Normal",
        "cnn_prediction": "Hyperthyroid"
    }
}
{
    "timestamp": "2025-11-28 15:51:28",
    "user_id": "4",
    "received_input": {
        "form_data": {
            "": "female",
            "diabetes": 0,
            "highbloodpressure": 1,
            "highcholesterol": 1,
            "anemia": 0,
            "depressionanxiety": 0,
            "heartdisease": 0,
            "menstrualirregularities": 0,
            "autoimmunediseases": 0,
            "fh_hypothyroidism": 1,
            "fh_hyperthyroidism": 0,
            "fh_goiter": 0,
            "fh_thyroidcancer": 0,
            "sym_fatigue": 1,
            "sym_weightchange": 0,
            "sym_dryskin": 0,
            "sym_hairloss": 0,
            "sym_heartrate": 0,
            "sym_digestion": 0,
            "sym_irregularperiods": 0,
            "sym_neckswelling": 0,
            "tsh": 1,
            "tsh_value": "1.6",
            "t3": 1,
            "t3_value": "130",
            "t4": 1,
            "t4_value": "9.2",
            "t4_uptake": 1,
            "t4_uptake_value": "11",
            "fti": 1,
            "fti_value": "10.1",
            "tshValue": 1.6,
            "t3Value": 130,
            "t4Value": 9.2,
            "t4-uptakeValue": "11",
            "ftiValue": 10.1,
            "Diabetes": 0,
            "HighBloodPressure": 1,
            "HighCholesterol": 1,
            "Anemia": 0,
            "DepressionAnxiety": 0,
            "HeartDisease": 0,
            "MenstrualIrregularities": 0,
            "AutoimmuneDiseases": 0,
            "FH_Hypothyroidism": 1,
            "FH_Hyperthyroidism": 0,
            "FH_Goiter": 0,
            "FH_ThyroidCancer": 0,
            "Sym_Fatigue": 1,
            "Sym_WeightChange": 0,
            "Sym_DrySkin": 0,
            "Sym_HairLoss": 0,
            "Sym_HeartRate": 0,
            "Sym_Digestion": 0,
            "Sym_IrregularPeriods": 0,
            "Sym_NeckSwelling": 0,
            "age": 22,
            "gender": 0
        },
        "prediction": "normal",
        "mode": "Hybrid (Lab-Assisted)",
        "c_score": 90,
        "shap_values": [],
        "rf_prediction": "Normal",
        "svm_prediction": "Normal",
        "gb_prediction": "Normal",
        "cnn_prediction": "Hyperthyroid"
    }
}
{
    "timestamp": "2025-11-28 15:52:50",
    "user_id": "4",
    "received_input": {
        "form_data": {
            "": "female",
            "diabetes": 0,
            "highbloodpressure": 1,
            "highcholesterol": 1,
            "anemia": 0,
            "depressionanxiety": 0,
            "heartdisease": 0,
            "menstrualirregularities": 0,
            "autoimmunediseases": 0,
            "fh_hypothyroidism": 1,
            "fh_hyperthyroidism": 0,
            "fh_goiter": 0,
            "fh_thyroidcancer": 0,
            "sym_fatigue": 1,
            "sym_weightchange": 0,
            "sym_dryskin": 0,
            "sym_hairloss": 0,
            "sym_heartrate": 0,
            "sym_digestion": 0,
            "sym_irregularperiods": 0,
            "sym_neckswelling": 0,
            "tsh": 1,
            "tsh_value": "1.6",
            "t3": 1,
            "t3_value": "130",
            "t4": 1,
            "t4_value": "9.2",
            "t4_uptake": 1,
            "t4_uptake_value": "11",
            "fti": 1,
            "fti_value": "10.1",
            "tshValue": 1.6,
            "t3Value": 130,
            "t4Value": 9.2,
            "t4-uptakeValue": "11",
            "ftiValue": 10.1,
            "Diabetes": 0,
            "HighBloodPressure": 1,
            "HighCholesterol": 1,
            "Anemia": 0,
            "DepressionAnxiety": 0,
            "HeartDisease": 0,
            "MenstrualIrregularities": 0,
            "AutoimmuneDiseases": 0,
            "FH_Hypothyroidism": 1,
            "FH_Hyperthyroidism": 0,
            "FH_Goiter": 0,
            "FH_ThyroidCancer": 0,
            "Sym_Fatigue": 1,
            "Sym_WeightChange": 0,
            "Sym_DrySkin": 0,
            "Sym_HairLoss": 0,
            "Sym_HeartRate": 0,
            "Sym_Digestion": 0,
            "Sym_IrregularPeriods": 0,
            "Sym_NeckSwelling": 0,
            "age": 22,
            "gender": 0
        },
        "prediction": "normal",
        "mode": "Hybrid (Lab-Assisted)",
        "c_score": 90,
        "shap_values": [],
        "rf_prediction": "Normal",
        "svm_prediction": "Normal",
        "gb_prediction": "Normal",
        "cnn_prediction": "Hyperthyroid"
    }
}
{
    "timestamp": "2025-11-28 15:53:10",
    "user_id": "4",
    "received_input": {
        "form_data": {
            "": "female",
            "diabetes": 1,
            "highbloodpressure": 1,
            "highcholesterol": 1,
            "anemia": 1,
            "depressionanxiety": 1,
            "heartdisease": 1,
            "menstrualirregularities": 1,
            "autoimmunediseases": 1,
            "fh_hypothyroidism": 1,
            "fh_hyperthyroidism": 1,
            "fh_goiter": 1,
            "fh_thyroidcancer": 1,
            "sym_fatigue": 1,
            "sym_weightchange": 1,
            "sym_dryskin": 1,
            "sym_hairloss": 1,
            "sym_heartrate": 1,
            "sym_digestion": 1,
            "sym_irregularperiods": 1,
            "sym_neckswelling": 1,
            "tsh": 0,
            "tsh_value": "",
            "t3": 0,
            "t3_value": "",
            "t4": 0,
            "t4_value": "",
            "t4_uptake": 0,
            "t4_uptake_value": "",
            "fti": 0,
            "fti_value": "",
            "tshValue": "",
            "t3Value": "",
            "t4Value": "",
            "t4-uptakeValue": "",
            "ftiValue": "",
            "Diabetes": 1,
            "HighBloodPressure": 1,
            "HighCholesterol": 1,
            "Anemia": 1,
            "DepressionAnxiety": 1,
            "HeartDisease": 1,
            "MenstrualIrregularities": 1,
            "AutoimmuneDiseases": 1,
            "FH_Hypothyroidism": 1,
            "FH_Hyperthyroidism": 1,
            "FH_Goiter": 1,
            "FH_ThyroidCancer": 1,
            "Sym_Fatigue": 1,
            "Sym_WeightChange": 1,
            "Sym_DrySkin": 1,
            "Sym_HairLoss": 1,
            "Sym_HeartRate": 1,
            "Sym_Digestion": 1,
            "Sym_IrregularPeriods": 1,
            "Sym_NeckSwelling": 1,
            "age": 22,
            "gender": 0
        },
        "prediction": "hypo",
        "mode": "Symptom-Only",
        "c_score": 85,
        "shap_values": [],
        "rf_prediction": "Hyperthyroid",
        "svm_prediction": "Hypothyroid",
        "gb_prediction": "Hyperthyroid",
        "cnn_prediction": "Hyperthyroid"
    }
}
{
    "timestamp": "2025-11-28 15:53:44",
    "user_id": "4",
    "received_input": {
        "form_data": {
            "": "female",
            "diabetes": 1,
            "highbloodpressure": 1,
            "highcholesterol": 1,
            "anemia": 1,
            "depressionanxiety": 1,
            "heartdisease": 1,
            "menstrualirregularities": 1,
            "autoimmunediseases": 1,
            "fh_hypothyroidism": 1,
            "fh_hyperthyroidism": 1,
            "fh_goiter": 1,
            "fh_thyroidcancer": 1,
            "sym_fatigue": 1,
            "sym_weightchange": 1,
            "sym_dryskin": 1,
            "sym_hairloss": 1,
            "sym_heartrate": 1,
            "sym_digestion": 1,
            "sym_irregularperiods": 1,
            "sym_neckswelling": 1,
            "tsh": 0,
            "tsh_value": "",
            "t3": 0,
            "t3_value": "",
            "t4": 0,
            "t4_value": "",
            "t4_uptake": 0,
            "t4_uptake_value": "",
            "fti": 0,
            "fti_value": "",
            "tshValue": "",
            "t3Value": "",
            "t4Value": "",
            "t4-uptakeValue": "",
            "ftiValue": "",
            "Diabetes": 1,
            "HighBloodPressure": 1,
            "HighCholesterol": 1,
            "Anemia": 1,
            "DepressionAnxiety": 1,
            "HeartDisease": 1,
            "MenstrualIrregularities": 1,
            "AutoimmuneDiseases": 1,
            "FH_Hypothyroidism": 1,
            "FH_Hyperthyroidism": 1,
            "FH_Goiter": 1,
            "FH_ThyroidCancer": 1,
            "Sym_Fatigue": 1,
            "Sym_WeightChange": 1,
            "Sym_DrySkin": 1,
            "Sym_HairLoss": 1,
            "Sym_HeartRate": 1,
            "Sym_Digestion": 1,
            "Sym_IrregularPeriods": 1,
            "Sym_NeckSwelling": 1,
            "age": 22,
            "gender": 0
        },
        "prediction": "hypo",
        "mode": "Symptom-Only",
        "c_score": 85,
        "shap_values": [],
        "rf_prediction": "Hyperthyroid",
        "svm_prediction": "Hypothyroid",
        "gb_prediction": "Hyperthyroid",
        "cnn_prediction": "Hyperthyroid"
    }
}
{
    "timestamp": "2025-11-28 16:10:06",
    "user_id": "4",
    "received_input": {
        "form_data": {
            "": "female",
            "diabetes": 0,
            "highbloodpressure": 0,
            "highcholesterol": 0,
            "anemia": 0,
            "depressionanxiety": 1,
            "heartdisease": 0,
            "menstrualirregularities": 1,
            "autoimmunediseases": 1,
            "fh_hypothyroidism": 0,
            "fh_hyperthyroidism": 1,
            "fh_goiter": 1,
            "fh_thyroidcancer": 0,
            "sym_fatigue": 1,
            "sym_weightchange": 1,
            "sym_dryskin": 0,
            "sym_hairloss": 1,
            "sym_heartrate": 1,
            "sym_digestion": 1,
            "sym_irregularperiods": 1,
            "sym_neckswelling": 1,
            "tsh": 1,
            "tsh_value": "0.03",
            "t3": 1,
            "t3_value": "210",
            "t4": 1,
            "t4_value": "15.5",
            "t4_uptake": 1,
            "t4_uptake_value": "1.5",
            "fti": 1,
            "fti_value": "23.2",
            "tshValue": 0.03,
            "t3Value": 210,
            "t4Value": 15.5,
            "t4-uptakeValue": "1.5",
            "ftiValue": 23.2,
            "Diabetes": 0,
            "HighBloodPressure": 0,
            "HighCholesterol": 0,
            "Anemia": 0,
            "DepressionAnxiety": 1,
            "HeartDisease": 0,
            "MenstrualIrregularities": 1,
            "AutoimmuneDiseases": 1,
            "FH_Hypothyroidism": 0,
            "FH_Hyperthyroidism": 1,
            "FH_Goiter": 1,
            "FH_ThyroidCancer": 0,
            "Sym_Fatigue": 1,
            "Sym_WeightChange": 1,
            "Sym_DrySkin": 0,
            "Sym_HairLoss": 1,
            "Sym_HeartRate": 1,
            "Sym_Digestion": 1,
            "Sym_IrregularPeriods": 1,
            "Sym_NeckSwelling": 1,
            "age": 22,
            "gender": 0
        },
        "prediction": "hyper",
        "mode": "Hybrid (Lab-Assisted)",
        "c_score": 96,
        "shap_values": [],
        "rf_prediction": "Hyperthyroid",
        "svm_prediction": "Hyperthyroid",
        "gb_prediction": "Hyperthyroid",
        "cnn_prediction": "Hyperthyroid"
    }
}
{
    "timestamp": "2025-11-28 16:10:54",
    "user_id": "4",
    "received_input": {
        "form_data": {
            "": "female",
            "diabetes": 0,
            "highbloodpressure": 0,
            "highcholesterol": 0,
            "anemia": 0,
            "depressionanxiety": 1,
            "heartdisease": 0,
            "menstrualirregularities": 1,
            "autoimmunediseases": 1,
            "fh_hypothyroidism": 0,
            "fh_hyperthyroidism": 1,
            "fh_goiter": 1,
            "fh_thyroidcancer": 0,
            "sym_fatigue": 1,
            "sym_weightchange": 1,
            "sym_dryskin": 0,
            "sym_hairloss": 1,
            "sym_heartrate": 1,
            "sym_digestion": 1,
            "sym_irregularperiods": 1,
            "sym_neckswelling": 1,
            "tsh": 0,
            "tsh_value": "",
            "t3": 0,
            "t3_value": "",
            "t4": 0,
            "t4_value": "",
            "t4_uptake": 0,
            "t4_uptake_value": "",
            "fti": 0,
            "fti_value": "",
            "tshValue": "",
            "t3Value": "",
            "t4Value": "",
            "t4-uptakeValue": "",
            "ftiValue": "",
            "Diabetes": 0,
            "HighBloodPressure": 0,
            "HighCholesterol": 0,
            "Anemia": 0,
            "DepressionAnxiety": 1,
            "HeartDisease": 0,
            "MenstrualIrregularities": 1,
            "AutoimmuneDiseases": 1,
            "FH_Hypothyroidism": 0,
            "FH_Hyperthyroidism": 1,
            "FH_Goiter": 1,
            "FH_ThyroidCancer": 0,
            "Sym_Fatigue": 1,
            "Sym_WeightChange": 1,
            "Sym_DrySkin": 0,
            "Sym_HairLoss": 1,
            "Sym_HeartRate": 1,
            "Sym_Digestion": 1,
            "Sym_IrregularPeriods": 1,
            "Sym_NeckSwelling": 1,
            "age": 22,
            "gender": 0
        },
        "prediction": "hyper",
        "mode": "Symptom-Only",
        "c_score": 93,
        "shap_values": [],
        "rf_prediction": "Hyperthyroid",
        "svm_prediction": "Hyperthyroid",
        "gb_prediction": "Hyperthyroid",
        "cnn_prediction": "Hyperthyroid"
    }
}
{
    "timestamp": "2025-11-28 16:12:33",
    "user_id": "4",
    "received_input": {
        "form_data": {
            "": "female",
            "diabetes": 0,
            "highbloodpressure": 0,
            "highcholesterol": 0,
            "anemia": 0,
            "depressionanxiety": 1,
            "heartdisease": 0,
            "menstrualirregularities": 1,
            "autoimmunediseases": 1,
            "fh_hypothyroidism": 0,
            "fh_hyperthyroidism": 0,
            "fh_goiter": 1,
            "fh_thyroidcancer": 0,
            "sym_fatigue": 1,
            "sym_weightchange": 1,
            "sym_dryskin": 0,
            "sym_hairloss": 1,
            "sym_heartrate": 1,
            "sym_digestion": 1,
            "sym_irregularperiods": 1,
            "sym_neckswelling": 1,
            "tsh": 0,
            "tsh_value": "",
            "t3": 0,
            "t3_value": "",
            "t4": 0,
            "t4_value": "",
            "t4_uptake": 0,
            "t4_uptake_value": "",
            "fti": 0,
            "fti_value": "",
            "tshValue": "",
            "t3Value": "",
            "t4Value": "",
            "t4-uptakeValue": "",
            "ftiValue": "",
            "Diabetes": 0,
            "HighBloodPressure": 0,
            "HighCholesterol": 0,
            "Anemia": 0,
            "DepressionAnxiety": 1,
            "HeartDisease": 0,
            "MenstrualIrregularities": 1,
            "AutoimmuneDiseases": 1,
            "FH_Hypothyroidism": 0,
            "FH_Hyperthyroidism": 0,
            "FH_Goiter": 1,
            "FH_ThyroidCancer": 0,
            "Sym_Fatigue": 1,
            "Sym_WeightChange": 1,
            "Sym_DrySkin": 0,
            "Sym_HairLoss": 1,
            "Sym_HeartRate": 1,
            "Sym_Digestion": 1,
            "Sym_IrregularPeriods": 1,
            "Sym_NeckSwelling": 1,
            "age": 22,
            "gender": 0
        },
        "prediction": "hyper",
        "mode": "Symptom-Only",
        "c_score": 93,
        "shap_values": [],
        "rf_prediction": "Hyperthyroid",
        "svm_prediction": "Hyperthyroid",
        "gb_prediction": "Hyperthyroid",
        "cnn_prediction": "Hyperthyroid"
    }
}
{
    "timestamp": "2025-11-28 16:12:38",
    "user_id": "4",
    "received_input": {
        "form_data": {
            "": "female",
            "diabetes": 0,
            "highbloodpressure": 0,
            "highcholesterol": 0,
            "anemia": 0,
            "depressionanxiety": 1,
            "heartdisease": 0,
            "menstrualirregularities": 1,
            "autoimmunediseases": 1,
            "fh_hypothyroidism": 0,
            "fh_hyperthyroidism": 1,
            "fh_goiter": 1,
            "fh_thyroidcancer": 0,
            "sym_fatigue": 1,
            "sym_weightchange": 1,
            "sym_dryskin": 0,
            "sym_hairloss": 1,
            "sym_heartrate": 1,
            "sym_digestion": 1,
            "sym_irregularperiods": 1,
            "sym_neckswelling": 1,
            "tsh": 0,
            "tsh_value": "",
            "t3": 0,
            "t3_value": "",
            "t4": 0,
            "t4_value": "",
            "t4_uptake": 0,
            "t4_uptake_value": "",
            "fti": 0,
            "fti_value": "",
            "tshValue": "",
            "t3Value": "",
            "t4Value": "",
            "t4-uptakeValue": "",
            "ftiValue": "",
            "Diabetes": 0,
            "HighBloodPressure": 0,
            "HighCholesterol": 0,
            "Anemia": 0,
            "DepressionAnxiety": 1,
            "HeartDisease": 0,
            "MenstrualIrregularities": 1,
            "AutoimmuneDiseases": 1,
            "FH_Hypothyroidism": 0,
            "FH_Hyperthyroidism": 1,
            "FH_Goiter": 1,
            "FH_ThyroidCancer": 0,
            "Sym_Fatigue": 1,
            "Sym_WeightChange": 1,
            "Sym_DrySkin": 0,
            "Sym_HairLoss": 1,
            "Sym_HeartRate": 1,
            "Sym_Digestion": 1,
            "Sym_IrregularPeriods": 1,
            "Sym_NeckSwelling": 1,
            "age": 22,
            "gender": 0
        },
        "prediction": "hyper",
        "mode": "Symptom-Only",
        "c_score": 93,
        "shap_values": [],
        "rf_prediction": "Hyperthyroid",
        "svm_prediction": "Hyperthyroid",
        "gb_prediction": "Hyperthyroid",
        "cnn_prediction": "Hyperthyroid"
    }
}
{
    "timestamp": "2025-11-28 16:12:45",
    "user_id": "4",
    "received_input": {
        "form_data": {
            "": "female",
            "diabetes": 0,
            "highbloodpressure": 0,
            "highcholesterol": 0,
            "anemia": 0,
            "depressionanxiety": 1,
            "heartdisease": 0,
            "menstrualirregularities": 1,
            "autoimmunediseases": 1,
            "fh_hypothyroidism": 0,
            "fh_hyperthyroidism": 1,
            "fh_goiter": 1,
            "fh_thyroidcancer": 0,
            "sym_fatigue": 1,
            "sym_weightchange": 1,
            "sym_dryskin": 0,
            "sym_hairloss": 1,
            "sym_heartrate": 1,
            "sym_digestion": 1,
            "sym_irregularperiods": 1,
            "sym_neckswelling": 1,
            "tsh": 0,
            "tsh_value": "",
            "t3": 0,
            "t3_value": "",
            "t4": 0,
            "t4_value": "",
            "t4_uptake": 0,
            "t4_uptake_value": "",
            "fti": 0,
            "fti_value": "",
            "tshValue": "",
            "t3Value": "",
            "t4Value": "",
            "t4-uptakeValue": "",
            "ftiValue": "",
            "Diabetes": 0,
            "HighBloodPressure": 0,
            "HighCholesterol": 0,
            "Anemia": 0,
            "DepressionAnxiety": 1,
            "HeartDisease": 0,
            "MenstrualIrregularities": 1,
            "AutoimmuneDiseases": 1,
            "FH_Hypothyroidism": 0,
            "FH_Hyperthyroidism": 1,
            "FH_Goiter": 1,
            "FH_ThyroidCancer": 0,
            "Sym_Fatigue": 1,
            "Sym_WeightChange": 1,
            "Sym_DrySkin": 0,
            "Sym_HairLoss": 1,
            "Sym_HeartRate": 1,
            "Sym_Digestion": 1,
            "Sym_IrregularPeriods": 1,
            "Sym_NeckSwelling": 1,
            "age": 22,
            "gender": 0
        },
        "prediction": "hyper",
        "mode": "Symptom-Only",
        "c_score": 93,
        "shap_values": [],
        "rf_prediction": "Hyperthyroid",
        "svm_prediction": "Hyperthyroid",
        "gb_prediction": "Hyperthyroid",
        "cnn_prediction": "Hyperthyroid"
    }
}
{
    "timestamp": "2025-11-28 16:17:17",
    "user_id": "4",
    "received_input": {
        "form_data": {
            "": "female",
            "diabetes": 0,
            "highbloodpressure": 0,
            "highcholesterol": 1,
            "anemia": 1,
            "depressionanxiety": 0,
            "heartdisease": 0,
            "menstrualirregularities": 0,
            "autoimmunediseases": 1,
            "fh_hypothyroidism": 1,
            "fh_hyperthyroidism": 0,
            "fh_goiter": 1,
            "fh_thyroidcancer": 0,
            "sym_fatigue": 1,
            "sym_weightchange": 1,
            "sym_dryskin": 1,
            "sym_hairloss": 1,
            "sym_heartrate": 0,
            "sym_digestion": 1,
            "sym_irregularperiods": 0,
            "sym_neckswelling": 1,
            "tsh": 0,
            "tsh_value": "",
            "t3": 0,
            "t3_value": "",
            "t4": 0,
            "t4_value": "",
            "t4_uptake": 0,
            "t4_uptake_value": "",
            "fti": 0,
            "fti_value": "",
            "tshValue": "",
            "t3Value": "",
            "t4Value": "",
            "t4-uptakeValue": "",
            "ftiValue": "",
            "Diabetes": 0,
            "HighBloodPressure": 0,
            "HighCholesterol": 1,
            "Anemia": 1,
            "DepressionAnxiety": 0,
            "HeartDisease": 0,
            "MenstrualIrregularities": 0,
            "AutoimmuneDiseases": 1,
            "FH_Hypothyroidism": 1,
            "FH_Hyperthyroidism": 0,
            "FH_Goiter": 1,
            "FH_ThyroidCancer": 0,
            "Sym_Fatigue": 1,
            "Sym_WeightChange": 1,
            "Sym_DrySkin": 1,
            "Sym_HairLoss": 1,
            "Sym_HeartRate": 0,
            "Sym_Digestion": 1,
            "Sym_IrregularPeriods": 0,
            "Sym_NeckSwelling": 1,
            "age": 22,
            "gender": 0
        },
        "prediction": "hypo",
        "mode": "Symptom-Only",
        "c_score": 82,
        "shap_values": [],
        "rf_prediction": "Hypothyroid",
        "svm_prediction": "Hypothyroid",
        "gb_prediction": "Hypothyroid",
        "cnn_prediction": "Hyperthyroid"
    }
}
{
    "timestamp": "2025-11-28 16:18:01",
    "user_id": "4",
    "received_input": {
        "form_data": {
            "": "female",
            "diabetes": 0,
            "highbloodpressure": 0,
            "highcholesterol": 1,
            "anemia": 1,
            "depressionanxiety": 0,
            "heartdisease": 0,
            "menstrualirregularities": 0,
            "autoimmunediseases": 1,
            "fh_hypothyroidism": 1,
            "fh_hyperthyroidism": 0,
            "fh_goiter": 1,
            "fh_thyroidcancer": 0,
            "sym_fatigue": 1,
            "sym_weightchange": 1,
            "sym_dryskin": 1,
            "sym_hairloss": 1,
            "sym_heartrate": 0,
            "sym_digestion": 1,
            "sym_irregularperiods": 0,
            "sym_neckswelling": 1,
            "tsh": 1,
            "tsh_value": "9.8",
            "t3": 1,
            "t3_value": "60",
            "t4": 1,
            "t4_value": "4.1",
            "t4_uptake": 1,
            "t4_uptake_value": "0.7",
            "fti": 1,
            "fti_value": "2.9",
            "tshValue": 9.8,
            "t3Value": 60,
            "t4Value": 4.1,
            "t4-uptakeValue": "0.7",
            "ftiValue": 2.9,
            "Diabetes": 0,
            "HighBloodPressure": 0,
            "HighCholesterol": 1,
            "Anemia": 1,
            "DepressionAnxiety": 0,
            "HeartDisease": 0,
            "MenstrualIrregularities": 0,
            "AutoimmuneDiseases": 1,
            "FH_Hypothyroidism": 1,
            "FH_Hyperthyroidism": 0,
            "FH_Goiter": 1,
            "FH_ThyroidCancer": 0,
            "Sym_Fatigue": 1,
            "Sym_WeightChange": 1,
            "Sym_DrySkin": 1,
            "Sym_HairLoss": 1,
            "Sym_HeartRate": 0,
            "Sym_Digestion": 1,
            "Sym_IrregularPeriods": 0,
            "Sym_NeckSwelling": 1,
            "age": 22,
            "gender": 0
        },
        "prediction": "hypo",
        "mode": "Hybrid (Lab-Assisted)",
        "c_score": 92,
        "shap_values": [],
        "rf_prediction": "Hypothyroid",
        "svm_prediction": "Hypothyroid",
        "gb_prediction": "Hypothyroid",
        "cnn_prediction": "Hyperthyroid"
    }
}
{
    "timestamp": "2025-11-28 16:18:15",
    "user_id": "4",
    "received_input": {
        "form_data": {
            "": "female",
            "diabetes": 0,
            "highbloodpressure": 0,
            "highcholesterol": 1,
            "anemia": 1,
            "depressionanxiety": 0,
            "heartdisease": 0,
            "menstrualirregularities": 0,
            "autoimmunediseases": 1,
            "fh_hypothyroidism": 1,
            "fh_hyperthyroidism": 0,
            "fh_goiter": 1,
            "fh_thyroidcancer": 0,
            "sym_fatigue": 1,
            "sym_weightchange": 1,
            "sym_dryskin": 1,
            "sym_hairloss": 1,
            "sym_heartrate": 0,
            "sym_digestion": 1,
            "sym_irregularperiods": 0,
            "sym_neckswelling": 1,
            "tsh": 0,
            "tsh_value": "",
            "t3": 0,
            "t3_value": "",
            "t4": 0,
            "t4_value": "",
            "t4_uptake": 0,
            "t4_uptake_value": "",
            "fti": 0,
            "fti_value": "",
            "tshValue": "",
            "t3Value": "",
            "t4Value": "",
            "t4-uptakeValue": "",
            "ftiValue": "",
            "Diabetes": 0,
            "HighBloodPressure": 0,
            "HighCholesterol": 1,
            "Anemia": 1,
            "DepressionAnxiety": 0,
            "HeartDisease": 0,
            "MenstrualIrregularities": 0,
            "AutoimmuneDiseases": 1,
            "FH_Hypothyroidism": 1,
            "FH_Hyperthyroidism": 0,
            "FH_Goiter": 1,
            "FH_ThyroidCancer": 0,
            "Sym_Fatigue": 1,
            "Sym_WeightChange": 1,
            "Sym_DrySkin": 1,
            "Sym_HairLoss": 1,
            "Sym_HeartRate": 0,
            "Sym_Digestion": 1,
            "Sym_IrregularPeriods": 0,
            "Sym_NeckSwelling": 1,
            "age": 22,
            "gender": 0
        },
        "prediction": "hypo",
        "mode": "Symptom-Only",
        "c_score": 82,
        "shap_values": [],
        "rf_prediction": "Hypothyroid",
        "svm_prediction": "Hypothyroid",
        "gb_prediction": "Hypothyroid",
        "cnn_prediction": "Hyperthyroid"
    }
}
{
    "timestamp": "2025-11-28 16:18:30",
    "user_id": "4",
    "received_input": {
        "form_data": {
            "": "female",
            "diabetes": 0,
            "highbloodpressure": 0,
            "highcholesterol": 1,
            "anemia": 1,
            "depressionanxiety": 0,
            "heartdisease": 0,
            "menstrualirregularities": 0,
            "autoimmunediseases": 1,
            "fh_hypothyroidism": 1,
            "fh_hyperthyroidism": 0,
            "fh_goiter": 1,
            "fh_thyroidcancer": 0,
            "sym_fatigue": 1,
            "sym_weightchange": 1,
            "sym_dryskin": 1,
            "sym_hairloss": 1,
            "sym_heartrate": 0,
            "sym_digestion": 1,
            "sym_irregularperiods": 0,
            "sym_neckswelling": 1,
            "tsh": 0,
            "tsh_value": "",
            "t3": 0,
            "t3_value": "",
            "t4": 0,
            "t4_value": "",
            "t4_uptake": 0,
            "t4_uptake_value": "",
            "fti": 0,
            "fti_value": "",
            "tshValue": "",
            "t3Value": "",
            "t4Value": "",
            "t4-uptakeValue": "",
            "ftiValue": "",
            "Diabetes": 0,
            "HighBloodPressure": 0,
            "HighCholesterol": 1,
            "Anemia": 1,
            "DepressionAnxiety": 0,
            "HeartDisease": 0,
            "MenstrualIrregularities": 0,
            "AutoimmuneDiseases": 1,
            "FH_Hypothyroidism": 1,
            "FH_Hyperthyroidism": 0,
            "FH_Goiter": 1,
            "FH_ThyroidCancer": 0,
            "Sym_Fatigue": 1,
            "Sym_WeightChange": 1,
            "Sym_DrySkin": 1,
            "Sym_HairLoss": 1,
            "Sym_HeartRate": 0,
            "Sym_Digestion": 1,
            "Sym_IrregularPeriods": 0,
            "Sym_NeckSwelling": 1,
            "age": 22,
            "gender": 0
        },
        "prediction": "hypo",
        "mode": "Symptom-Only",
        "c_score": 82,
        "shap_values": [],
        "rf_prediction": "Hypothyroid",
        "svm_prediction": "Hypothyroid",
        "gb_prediction": "Hypothyroid",
        "cnn_prediction": "Hyperthyroid"
    }
}
{
    "timestamp": "2025-11-28 16:20:14",
    "user_id": "4",
    "received_input": {
        "form_data": {
            "": "female",
            "diabetes": 0,
            "highbloodpressure": 0,
            "highcholesterol": 1,
            "anemia": 1,
            "depressionanxiety": 0,
            "heartdisease": 0,
            "menstrualirregularities": 0,
            "autoimmunediseases": 1,
            "fh_hypothyroidism": 1,
            "fh_hyperthyroidism": 0,
            "fh_goiter": 1,
            "fh_thyroidcancer": 0,
            "sym_fatigue": 1,
            "sym_weightchange": 1,
            "sym_dryskin": 1,
            "sym_hairloss": 1,
            "sym_heartrate": 0,
            "sym_digestion": 1,
            "sym_irregularperiods": 0,
            "sym_neckswelling": 1,
            "tsh": 0,
            "tsh_value": "",
            "t3": 0,
            "t3_value": "",
            "t4": 0,
            "t4_value": "",
            "t4_uptake": 0,
            "t4_uptake_value": "",
            "fti": 0,
            "fti_value": "",
            "tshValue": "",
            "t3Value": "",
            "t4Value": "",
            "t4-uptakeValue": "",
            "ftiValue": "",
            "Diabetes": 0,
            "HighBloodPressure": 0,
            "HighCholesterol": 1,
            "Anemia": 1,
            "DepressionAnxiety": 0,
            "HeartDisease": 0,
            "MenstrualIrregularities": 0,
            "AutoimmuneDiseases": 1,
            "FH_Hypothyroidism": 1,
            "FH_Hyperthyroidism": 0,
            "FH_Goiter": 1,
            "FH_ThyroidCancer": 0,
            "Sym_Fatigue": 1,
            "Sym_WeightChange": 1,
            "Sym_DrySkin": 1,
            "Sym_HairLoss": 1,
            "Sym_HeartRate": 0,
            "Sym_Digestion": 1,
            "Sym_IrregularPeriods": 0,
            "Sym_NeckSwelling": 1,
            "age": 22,
            "gender": 0
        },
        "prediction": "hypo",
        "mode": "Symptom-Only",
        "c_score": 82,
        "shap_values": [],
        "rf_prediction": "Hypothyroid",
        "svm_prediction": "Hypothyroid",
        "gb_prediction": "Hypothyroid",
        "cnn_prediction": "Hyperthyroid"
    }
}
{
    "timestamp": "2025-11-28 16:20:52",
    "user_id": "4",
    "received_input": {
        "form_data": {
            "": "female",
            "diabetes": 0,
            "highbloodpressure": 0,
            "highcholesterol": 1,
            "anemia": 1,
            "depressionanxiety": 0,
            "heartdisease": 0,
            "menstrualirregularities": 0,
            "autoimmunediseases": 1,
            "fh_hypothyroidism": 1,
            "fh_hyperthyroidism": 0,
            "fh_goiter": 1,
            "fh_thyroidcancer": 0,
            "sym_fatigue": 1,
            "sym_weightchange": 1,
            "sym_dryskin": 1,
            "sym_hairloss": 1,
            "sym_heartrate": 0,
            "sym_digestion": 1,
            "sym_irregularperiods": 0,
            "sym_neckswelling": 1,
            "tsh": 0,
            "tsh_value": "",
            "t3": 0,
            "t3_value": "",
            "t4": 0,
            "t4_value": "",
            "t4_uptake": 0,
            "t4_uptake_value": "",
            "fti": 0,
            "fti_value": "",
            "tshValue": "",
            "t3Value": "",
            "t4Value": "",
            "t4-uptakeValue": "",
            "ftiValue": "",
            "Diabetes": 0,
            "HighBloodPressure": 0,
            "HighCholesterol": 1,
            "Anemia": 1,
            "DepressionAnxiety": 0,
            "HeartDisease": 0,
            "MenstrualIrregularities": 0,
            "AutoimmuneDiseases": 1,
            "FH_Hypothyroidism": 1,
            "FH_Hyperthyroidism": 0,
            "FH_Goiter": 1,
            "FH_ThyroidCancer": 0,
            "Sym_Fatigue": 1,
            "Sym_WeightChange": 1,
            "Sym_DrySkin": 1,
            "Sym_HairLoss": 1,
            "Sym_HeartRate": 0,
            "Sym_Digestion": 1,
            "Sym_IrregularPeriods": 0,
            "Sym_NeckSwelling": 1,
            "age": 22,
            "gender": 0
        },
        "prediction": "hypo",
        "mode": "Symptom-Only",
        "c_score": 86,
        "shap_values": [],
        "rf_prediction": "Hypothyroid",
        "svm_prediction": "Hypothyroid",
        "gb_prediction": "Hypothyroid",
        "cnn_prediction": "Hypothyroid"
    }
}
{
    "timestamp": "2025-11-28 16:21:15",
    "user_id": "4",
    "received_input": {
        "form_data": {
            "": "female",
            "diabetes": 0,
            "highbloodpressure": 0,
            "highcholesterol": 1,
            "anemia": 1,
            "depressionanxiety": 0,
            "heartdisease": 0,
            "menstrualirregularities": 0,
            "autoimmunediseases": 1,
            "fh_hypothyroidism": 1,
            "fh_hyperthyroidism": 0,
            "fh_goiter": 1,
            "fh_thyroidcancer": 0,
            "sym_fatigue": 1,
            "sym_weightchange": 1,
            "sym_dryskin": 1,
            "sym_hairloss": 1,
            "sym_heartrate": 0,
            "sym_digestion": 1,
            "sym_irregularperiods": 0,
            "sym_neckswelling": 1,
            "tsh": 0,
            "tsh_value": "",
            "t3": 0,
            "t3_value": "",
            "t4": 0,
            "t4_value": "",
            "t4_uptake": 0,
            "t4_uptake_value": "",
            "fti": 0,
            "fti_value": "",
            "tshValue": "",
            "t3Value": "",
            "t4Value": "",
            "t4-uptakeValue": "",
            "ftiValue": "",
            "Diabetes": 0,
            "HighBloodPressure": 0,
            "HighCholesterol": 1,
            "Anemia": 1,
            "DepressionAnxiety": 0,
            "HeartDisease": 0,
            "MenstrualIrregularities": 0,
            "AutoimmuneDiseases": 1,
            "FH_Hypothyroidism": 1,
            "FH_Hyperthyroidism": 0,
            "FH_Goiter": 1,
            "FH_ThyroidCancer": 0,
            "Sym_Fatigue": 1,
            "Sym_WeightChange": 1,
            "Sym_DrySkin": 1,
            "Sym_HairLoss": 1,
            "Sym_HeartRate": 0,
            "Sym_Digestion": 1,
            "Sym_IrregularPeriods": 0,
            "Sym_NeckSwelling": 1,
            "age": 22,
            "gender": 0
        },
        "prediction": "hypo",
        "mode": "Symptom-Only",
        "c_score": 89,
        "shap_values": [],
        "rf_prediction": "Hypothyroid",
        "svm_prediction": "Hypothyroid",
        "gb_prediction": "Hypothyroid",
        "cnn_prediction": "Hypothyroid"
    }
}
{
    "timestamp": "2025-11-28 16:28:47",
    "user_id": "4",
    "received_input": {
        "form_data": {
            "": "female",
            "diabetes": 1,
            "highbloodpressure": 1,
            "highcholesterol": 1,
            "anemia": 1,
            "depressionanxiety": 1,
            "heartdisease": 1,
            "menstrualirregularities": 1,
            "autoimmunediseases": 1,
            "fh_hypothyroidism": 1,
            "fh_hyperthyroidism": 1,
            "fh_goiter": 1,
            "fh_thyroidcancer": 1,
            "sym_fatigue": 1,
            "sym_weightchange": 1,
            "sym_dryskin": 1,
            "sym_hairloss": 1,
            "sym_heartrate": 1,
            "sym_digestion": 1,
            "sym_irregularperiods": 1,
            "sym_neckswelling": 1,
            "tsh": 0,
            "tsh_value": "",
            "t3": 0,
            "t3_value": "",
            "t4": 0,
            "t4_value": "",
            "t4_uptake": 0,
            "t4_uptake_value": "",
            "fti": 0,
            "fti_value": "",
            "tshValue": "",
            "t3Value": "",
            "t4Value": "",
            "t4-uptakeValue": "",
            "ftiValue": "",
            "Diabetes": 1,
            "HighBloodPressure": 1,
            "HighCholesterol": 1,
            "Anemia": 1,
            "DepressionAnxiety": 1,
            "HeartDisease": 1,
            "MenstrualIrregularities": 1,
            "AutoimmuneDiseases": 1,
            "FH_Hypothyroidism": 1,
            "FH_Hyperthyroidism": 1,
            "FH_Goiter": 1,
            "FH_ThyroidCancer": 1,
            "Sym_Fatigue": 1,
            "Sym_WeightChange": 1,
            "Sym_DrySkin": 1,
            "Sym_HairLoss": 1,
            "Sym_HeartRate": 1,
            "Sym_Digestion": 1,
            "Sym_IrregularPeriods": 1,
            "Sym_NeckSwelling": 1,
            "age": 22,
            "gender": 0
        },
        "prediction": "hypo",
        "mode": "Symptom-Only",
        "c_score": 81,
        "shap_values": [],
        "rf_prediction": "Hyperthyroid",
        "svm_prediction": "Hypothyroid",
        "gb_prediction": "Hyperthyroid",
        "cnn_prediction": "Hypothyroid"
    }
}
{
    "timestamp": "2025-11-28 16:29:28",
    "user_id": "4",
    "received_input": {
        "form_data": {
            "": "female",
            "diabetes": 1,
            "highbloodpressure": 1,
            "highcholesterol": 1,
            "anemia": 1,
            "depressionanxiety": 1,
            "heartdisease": 1,
            "menstrualirregularities": 1,
            "autoimmunediseases": 1,
            "fh_hypothyroidism": 1,
            "fh_hyperthyroidism": 1,
            "fh_goiter": 1,
            "fh_thyroidcancer": 1,
            "sym_fatigue": 1,
            "sym_weightchange": 1,
            "sym_dryskin": 1,
            "sym_hairloss": 1,
            "sym_heartrate": 1,
            "sym_digestion": 1,
            "sym_irregularperiods": 1,
            "sym_neckswelling": 1,
            "tsh": 0,
            "tsh_value": "",
            "t3": 0,
            "t3_value": "",
            "t4": 0,
            "t4_value": "",
            "t4_uptake": 0,
            "t4_uptake_value": "",
            "fti": 0,
            "fti_value": "",
            "tshValue": "",
            "t3Value": "",
            "t4Value": "",
            "t4-uptakeValue": "",
            "ftiValue": "",
            "Diabetes": 1,
            "HighBloodPressure": 1,
            "HighCholesterol": 1,
            "Anemia": 1,
            "DepressionAnxiety": 1,
            "HeartDisease": 1,
            "MenstrualIrregularities": 1,
            "AutoimmuneDiseases": 1,
            "FH_Hypothyroidism": 1,
            "FH_Hyperthyroidism": 1,
            "FH_Goiter": 1,
            "FH_ThyroidCancer": 1,
            "Sym_Fatigue": 1,
            "Sym_WeightChange": 1,
            "Sym_DrySkin": 1,
            "Sym_HairLoss": 1,
            "Sym_HeartRate": 1,
            "Sym_Digestion": 1,
            "Sym_IrregularPeriods": 1,
            "Sym_NeckSwelling": 1,
            "age": 22,
            "gender": 0
        },
        "prediction": "hypo",
        "mode": "Symptom-Only",
        "c_score": 81,
        "shap_values": [],
        "rf_prediction": "Hyperthyroid",
        "svm_prediction": "Hypothyroid",
        "gb_prediction": "Hyperthyroid",
        "cnn_prediction": "Hypothyroid"
    }
}
{
    "timestamp": "2025-11-28 16:34:14",
    "user_id": "4",
    "received_input": {
        "form_data": {
            "": "female",
            "diabetes": 1,
            "highbloodpressure": 1,
            "highcholesterol": 1,
            "anemia": 1,
            "depressionanxiety": 1,
            "heartdisease": 1,
            "menstrualirregularities": 1,
            "autoimmunediseases": 1,
            "fh_hypothyroidism": 1,
            "fh_hyperthyroidism": 1,
            "fh_goiter": 1,
            "fh_thyroidcancer": 1,
            "sym_fatigue": 1,
            "sym_weightchange": 1,
            "sym_dryskin": 1,
            "sym_hairloss": 1,
            "sym_heartrate": 1,
            "sym_digestion": 1,
            "sym_irregularperiods": 1,
            "sym_neckswelling": 1,
            "tsh": 0,
            "tsh_value": "",
            "t3": 0,
            "t3_value": "",
            "t4": 0,
            "t4_value": "",
            "t4_uptake": 0,
            "t4_uptake_value": "",
            "fti": 0,
            "fti_value": "",
            "tshValue": "",
            "t3Value": "",
            "t4Value": "",
            "t4-uptakeValue": "",
            "ftiValue": "",
            "Diabetes": 1,
            "HighBloodPressure": 1,
            "HighCholesterol": 1,
            "Anemia": 1,
            "DepressionAnxiety": 1,
            "HeartDisease": 1,
            "MenstrualIrregularities": 1,
            "AutoimmuneDiseases": 1,
            "FH_Hypothyroidism": 1,
            "FH_Hyperthyroidism": 1,
            "FH_Goiter": 1,
            "FH_ThyroidCancer": 1,
            "Sym_Fatigue": 1,
            "Sym_WeightChange": 1,
            "Sym_DrySkin": 1,
            "Sym_HairLoss": 1,
            "Sym_HeartRate": 1,
            "Sym_Digestion": 1,
            "Sym_IrregularPeriods": 1,
            "Sym_NeckSwelling": 1,
            "age": 22,
            "gender": 0
        },
        "prediction": "hypo",
        "mode": "Symptom-Only",
        "c_score": 80.5,
        "shap_values": [],
        "rf_prediction": "Hyperthyroid",
        "svm_prediction": "Hypothyroid",
        "gb_prediction": "Hyperthyroid",
        "cnn_prediction": "Hypothyroid"
    }
}
{
    "timestamp": "2025-11-28 16:37:48",
    "user_id": "5",
    "received_input": {
        "form_data": {
            "": "female",
            "diabetes": 0,
            "highbloodpressure": 0,
            "highcholesterol": 1,
            "anemia": 1,
            "depressionanxiety": 0,
            "heartdisease": 0,
            "menstrualirregularities": 0,
            "autoimmunediseases": 1,
            "fh_hypothyroidism": 1,
            "fh_hyperthyroidism": 0,
            "fh_goiter": 1,
            "fh_thyroidcancer": 0,
            "sym_fatigue": 1,
            "sym_weightchange": 1,
            "sym_dryskin": 1,
            "sym_hairloss": 1,
            "sym_heartrate": 0,
            "sym_digestion": 1,
            "sym_irregularperiods": 0,
            "sym_neckswelling": 1,
            "tsh": 0,
            "tsh_value": "",
            "t3": 0,
            "t3_value": "",
            "t4": 0,
            "t4_value": "",
            "t4_uptake": 0,
            "t4_uptake_value": "",
            "fti": 0,
            "fti_value": "",
            "tshValue": "",
            "t3Value": "",
            "t4Value": "",
            "t4-uptakeValue": "",
            "ftiValue": "",
            "Diabetes": 0,
            "HighBloodPressure": 0,
            "HighCholesterol": 1,
            "Anemia": 1,
            "DepressionAnxiety": 0,
            "HeartDisease": 0,
            "MenstrualIrregularities": 0,
            "AutoimmuneDiseases": 1,
            "FH_Hypothyroidism": 1,
            "FH_Hyperthyroidism": 0,
            "FH_Goiter": 1,
            "FH_ThyroidCancer": 0,
            "Sym_Fatigue": 1,
            "Sym_WeightChange": 1,
            "Sym_DrySkin": 1,
            "Sym_HairLoss": 1,
            "Sym_HeartRate": 0,
            "Sym_Digestion": 1,
            "Sym_IrregularPeriods": 0,
            "Sym_NeckSwelling": 1,
            "age": 22,
            "gender": 0
        },
        "prediction": "hypo",
        "mode": "Symptom-Only",
        "c_score": 88.6,
        "shap_values": [],
        "rf_prediction": "Hypothyroid",
        "svm_prediction": "Hypothyroid",
        "gb_prediction": "Hypothyroid",
        "cnn_prediction": "Hypothyroid"
    }
}
{
    "timestamp": "2025-11-28 16:39:17",
    "user_id": "5",
    "received_input": {
        "form_data": {
            "": "female",
            "diabetes": 0,
            "highbloodpressure": 0,
            "highcholesterol": 1,
            "anemia": 1,
            "depressionanxiety": 0,
            "heartdisease": 0,
            "menstrualirregularities": 0,
            "autoimmunediseases": 1,
            "fh_hypothyroidism": 1,
            "fh_hyperthyroidism": 0,
            "fh_goiter": 1,
            "fh_thyroidcancer": 0,
            "sym_fatigue": 1,
            "sym_weightchange": 1,
            "sym_dryskin": 1,
            "sym_hairloss": 1,
            "sym_heartrate": 0,
            "sym_digestion": 1,
            "sym_irregularperiods": 0,
            "sym_neckswelling": 1,
            "tsh": 1,
            "tsh_value": "8.9",
            "t3": 1,
            "t3_value": "6.5",
            "t4": 1,
            "t4_value": "4.3",
            "t4_uptake": 1,
            "t4_uptake_value": "7",
            "fti": 1,
            "fti_value": "3.0",
            "tshValue": 8.9,
            "t3Value": 6.5,
            "t4Value": 4.3,
            "t4-uptakeValue": "7",
            "ftiValue": 3,
            "Diabetes": 0,
            "HighBloodPressure": 0,
            "HighCholesterol": 1,
            "Anemia": 1,
            "DepressionAnxiety": 0,
            "HeartDisease": 0,
            "MenstrualIrregularities": 0,
            "AutoimmuneDiseases": 1,
            "FH_Hypothyroidism": 1,
            "FH_Hyperthyroidism": 0,
            "FH_Goiter": 1,
            "FH_ThyroidCancer": 0,
            "Sym_Fatigue": 1,
            "Sym_WeightChange": 1,
            "Sym_DrySkin": 1,
            "Sym_HairLoss": 1,
            "Sym_HeartRate": 0,
            "Sym_Digestion": 1,
            "Sym_IrregularPeriods": 0,
            "Sym_NeckSwelling": 1,
            "age": 22,
            "gender": 0
        },
        "prediction": "hypo",
        "mode": "Hybrid (Lab-Assisted)",
        "c_score": 92.4,
        "shap_values": [],
        "rf_prediction": "Hypothyroid",
        "svm_prediction": "Hypothyroid",
        "gb_prediction": "Hypothyroid",
        "cnn_prediction": "Hypothyroid"
    }
}
{
    "timestamp": "2025-11-28 16:47:29",
    "user_id": "5",
    "received_input": {
        "form_data": {
            "": "female",
            "diabetes": 0,
            "highbloodpressure": 0,
            "highcholesterol": 1,
            "anemia": 0,
            "depressionanxiety": 1,
            "heartdisease": 0,
            "menstrualirregularities": 1,
            "autoimmunediseases": 0,
            "fh_hypothyroidism": 1,
            "fh_hyperthyroidism": 0,
            "fh_goiter": 0,
            "fh_thyroidcancer": 0,
            "sym_fatigue": 1,
            "sym_weightchange": 1,
            "sym_dryskin": 1,
            "sym_hairloss": 1,
            "sym_heartrate": 1,
            "sym_digestion": 1,
            "sym_irregularperiods": 1,
            "sym_neckswelling": 0,
            "tsh": 1,
            "tsh_value": "6.8",
            "t3": 1,
            "t3_value": "85",
            "t4": 1,
            "t4_value": "4.9",
            "t4_uptake": 1,
            "t4_uptake_value": "23",
            "fti": 1,
            "fti_value": "1.1",
            "tshValue": 6.8,
            "t3Value": 85,
            "t4Value": 4.9,
            "t4-uptakeValue": "23",
            "ftiValue": 1.1,
            "Diabetes": 0,
            "HighBloodPressure": 0,
            "HighCholesterol": 1,
            "Anemia": 0,
            "DepressionAnxiety": 1,
            "HeartDisease": 0,
            "MenstrualIrregularities": 1,
            "AutoimmuneDiseases": 0,
            "FH_Hypothyroidism": 1,
            "FH_Hyperthyroidism": 0,
            "FH_Goiter": 0,
            "FH_ThyroidCancer": 0,
            "Sym_Fatigue": 1,
            "Sym_WeightChange": 1,
            "Sym_DrySkin": 1,
            "Sym_HairLoss": 1,
            "Sym_HeartRate": 1,
            "Sym_Digestion": 1,
            "Sym_IrregularPeriods": 1,
            "Sym_NeckSwelling": 0,
            "age": 22,
            "gender": 0
        },
        "prediction": "hypo",
        "mode": "Hybrid (Lab-Assisted)",
        "c_score": 100,
        "shap_values": [],
        "rf_prediction": "Hypothyroid",
        "svm_prediction": "Hypothyroid",
        "gb_prediction": "Hypothyroid",
        "cnn_prediction": "Hypothyroid"
    }
}
{
    "timestamp": "2025-11-28 16:47:45",
    "user_id": "5",
    "received_input": {
        "form_data": {
            "": "female",
            "diabetes": 0,
            "highbloodpressure": 0,
            "highcholesterol": 1,
            "anemia": 0,
            "depressionanxiety": 1,
            "heartdisease": 0,
            "menstrualirregularities": 1,
            "autoimmunediseases": 0,
            "fh_hypothyroidism": 1,
            "fh_hyperthyroidism": 0,
            "fh_goiter": 0,
            "fh_thyroidcancer": 0,
            "sym_fatigue": 1,
            "sym_weightchange": 1,
            "sym_dryskin": 1,
            "sym_hairloss": 1,
            "sym_heartrate": 1,
            "sym_digestion": 1,
            "sym_irregularperiods": 1,
            "sym_neckswelling": 0,
            "tsh": 1,
            "tsh_value": "6.8",
            "t3": 1,
            "t3_value": "85",
            "t4": 1,
            "t4_value": "4.9",
            "t4_uptake": 1,
            "t4_uptake_value": "23",
            "fti": 1,
            "fti_value": "1.1",
            "tshValue": 6.8,
            "t3Value": 85,
            "t4Value": 4.9,
            "t4-uptakeValue": "23",
            "ftiValue": 1.1,
            "Diabetes": 0,
            "HighBloodPressure": 0,
            "HighCholesterol": 1,
            "Anemia": 0,
            "DepressionAnxiety": 1,
            "HeartDisease": 0,
            "MenstrualIrregularities": 1,
            "AutoimmuneDiseases": 0,
            "FH_Hypothyroidism": 1,
            "FH_Hyperthyroidism": 0,
            "FH_Goiter": 0,
            "FH_ThyroidCancer": 0,
            "Sym_Fatigue": 1,
            "Sym_WeightChange": 1,
            "Sym_DrySkin": 1,
            "Sym_HairLoss": 1,
            "Sym_HeartRate": 1,
            "Sym_Digestion": 1,
            "Sym_IrregularPeriods": 1,
            "Sym_NeckSwelling": 0,
            "age": 22,
            "gender": 0
        },
        "prediction": "hypo",
        "mode": "Hybrid (Lab-Assisted)",
        "c_score": 99.5,
        "shap_values": [],
        "rf_prediction": "Hypothyroid",
        "svm_prediction": "Hypothyroid",
        "gb_prediction": "Hypothyroid",
        "cnn_prediction": "Hyperthyroid"
    }
}
{
    "timestamp": "2025-11-28 16:48:03",
    "user_id": "5",
    "received_input": {
        "form_data": {
            "": "female",
            "diabetes": 0,
            "highbloodpressure": 0,
            "highcholesterol": 1,
            "anemia": 0,
            "depressionanxiety": 1,
            "heartdisease": 0,
            "menstrualirregularities": 1,
            "autoimmunediseases": 0,
            "fh_hypothyroidism": 1,
            "fh_hyperthyroidism": 0,
            "fh_goiter": 0,
            "fh_thyroidcancer": 0,
            "sym_fatigue": 1,
            "sym_weightchange": 1,
            "sym_dryskin": 1,
            "sym_hairloss": 1,
            "sym_heartrate": 1,
            "sym_digestion": 1,
            "sym_irregularperiods": 1,
            "sym_neckswelling": 0,
            "tsh": 0,
            "tsh_value": "",
            "t3": 0,
            "t3_value": "",
            "t4": 0,
            "t4_value": "",
            "t4_uptake": 0,
            "t4_uptake_value": "",
            "fti": 0,
            "fti_value": "",
            "tshValue": "",
            "t3Value": "",
            "t4Value": "",
            "t4-uptakeValue": "",
            "ftiValue": "",
            "Diabetes": 0,
            "HighBloodPressure": 0,
            "HighCholesterol": 1,
            "Anemia": 0,
            "DepressionAnxiety": 1,
            "HeartDisease": 0,
            "MenstrualIrregularities": 1,
            "AutoimmuneDiseases": 0,
            "FH_Hypothyroidism": 1,
            "FH_Hyperthyroidism": 0,
            "FH_Goiter": 0,
            "FH_ThyroidCancer": 0,
            "Sym_Fatigue": 1,
            "Sym_WeightChange": 1,
            "Sym_DrySkin": 1,
            "Sym_HairLoss": 1,
            "Sym_HeartRate": 1,
            "Sym_Digestion": 1,
            "Sym_IrregularPeriods": 1,
            "Sym_NeckSwelling": 0,
            "age": 22,
            "gender": 0
        },
        "prediction": "hypo",
        "mode": "Symptom-Only",
        "c_score": 87,
        "shap_values": [],
        "rf_prediction": "Hypothyroid",
        "svm_prediction": "Hypothyroid",
        "gb_prediction": "Hypothyroid",
        "cnn_prediction": "Hyperthyroid"
    }
}
{
    "timestamp": "2025-11-28 16:48:08",
    "user_id": "5",
    "received_input": {
        "form_data": {
            "": "female",
            "diabetes": 0,
            "highbloodpressure": 0,
            "highcholesterol": 1,
            "anemia": 0,
            "depressionanxiety": 1,
            "heartdisease": 0,
            "menstrualirregularities": 1,
            "autoimmunediseases": 0,
            "fh_hypothyroidism": 1,
            "fh_hyperthyroidism": 0,
            "fh_goiter": 0,
            "fh_thyroidcancer": 1,
            "sym_fatigue": 1,
            "sym_weightchange": 1,
            "sym_dryskin": 1,
            "sym_hairloss": 1,
            "sym_heartrate": 1,
            "sym_digestion": 1,
            "sym_irregularperiods": 1,
            "sym_neckswelling": 0,
            "tsh": 0,
            "tsh_value": "",
            "t3": 0,
            "t3_value": "",
            "t4": 0,
            "t4_value": "",
            "t4_uptake": 0,
            "t4_uptake_value": "",
            "fti": 0,
            "fti_value": "",
            "tshValue": "",
            "t3Value": "",
            "t4Value": "",
            "t4-uptakeValue": "",
            "ftiValue": "",
            "Diabetes": 0,
            "HighBloodPressure": 0,
            "HighCholesterol": 1,
            "Anemia": 0,
            "DepressionAnxiety": 1,
            "HeartDisease": 0,
            "MenstrualIrregularities": 1,
            "AutoimmuneDiseases": 0,
            "FH_Hypothyroidism": 1,
            "FH_Hyperthyroidism": 0,
            "FH_Goiter": 0,
            "FH_ThyroidCancer": 1,
            "Sym_Fatigue": 1,
            "Sym_WeightChange": 1,
            "Sym_DrySkin": 1,
            "Sym_HairLoss": 1,
            "Sym_HeartRate": 1,
            "Sym_Digestion": 1,
            "Sym_IrregularPeriods": 1,
            "Sym_NeckSwelling": 0,
            "age": 22,
            "gender": 0
        },
        "prediction": "hypo",
        "mode": "Symptom-Only",
        "c_score": 86.5,
        "shap_values": [],
        "rf_prediction": "Hypothyroid",
        "svm_prediction": "Hypothyroid",
        "gb_prediction": "Hypothyroid",
        "cnn_prediction": "Hyperthyroid"
    }
}
{
    "timestamp": "2025-11-28 16:48:12",
    "user_id": "5",
    "received_input": {
        "form_data": {
            "": "female",
            "diabetes": 0,
            "highbloodpressure": 0,
            "highcholesterol": 1,
            "anemia": 0,
            "depressionanxiety": 1,
            "heartdisease": 0,
            "menstrualirregularities": 1,
            "autoimmunediseases": 0,
            "fh_hypothyroidism": 1,
            "fh_hyperthyroidism": 0,
            "fh_goiter": 0,
            "fh_thyroidcancer": 1,
            "sym_fatigue": 1,
            "sym_weightchange": 1,
            "sym_dryskin": 1,
            "sym_hairloss": 1,
            "sym_heartrate": 1,
            "sym_digestion": 0,
            "sym_irregularperiods": 1,
            "sym_neckswelling": 0,
            "tsh": 0,
            "tsh_value": "",
            "t3": 0,
            "t3_value": "",
            "t4": 0,
            "t4_value": "",
            "t4_uptake": 0,
            "t4_uptake_value": "",
            "fti": 0,
            "fti_value": "",
            "tshValue": "",
            "t3Value": "",
            "t4Value": "",
            "t4-uptakeValue": "",
            "ftiValue": "",
            "Diabetes": 0,
            "HighBloodPressure": 0,
            "HighCholesterol": 1,
            "Anemia": 0,
            "DepressionAnxiety": 1,
            "HeartDisease": 0,
            "MenstrualIrregularities": 1,
            "AutoimmuneDiseases": 0,
            "FH_Hypothyroidism": 1,
            "FH_Hyperthyroidism": 0,
            "FH_Goiter": 0,
            "FH_ThyroidCancer": 1,
            "Sym_Fatigue": 1,
            "Sym_WeightChange": 1,
            "Sym_DrySkin": 1,
            "Sym_HairLoss": 1,
            "Sym_HeartRate": 1,
            "Sym_Digestion": 0,
            "Sym_IrregularPeriods": 1,
            "Sym_NeckSwelling": 0,
            "age": 22,
            "gender": 0
        },
        "prediction": "hypo",
        "mode": "Symptom-Only",
        "c_score": 87,
        "shap_values": [],
        "rf_prediction": "Hypothyroid",
        "svm_prediction": "Hypothyroid",
        "gb_prediction": "Hypothyroid",
        "cnn_prediction": "Hyperthyroid"
    }
}
{
    "timestamp": "2025-11-28 16:48:25",
    "user_id": "5",
    "received_input": {
        "form_data": {
            "": "female",
            "diabetes": 0,
            "highbloodpressure": 0,
            "highcholesterol": 1,
            "anemia": 0,
            "depressionanxiety": 1,
            "heartdisease": 0,
            "menstrualirregularities": 1,
            "autoimmunediseases": 0,
            "fh_hypothyroidism": 1,
            "fh_hyperthyroidism": 0,
            "fh_goiter": 0,
            "fh_thyroidcancer": 1,
            "sym_fatigue": 1,
            "sym_weightchange": 1,
            "sym_dryskin": 1,
            "sym_hairloss": 1,
            "sym_heartrate": 0,
            "sym_digestion": 0,
            "sym_irregularperiods": 0,
            "sym_neckswelling": 1,
            "tsh": 0,
            "tsh_value": "",
            "t3": 0,
            "t3_value": "",
            "t4": 0,
            "t4_value": "",
            "t4_uptake": 0,
            "t4_uptake_value": "",
            "fti": 0,
            "fti_value": "",
            "tshValue": "",
            "t3Value": "",
            "t4Value": "",
            "t4-uptakeValue": "",
            "ftiValue": "",
            "Diabetes": 0,
            "HighBloodPressure": 0,
            "HighCholesterol": 1,
            "Anemia": 0,
            "DepressionAnxiety": 1,
            "HeartDisease": 0,
            "MenstrualIrregularities": 1,
            "AutoimmuneDiseases": 0,
            "FH_Hypothyroidism": 1,
            "FH_Hyperthyroidism": 0,
            "FH_Goiter": 0,
            "FH_ThyroidCancer": 1,
            "Sym_Fatigue": 1,
            "Sym_WeightChange": 1,
            "Sym_DrySkin": 1,
            "Sym_HairLoss": 1,
            "Sym_HeartRate": 0,
            "Sym_Digestion": 0,
            "Sym_IrregularPeriods": 0,
            "Sym_NeckSwelling": 1,
            "age": 22,
            "gender": 0
        },
        "prediction": "hypo",
        "mode": "Symptom-Only",
        "c_score": 87,
        "shap_values": [],
        "rf_prediction": "Hypothyroid",
        "svm_prediction": "Hypothyroid",
        "gb_prediction": "Hypothyroid",
        "cnn_prediction": "Hyperthyroid"
    }
}
{
    "timestamp": "2025-11-28 16:48:29",
    "user_id": "5",
    "received_input": {
        "form_data": {
            "": "female",
            "diabetes": 0,
            "highbloodpressure": 0,
            "highcholesterol": 1,
            "anemia": 0,
            "depressionanxiety": 1,
            "heartdisease": 0,
            "menstrualirregularities": 1,
            "autoimmunediseases": 0,
            "fh_hypothyroidism": 0,
            "fh_hyperthyroidism": 0,
            "fh_goiter": 0,
            "fh_thyroidcancer": 1,
            "sym_fatigue": 1,
            "sym_weightchange": 1,
            "sym_dryskin": 1,
            "sym_hairloss": 1,
            "sym_heartrate": 0,
            "sym_digestion": 0,
            "sym_irregularperiods": 0,
            "sym_neckswelling": 1,
            "tsh": 0,
            "tsh_value": "",
            "t3": 0,
            "t3_value": "",
            "t4": 0,
            "t4_value": "",
            "t4_uptake": 0,
            "t4_uptake_value": "",
            "fti": 0,
            "fti_value": "",
            "tshValue": "",
            "t3Value": "",
            "t4Value": "",
            "t4-uptakeValue": "",
            "ftiValue": "",
            "Diabetes": 0,
            "HighBloodPressure": 0,
            "HighCholesterol": 1,
            "Anemia": 0,
            "DepressionAnxiety": 1,
            "HeartDisease": 0,
            "MenstrualIrregularities": 1,
            "AutoimmuneDiseases": 0,
            "FH_Hypothyroidism": 0,
            "FH_Hyperthyroidism": 0,
            "FH_Goiter": 0,
            "FH_ThyroidCancer": 1,
            "Sym_Fatigue": 1,
            "Sym_WeightChange": 1,
            "Sym_DrySkin": 1,
            "Sym_HairLoss": 1,
            "Sym_HeartRate": 0,
            "Sym_Digestion": 0,
            "Sym_IrregularPeriods": 0,
            "Sym_NeckSwelling": 1,
            "age": 22,
            "gender": 0
        },
        "prediction": "hypo",
        "mode": "Symptom-Only",
        "c_score": 85.2,
        "shap_values": [],
        "rf_prediction": "Hypothyroid",
        "svm_prediction": "Hypothyroid",
        "gb_prediction": "Hypothyroid",
        "cnn_prediction": "Hyperthyroid"
    }
}
{
    "timestamp": "2025-11-28 16:54:03",
    "user_id": "5",
    "received_input": {
        "form_data": {
            "": "female",
            "diabetes": 0,
            "highbloodpressure": 0,
            "highcholesterol": 1,
            "anemia": 0,
            "depressionanxiety": 1,
            "heartdisease": 0,
            "menstrualirregularities": 1,
            "autoimmunediseases": 0,
            "fh_hypothyroidism": 0,
            "fh_hyperthyroidism": 0,
            "fh_goiter": 0,
            "fh_thyroidcancer": 1,
            "sym_fatigue": 1,
            "sym_weightchange": 1,
            "sym_dryskin": 1,
            "sym_hairloss": 1,
            "sym_heartrate": 0,
            "sym_digestion": 0,
            "sym_irregularperiods": 0,
            "sym_neckswelling": 1,
            "tsh": 0,
            "tsh_value": "",
            "t3": 0,
            "t3_value": "",
            "t4": 0,
            "t4_value": "",
            "t4_uptake": 0,
            "t4_uptake_value": "",
            "fti": 0,
            "fti_value": "",
            "tshValue": "",
            "t3Value": "",
            "t4Value": "",
            "t4-uptakeValue": "",
            "ftiValue": "",
            "Diabetes": 0,
            "HighBloodPressure": 0,
            "HighCholesterol": 1,
            "Anemia": 0,
            "DepressionAnxiety": 1,
            "HeartDisease": 0,
            "MenstrualIrregularities": 1,
            "AutoimmuneDiseases": 0,
            "FH_Hypothyroidism": 0,
            "FH_Hyperthyroidism": 0,
            "FH_Goiter": 0,
            "FH_ThyroidCancer": 1,
            "Sym_Fatigue": 1,
            "Sym_WeightChange": 1,
            "Sym_DrySkin": 1,
            "Sym_HairLoss": 1,
            "Sym_HeartRate": 0,
            "Sym_Digestion": 0,
            "Sym_IrregularPeriods": 0,
            "Sym_NeckSwelling": 1,
            "age": 22,
            "gender": 0
        },
        "prediction": "hypo",
        "mode": "Symptom-Only",
        "c_score": 85.2,
        "shap_values": [],
        "rf_prediction": "Hypothyroid",
        "svm_prediction": "Hypothyroid",
        "gb_prediction": "Hypothyroid",
        "cnn_prediction": "Hyperthyroid"
    }
}
{
    "timestamp": "2025-11-28 16:54:28",
    "user_id": "5",
    "received_input": {
        "form_data": {
            "": "female",
            "diabetes": 0,
            "highbloodpressure": 0,
            "highcholesterol": 1,
            "anemia": 0,
            "depressionanxiety": 1,
            "heartdisease": 0,
            "menstrualirregularities": 1,
            "autoimmunediseases": 0,
            "fh_hypothyroidism": 0,
            "fh_hyperthyroidism": 0,
            "fh_goiter": 0,
            "fh_thyroidcancer": 1,
            "sym_fatigue": 1,
            "sym_weightchange": 1,
            "sym_dryskin": 1,
            "sym_hairloss": 1,
            "sym_heartrate": 0,
            "sym_digestion": 1,
            "sym_irregularperiods": 0,
            "sym_neckswelling": 1,
            "tsh": 0,
            "tsh_value": "",
            "t3": 0,
            "t3_value": "",
            "t4": 0,
            "t4_value": "",
            "t4_uptake": 0,
            "t4_uptake_value": "",
            "fti": 0,
            "fti_value": "",
            "tshValue": "",
            "t3Value": "",
            "t4Value": "",
            "t4-uptakeValue": "",
            "ftiValue": "",
            "Diabetes": 0,
            "HighBloodPressure": 0,
            "HighCholesterol": 1,
            "Anemia": 0,
            "DepressionAnxiety": 1,
            "HeartDisease": 0,
            "MenstrualIrregularities": 1,
            "AutoimmuneDiseases": 0,
            "FH_Hypothyroidism": 0,
            "FH_Hyperthyroidism": 0,
            "FH_Goiter": 0,
            "FH_ThyroidCancer": 1,
            "Sym_Fatigue": 1,
            "Sym_WeightChange": 1,
            "Sym_DrySkin": 1,
            "Sym_HairLoss": 1,
            "Sym_HeartRate": 0,
            "Sym_Digestion": 1,
            "Sym_IrregularPeriods": 0,
            "Sym_NeckSwelling": 1,
            "age": 22,
            "gender": 0
        },
        "prediction": "hypo",
        "mode": "Symptom-Only",
        "c_score": 86.4,
        "shap_values": [],
        "rf_prediction": "Hypothyroid",
        "svm_prediction": "Hypothyroid",
        "gb_prediction": "Hypothyroid",
        "cnn_prediction": "Hyperthyroid"
    }
}
