{
    "timestamp": "2025-11-27 01:03:09",
    "user_id": "4",
    "received_input": {
        "form_data": {
            "thyroxine": 0,
            "advised-thyroxine": 0,
            "antithyroid": 0,
            "illness": 0,
            "pregnant": 0,
            "surgery": 0,
            "radioactive": 0,
            "hypo-suspected": 0,
            "hyper-suspected": 0,
            "lithium": 0,
            "goitre": 0,
            "tumor": 0,
            "hypopituitarism": 0,
            "psychiatric": 0,
            "tsh": 1,
            "t3": 0,
            "t4": 0,
            "t4-uptake": 1,
            "fti": 0,
            "Diabetes": 1,
            "HighBloodPressure": 1,
            "HighCholesterol": 0,
            "Anemia": 0,
            "DepressionAnxiety": 0,
            "HeartDisease": 0,
            "MenstrualIrregularities": 0,
            "AutoimmuneDiseases": 1,
            "FH_Hypothyroidism": 0,
            "FH_Hyperthyroidism": 0,
            "FH_Goiter": 1,
            "FH_ThyroidCancer": 0,
            "Sym_Fatigue": 1,
            "Sym_WeightChange": 0,
            "Sym_DrySkin": 1,
            "Sym_HairLoss": 1,
            "Sym_HeartRate": 0,
            "Sym_Digestion": 0,
            "Sym_IrregularPeriods": 0,
            "Sym_NeckSwelling": 0,
            "tshValue": 5,
            "t3Value": "",
            "t4Value": "",
            "t4-uptakeValue": "67",
            "ftiValue": "",
            "age": 22,
            "gender": 0
        },
        "prediction": "hypo",
        "mode": "Hybrid (Lab-Assisted)",
        "c_score": 67,
        "shap_values": [],
        "rf_prediction": "Hypothyroid",
        "svm_prediction": "Hypothyroid",
        "gb_prediction": "Hypothyroid",
        "cnn_prediction": "Hyperthyroid"
    }
}
{
    "timestamp": "2025-11-27 01:04:05",
    "user_id": "4",
    "received_input": {
        "form_data": {
            "thyroxine": 0,
            "advised-thyroxine": 0,
            "antithyroid": 0,
            "illness": 0,
            "pregnant": 0,
            "surgery": 0,
            "radioactive": 0,
            "hypo-suspected": 0,
            "hyper-suspected": 0,
            "lithium": 0,
            "goitre": 0,
            "tumor": 0,
            "hypopituitarism": 0,
            "psychiatric": 0,
            "tsh": 1,
            "t3": 0,
            "t4": 0,
            "t4-uptake": 1,
            "fti": 0,
            "Diabetes": 1,
            "HighBloodPressure": 1,
            "HighCholesterol": 0,
            "Anemia": 0,
            "DepressionAnxiety": 0,
            "HeartDisease": 0,
            "MenstrualIrregularities": 0,
            "AutoimmuneDiseases": 1,
            "FH_Hypothyroidism": 0,
            "FH_Hyperthyroidism": 0,
            "FH_Goiter": 1,
            "FH_ThyroidCancer": 0,
            "Sym_Fatigue": 1,
            "Sym_WeightChange": 0,
            "Sym_DrySkin": 1,
            "Sym_HairLoss": 1,
            "Sym_HeartRate": 0,
            "Sym_Digestion": 1,
            "Sym_IrregularPeriods": 1,
            "Sym_NeckSwelling": 0,
            "tshValue": 5,
            "t3Value": "",
            "t4Value": "",
            "t4-uptakeValue": "67",
            "ftiValue": "",
            "age": 22,
            "gender": 0
        },
        "prediction": "hypo",
        "mode": "Hybrid (Lab-Assisted)",
        "c_score": 68,
        "shap_values": [],
        "rf_prediction": "Hypothyroid",
        "svm_prediction": "Hypothyroid",
        "gb_prediction": "Hypothyroid",
        "cnn_prediction": "Hyperthyroid"
    }
}
{
    "timestamp": "2025-11-27 01:15:52",
    "user_id": "4",
    "received_input": {
        "form_data": {
            "thyroxine": 0,
            "advised-thyroxine": 0,
            "antithyroid": 0,
            "illness": 0,
            "pregnant": 0,
            "surgery": 0,
            "radioactive": 0,
            "hypo-suspected": 0,
            "hyper-suspected": 0,
            "lithium": 0,
            "goitre": 0,
            "tumor": 0,
            "hypopituitarism": 0,
            "psychiatric": 0,
            "tsh": 1,
            "t3": 0,
            "t4": 0,
            "t4-uptake": 0,
            "fti": 0,
            "Diabetes": 1,
            "HighBloodPressure": 0,
            "HighCholesterol": 1,
            "Anemia": 0,
            "DepressionAnxiety": 0,
            "HeartDisease": 1,
            "MenstrualIrregularities": 1,
            "AutoimmuneDiseases": 0,
            "FH_Hypothyroidism": 1,
            "FH_Hyperthyroidism": 0,
            "FH_Goiter": 0,
            "FH_ThyroidCancer": 0,
            "Sym_Fatigue": 1,
            "Sym_WeightChange": 0,
            "Sym_DrySkin": 0,
            "Sym_HairLoss": 1,
            "Sym_HeartRate": 0,
            "Sym_Digestion": 1,
            "Sym_IrregularPeriods": 0,
            "Sym_NeckSwelling": 0,
            "tshValue": 7,
            "t3Value": "",
            "t4Value": "",
            "t4-uptakeValue": "",
            "ftiValue": "",
            "age": 22,
            "gender": 0
        },
        "prediction": "hypo",
        "mode": "Hybrid (Lab-Assisted)",
        "c_score": 71,
        "shap_values": [],
        "rf_prediction": "Hypothyroid",
        "svm_prediction": "Hypothyroid",
        "gb_prediction": "Hypothyroid",
        "cnn_prediction": "Hyperthyroid"
    }
}
{
    "timestamp": "2025-11-27 01:16:13",
    "user_id": "4",
    "received_input": {
        "form_data": {
            "thyroxine": 0,
            "advised-thyroxine": 0,
            "antithyroid": 0,
            "illness": 0,
            "pregnant": 0,
            "surgery": 0,
            "radioactive": 0,
            "hypo-suspected": 0,
            "hyper-suspected": 0,
            "lithium": 0,
            "goitre": 0,
            "tumor": 0,
            "hypopituitarism": 0,
            "psychiatric": 0,
            "tsh": 0,
            "t3": 0,
            "t4": 0,
            "t4-uptake": 0,
            "fti": 0,
            "Diabetes": 1,
            "HighBloodPressure": 0,
            "HighCholesterol": 1,
            "Anemia": 0,
            "DepressionAnxiety": 0,
            "HeartDisease": 1,
            "MenstrualIrregularities": 1,
            "AutoimmuneDiseases": 0,
            "FH_Hypothyroidism": 1,
            "FH_Hyperthyroidism": 0,
            "FH_Goiter": 0,
            "FH_ThyroidCancer": 0,
            "Sym_Fatigue": 1,
            "Sym_WeightChange": 0,
            "Sym_DrySkin": 0,
            "Sym_HairLoss": 1,
            "Sym_HeartRate": 0,
            "Sym_Digestion": 1,
            "Sym_IrregularPeriods": 0,
            "Sym_NeckSwelling": 0,
            "tshValue": "",
            "t3Value": "",
            "t4Value": "",
            "t4-uptakeValue": "",
            "ftiValue": "",
            "age": 22,
            "gender": 0
        },
        "prediction": "hypo",
        "mode": "Symptom-Only",
        "c_score": 76,
        "shap_values": [],
        "rf_prediction": "Hypothyroid",
        "svm_prediction": "Hypothyroid",
        "gb_prediction": "Hypothyroid",
        "cnn_prediction": "Hyperthyroid"
    }
}
{
    "timestamp": "2025-11-27 01:16:22",
    "user_id": "4",
    "received_input": {
        "form_data": {
            "thyroxine": 0,
            "advised-thyroxine": 0,
            "antithyroid": 0,
            "illness": 0,
            "pregnant": 0,
            "surgery": 0,
            "radioactive": 0,
            "hypo-suspected": 0,
            "hyper-suspected": 0,
            "lithium": 0,
            "goitre": 0,
            "tumor": 0,
            "hypopituitarism": 0,
            "psychiatric": 0,
            "tsh": 0,
            "t3": 0,
            "t4": 0,
            "t4-uptake": 0,
            "fti": 0,
            "Diabetes": 1,
            "HighBloodPressure": 0,
            "HighCholesterol": 1,
            "Anemia": 0,
            "DepressionAnxiety": 0,
            "HeartDisease": 1,
            "MenstrualIrregularities": 1,
            "AutoimmuneDiseases": 0,
            "FH_Hypothyroidism": 0,
            "FH_Hyperthyroidism": 0,
            "FH_Goiter": 0,
            "FH_ThyroidCancer": 0,
            "Sym_Fatigue": 1,
            "Sym_WeightChange": 0,
            "Sym_DrySkin": 0,
            "Sym_HairLoss": 1,
            "Sym_HeartRate": 0,
            "Sym_Digestion": 1,
            "Sym_IrregularPeriods": 0,
            "Sym_NeckSwelling": 0,
            "tshValue": "",
            "t3Value": "",
            "t4Value": "",
            "t4-uptakeValue": "",
            "ftiValue": "",
            "age": 22,
            "gender": 0
        },
        "prediction": "normal",
        "mode": "Symptom-Only",
        "c_score": 70,
        "shap_values": [],
        "rf_prediction": "Hypothyroid",
        "svm_prediction": "Hypothyroid",
        "gb_prediction": "Hypothyroid",
        "cnn_prediction": "Hyperthyroid"
    }
}
{
    "timestamp": "2025-11-27 01:16:34",
    "user_id": "4",
    "received_input": {
        "form_data": {
            "thyroxine": 0,
            "advised-thyroxine": 0,
            "antithyroid": 0,
            "illness": 0,
            "pregnant": 0,
            "surgery": 0,
            "radioactive": 0,
            "hypo-suspected": 0,
            "hyper-suspected": 0,
            "lithium": 0,
            "goitre": 0,
            "tumor": 0,
            "hypopituitarism": 0,
            "psychiatric": 0,
            "tsh": 0,
            "t3": 0,
            "t4": 0,
            "t4-uptake": 0,
            "fti": 0,
            "Diabetes": 1,
            "HighBloodPressure": 0,
            "HighCholesterol": 1,
            "Anemia": 0,
            "DepressionAnxiety": 0,
            "HeartDisease": 1,
            "MenstrualIrregularities": 1,
            "AutoimmuneDiseases": 0,
            "FH_Hypothyroidism": 0,
            "FH_Hyperthyroidism": 0,
            "FH_Goiter": 1,
            "FH_ThyroidCancer": 0,
            "Sym_Fatigue": 1,
            "Sym_WeightChange": 0,
            "Sym_DrySkin": 0,
            "Sym_HairLoss": 1,
            "Sym_HeartRate": 0,
            "Sym_Digestion": 1,
            "Sym_IrregularPeriods": 1,
            "Sym_NeckSwelling": 0,
            "tshValue": "",
            "t3Value": "",
            "t4Value": "",
            "t4-uptakeValue": "",
            "ftiValue": "",
            "age": 22,
            "gender": 0
        },
        "prediction": "hypo",
        "mode": "Symptom-Only",
        "c_score": 74,
        "shap_values": [],
        "rf_prediction": "Hypothyroid",
        "svm_prediction": "Hypothyroid",
        "gb_prediction": "Hypothyroid",
        "cnn_prediction": "Hyperthyroid"
    }
}
{
    "timestamp": "2025-11-27 01:17:08",
    "user_id": "4",
    "received_input": {
        "form_data": {
            "thyroxine": 0,
            "advised-thyroxine": 0,
            "antithyroid": 0,
            "illness": 0,
            "pregnant": 0,
            "surgery": 0,
            "radioactive": 0,
            "hypo-suspected": 0,
            "hyper-suspected": 0,
            "lithium": 0,
            "goitre": 0,
            "tumor": 0,
            "hypopituitarism": 0,
            "psychiatric": 0,
            "tsh": 0,
            "t3": 0,
            "t4": 0,
            "t4-uptake": 0,
            "fti": 0,
            "Diabetes": 1,
            "HighBloodPressure": 0,
            "HighCholesterol": 1,
            "Anemia": 0,
            "DepressionAnxiety": 0,
            "HeartDisease": 1,
            "MenstrualIrregularities": 1,
            "AutoimmuneDiseases": 0,
            "FH_Hypothyroidism": 0,
            "FH_Hyperthyroidism": 0,
            "FH_Goiter": 1,
            "FH_ThyroidCancer": 0,
            "Sym_Fatigue": 1,
            "Sym_WeightChange": 0,
            "Sym_DrySkin": 0,
            "Sym_HairLoss": 1,
            "Sym_HeartRate": 0,
            "Sym_Digestion": 1,
            "Sym_IrregularPeriods": 1,
            "Sym_NeckSwelling": 0,
            "tshValue": "",
            "t3Value": "",
            "t4Value": "",
            "t4-uptakeValue": "",
            "ftiValue": "",
            "age": 22,
            "gender": 0
        },
        "prediction": "hypo",
        "mode": "Symptom-Only",
        "c_score": 74,
        "shap_values": [],
        "rf_prediction": "Hypothyroid",
        "svm_prediction": "Hypothyroid",
        "gb_prediction": "Hypothyroid",
        "cnn_prediction": "Hyperthyroid"
    }
}
{
    "timestamp": "2025-11-27 01:21:17",
    "user_id": "4",
    "received_input": {
        "form_data": {
            "thyroxine": 0,
            "advised-thyroxine": 0,
            "antithyroid": 0,
            "illness": 0,
            "pregnant": 0,
            "surgery": 0,
            "radioactive": 0,
            "hypo-suspected": 0,
            "hyper-suspected": 0,
            "lithium": 0,
            "goitre": 0,
            "tumor": 0,
            "hypopituitarism": 0,
            "psychiatric": 0,
            "tsh": 0,
            "t3": 0,
            "t4": 0,
            "t4-uptake": 0,
            "fti": 0,
            "Diabetes": 0,
            "HighBloodPressure": 1,
            "HighCholesterol": 1,
            "Anemia": 1,
            "DepressionAnxiety": 1,
            "HeartDisease": 0,
            "MenstrualIrregularities": 1,
            "AutoimmuneDiseases": 1,
            "FH_Hypothyroidism": 0,
            "FH_Hyperthyroidism": 0,
            "FH_Goiter": 1,
            "FH_ThyroidCancer": 0,
            "Sym_Fatigue": 1,
            "Sym_WeightChange": 0,
            "Sym_DrySkin": 0,
            "Sym_HairLoss": 0,
            "Sym_HeartRate": 0,
            "Sym_Digestion": 1,
            "Sym_IrregularPeriods": 0,
            "Sym_NeckSwelling": 1,
            "tshValue": "",
            "t3Value": "",
            "t4Value": "",
            "t4-uptakeValue": "",
            "ftiValue": "",
            "age": 22,
            "gender": 0
        },
        "prediction": "hypo",
        "mode": "Symptom-Only",
        "c_score": 74,
        "shap_values": [],
        "rf_prediction": "Hypothyroid",
        "svm_prediction": "Hypothyroid",
        "gb_prediction": "Hypothyroid",
        "cnn_prediction": "Hyperthyroid"
    }
}
{
    "timestamp": "2025-11-27 01:22:09",
    "user_id": "4",
    "received_input": {
        "form_data": {
            "thyroxine": 0,
            "advised-thyroxine": 0,
            "antithyroid": 0,
            "illness": 0,
            "pregnant": 0,
            "surgery": 0,
            "radioactive": 0,
            "hypo-suspected": 0,
            "hyper-suspected": 0,
            "lithium": 0,
            "goitre": 0,
            "tumor": 0,
            "hypopituitarism": 0,
            "psychiatric": 0,
            "tsh": 0,
            "t3": 0,
            "t4": 0,
            "t4-uptake": 0,
            "fti": 0,
            "Diabetes": 0,
            "HighBloodPressure": 1,
            "HighCholesterol": 1,
            "Anemia": 1,
            "DepressionAnxiety": 1,
            "HeartDisease": 0,
            "MenstrualIrregularities": 1,
            "AutoimmuneDiseases": 1,
            "FH_Hypothyroidism": 0,
            "FH_Hyperthyroidism": 0,
            "FH_Goiter": 1,
            "FH_ThyroidCancer": 0,
            "Sym_Fatigue": 1,
            "Sym_WeightChange": 0,
            "Sym_DrySkin": 0,
            "Sym_HairLoss": 0,
            "Sym_HeartRate": 0,
            "Sym_Digestion": 1,
            "Sym_IrregularPeriods": 0,
            "Sym_NeckSwelling": 1,
            "tshValue": "",
            "t3Value": "",
            "t4Value": "",
            "t4-uptakeValue": "",
            "ftiValue": "",
            "age": 22,
            "gender": 0
        },
        "prediction": "hypo",
        "mode": "Symptom-Only",
        "c_score": 74,
        "shap_values": [],
        "rf_prediction": "Hypothyroid",
        "svm_prediction": "Hypothyroid",
        "gb_prediction": "Hypothyroid",
        "cnn_prediction": "Hyperthyroid"
    }
}
{
    "timestamp": "2025-11-27 01:22:16",
    "user_id": "4",
    "received_input": {
        "form_data": {
            "thyroxine": 0,
            "advised-thyroxine": 0,
            "antithyroid": 0,
            "illness": 0,
            "pregnant": 0,
            "surgery": 0,
            "radioactive": 0,
            "hypo-suspected": 0,
            "hyper-suspected": 0,
            "lithium": 0,
            "goitre": 0,
            "tumor": 0,
            "hypopituitarism": 0,
            "psychiatric": 0,
            "tsh": 0,
            "t3": 0,
            "t4": 0,
            "t4-uptake": 0,
            "fti": 0,
            "Diabetes": 0,
            "HighBloodPressure": 1,
            "HighCholesterol": 1,
            "Anemia": 1,
            "DepressionAnxiety": 1,
            "HeartDisease": 0,
            "MenstrualIrregularities": 1,
            "AutoimmuneDiseases": 1,
            "FH_Hypothyroidism": 0,
            "FH_Hyperthyroidism": 1,
            "FH_Goiter": 1,
            "FH_ThyroidCancer": 0,
            "Sym_Fatigue": 1,
            "Sym_WeightChange": 0,
            "Sym_DrySkin": 0,
            "Sym_HairLoss": 0,
            "Sym_HeartRate": 0,
            "Sym_Digestion": 1,
            "Sym_IrregularPeriods": 1,
            "Sym_NeckSwelling": 1,
            "tshValue": "",
            "t3Value": "",
            "t4Value": "",
            "t4-uptakeValue": "",
            "ftiValue": "",
            "age": 22,
            "gender": 0
        },
        "prediction": "hyper",
        "mode": "Symptom-Only",
        "c_score": 77,
        "shap_values": [],
        "rf_prediction": "Hyperthyroid",
        "svm_prediction": "Hyperthyroid",
        "gb_prediction": "Hyperthyroid",
        "cnn_prediction": "Hyperthyroid"
    }
}
{
    "timestamp": "2025-11-27 01:26:36",
    "user_id": "4",
    "received_input": {
        "form_data": {
            "thyroxine": 0,
            "advised-thyroxine": 0,
            "antithyroid": 0,
            "illness": 0,
            "pregnant": 0,
            "surgery": 0,
            "radioactive": 0,
            "hypo-suspected": 0,
            "hyper-suspected": 0,
            "lithium": 0,
            "goitre": 0,
            "tumor": 0,
            "hypopituitarism": 0,
            "psychiatric": 0,
            "tsh": 1,
            "t3": 0,
            "t4": 0,
            "t4-uptake": 0,
            "fti": 1,
            "Diabetes": 1,
            "HighBloodPressure": 0,
            "HighCholesterol": 0,
            "Anemia": 0,
            "DepressionAnxiety": 1,
            "HeartDisease": 0,
            "MenstrualIrregularities": 0,
            "AutoimmuneDiseases": 0,
            "FH_Hypothyroidism": 0,
            "FH_Hyperthyroidism": 0,
            "FH_Goiter": 1,
            "FH_ThyroidCancer": 0,
            "Sym_Fatigue": 0,
            "Sym_WeightChange": 1,
            "Sym_DrySkin": 1,
            "Sym_HairLoss": 0,
            "Sym_HeartRate": 0,
            "Sym_Digestion": 0,
            "Sym_IrregularPeriods": 1,
            "Sym_NeckSwelling": 0,
            "tshValue": 6,
            "t3Value": "",
            "t4Value": "",
            "t4-uptakeValue": "",
            "ftiValue": 5,
            "age": 22,
            "gender": 0
        },
        "prediction": "normal",
        "mode": "Hybrid (Lab-Assisted)",
        "c_score": 70,
        "shap_values": [],
        "rf_prediction": "Hypothyroid",
        "svm_prediction": "Hypothyroid",
        "gb_prediction": "Hypothyroid",
        "cnn_prediction": "Hyperthyroid"
    }
}
{
    "timestamp": "2025-11-27 01:26:58",
    "user_id": "4",
    "received_input": {
        "form_data": {
            "thyroxine": 0,
            "advised-thyroxine": 0,
            "antithyroid": 0,
            "illness": 0,
            "pregnant": 0,
            "surgery": 0,
            "radioactive": 0,
            "hypo-suspected": 0,
            "hyper-suspected": 0,
            "lithium": 0,
            "goitre": 0,
            "tumor": 0,
            "hypopituitarism": 0,
            "psychiatric": 0,
            "tsh": 1,
            "t3": 0,
            "t4": 0,
            "t4-uptake": 0,
            "fti": 1,
            "Diabetes": 1,
            "HighBloodPressure": 0,
            "HighCholesterol": 0,
            "Anemia": 0,
            "DepressionAnxiety": 1,
            "HeartDisease": 0,
            "MenstrualIrregularities": 0,
            "AutoimmuneDiseases": 0,
            "FH_Hypothyroidism": 0,
            "FH_Hyperthyroidism": 0,
            "FH_Goiter": 1,
            "FH_ThyroidCancer": 0,
            "Sym_Fatigue": 0,
            "Sym_WeightChange": 1,
            "Sym_DrySkin": 1,
            "Sym_HairLoss": 0,
            "Sym_HeartRate": 0,
            "Sym_Digestion": 0,
            "Sym_IrregularPeriods": 1,
            "Sym_NeckSwelling": 0,
            "tshValue": 6,
            "t3Value": "",
            "t4Value": "",
            "t4-uptakeValue": "",
            "ftiValue": 5,
            "age": 22,
            "gender": 0
        },
        "prediction": "normal",
        "mode": "Hybrid (Lab-Assisted)",
        "c_score": 70,
        "shap_values": [],
        "rf_prediction": "Hypothyroid",
        "svm_prediction": "Hypothyroid",
        "gb_prediction": "Hypothyroid",
        "cnn_prediction": "Hyperthyroid"
    }
}
{
    "timestamp": "2025-11-27 14:32:23",
    "user_id": "4",
    "received_input": {
        "form_data": {
            "thyroxine": 0,
            "advised-thyroxine": 0,
            "antithyroid": 0,
            "illness": 0,
            "pregnant": 0,
            "surgery": 0,
            "radioactive": 0,
            "hypo-suspected": 0,
            "hyper-suspected": 0,
            "lithium": 0,
            "goitre": 0,
            "tumor": 0,
            "hypopituitarism": 0,
            "psychiatric": 0,
            "tsh": 1,
            "t3": 0,
            "t4": 0,
            "t4-uptake": 0,
            "fti": 0,
            "Diabetes": 1,
            "HighBloodPressure": 0,
            "HighCholesterol": 0,
            "Anemia": 0,
            "DepressionAnxiety": 1,
            "HeartDisease": 0,
            "MenstrualIrregularities": 0,
            "AutoimmuneDiseases": 0,
            "FH_Hypothyroidism": 0,
            "FH_Hyperthyroidism": 0,
            "FH_Goiter": 1,
            "FH_ThyroidCancer": 1,
            "Sym_Fatigue": 0,
            "Sym_WeightChange": 1,
            "Sym_DrySkin": 0,
            "Sym_HairLoss": 0,
            "Sym_HeartRate": 1,
            "Sym_Digestion": 0,
            "Sym_IrregularPeriods": 0,
            "Sym_NeckSwelling": 1,
            "tshValue": 6,
            "t3Value": "",
            "t4Value": "",
            "t4-uptakeValue": "",
            "ftiValue": "",
            "age": 22,
            "gender": 0
        },
        "prediction": "hyper",
        "mode": "Hybrid (Lab-Assisted)",
        "c_score": 70,
        "shap_values": [],
        "rf_prediction": "Hypothyroid",
        "svm_prediction": "Hypothyroid",
        "gb_prediction": "Hypothyroid",
        "cnn_prediction": "Hyperthyroid"
    }
}
{
    "timestamp": "2025-11-27 14:44:21",
    "user_id": "4",
    "received_input": {
        "form_data": {
            "": "female",
            "diabetes": 1,
            "highbloodpressure": 0,
            "highcholesterol": 0,
            "anemia": 0,
            "depressionanxiety": 1,
            "heartdisease": 0,
            "menstrualirregularities": 0,
            "autoimmunediseases": 1,
            "fh_hypothyroidism": 0,
            "fh_hyperthyroidism": 0,
            "fh_goiter": 1,
            "fh_thyroidcancer": 0,
            "sym_fatigue": 1,
            "sym_weightchange": 0,
            "sym_dryskin": 1,
            "sym_hairloss": 0,
            "sym_heartrate": 0,
            "sym_digestion": 1,
            "sym_irregularperiods": 0,
            "sym_neckswelling": 0,
            "tsh": 1,
            "tsh_value": "8",
            "t3": 0,
            "t3_value": "",
            "t4": 0,
            "t4_value": "",
            "t4_uptake": 0,
            "t4_uptake_value": "",
            "fti": 0,
            "fti_value": "",
            "tshValue": 8,
            "t3Value": "",
            "t4Value": "",
            "t4-uptakeValue": "",
            "ftiValue": "",
            "Diabetes": 1,
            "HighBloodPressure": 0,
            "HighCholesterol": 0,
            "Anemia": 0,
            "DepressionAnxiety": 1,
            "HeartDisease": 0,
            "MenstrualIrregularities": 0,
            "AutoimmuneDiseases": 1,
            "FH_Hypothyroidism": 0,
            "FH_Hyperthyroidism": 0,
            "FH_Goiter": 1,
            "FH_ThyroidCancer": 0,
            "Sym_Fatigue": 1,
            "Sym_WeightChange": 0,
            "Sym_DrySkin": 1,
            "Sym_HairLoss": 0,
            "Sym_HeartRate": 0,
            "Sym_Digestion": 1,
            "Sym_IrregularPeriods": 0,
            "Sym_NeckSwelling": 0,
            "age": 22,
            "gender": 0
        },
        "prediction": "hypo",
        "mode": "Hybrid (Lab-Assisted)",
        "c_score": 70,
        "shap_values": [],
        "rf_prediction": "Hypothyroid",
        "svm_prediction": "Hypothyroid",
        "gb_prediction": "Hypothyroid",
        "cnn_prediction": "Hyperthyroid"
    }
}
{
    "timestamp": "2025-11-27 14:44:33",
    "user_id": "4",
    "received_input": {
        "form_data": {
            "": "female",
            "diabetes": 1,
            "highbloodpressure": 0,
            "highcholesterol": 0,
            "anemia": 0,
            "depressionanxiety": 1,
            "heartdisease": 0,
            "menstrualirregularities": 0,
            "autoimmunediseases": 1,
            "fh_hypothyroidism": 0,
            "fh_hyperthyroidism": 0,
            "fh_goiter": 1,
            "fh_thyroidcancer": 0,
            "sym_fatigue": 1,
            "sym_weightchange": 0,
            "sym_dryskin": 1,
            "sym_hairloss": 0,
            "sym_heartrate": 0,
            "sym_digestion": 1,
            "sym_irregularperiods": 0,
            "sym_neckswelling": 0,
            "tsh": 0,
            "tsh_value": "",
            "t3": 0,
            "t3_value": "",
            "t4": 0,
            "t4_value": "",
            "t4_uptake": 0,
            "t4_uptake_value": "",
            "fti": 0,
            "fti_value": "",
            "tshValue": "",
            "t3Value": "",
            "t4Value": "",
            "t4-uptakeValue": "",
            "ftiValue": "",
            "Diabetes": 1,
            "HighBloodPressure": 0,
            "HighCholesterol": 0,
            "Anemia": 0,
            "DepressionAnxiety": 1,
            "HeartDisease": 0,
            "MenstrualIrregularities": 0,
            "AutoimmuneDiseases": 1,
            "FH_Hypothyroidism": 0,
            "FH_Hyperthyroidism": 0,
            "FH_Goiter": 1,
            "FH_ThyroidCancer": 0,
            "Sym_Fatigue": 1,
            "Sym_WeightChange": 0,
            "Sym_DrySkin": 1,
            "Sym_HairLoss": 0,
            "Sym_HeartRate": 0,
            "Sym_Digestion": 1,
            "Sym_IrregularPeriods": 0,
            "Sym_NeckSwelling": 0,
            "age": 22,
            "gender": 0
        },
        "prediction": "hypo",
        "mode": "Symptom-Only",
        "c_score": 74,
        "shap_values": [],
        "rf_prediction": "Hypothyroid",
        "svm_prediction": "Hypothyroid",
        "gb_prediction": "Hypothyroid",
        "cnn_prediction": "Hyperthyroid"
    }
}
{
    "timestamp": "2025-11-27 14:44:53",
    "user_id": "4",
    "received_input": {
        "form_data": {
            "": "female",
            "diabetes": 1,
            "highbloodpressure": 0,
            "highcholesterol": 0,
            "anemia": 0,
            "depressionanxiety": 1,
            "heartdisease": 1,
            "menstrualirregularities": 0,
            "autoimmunediseases": 1,
            "fh_hypothyroidism": 0,
            "fh_hyperthyroidism": 0,
            "fh_goiter": 1,
            "fh_thyroidcancer": 0,
            "sym_fatigue": 1,
            "sym_weightchange": 0,
            "sym_dryskin": 1,
            "sym_hairloss": 0,
            "sym_heartrate": 0,
            "sym_digestion": 1,
            "sym_irregularperiods": 0,
            "sym_neckswelling": 0,
            "tsh": 0,
            "tsh_value": "",
            "t3": 0,
            "t3_value": "",
            "t4": 0,
            "t4_value": "",
            "t4_uptake": 0,
            "t4_uptake_value": "",
            "fti": 0,
            "fti_value": "",
            "tshValue": "",
            "t3Value": "",
            "t4Value": "",
            "t4-uptakeValue": "",
            "ftiValue": "",
            "Diabetes": 1,
            "HighBloodPressure": 0,
            "HighCholesterol": 0,
            "Anemia": 0,
            "DepressionAnxiety": 1,
            "HeartDisease": 1,
            "MenstrualIrregularities": 0,
            "AutoimmuneDiseases": 1,
            "FH_Hypothyroidism": 0,
            "FH_Hyperthyroidism": 0,
            "FH_Goiter": 1,
            "FH_ThyroidCancer": 0,
            "Sym_Fatigue": 1,
            "Sym_WeightChange": 0,
            "Sym_DrySkin": 1,
            "Sym_HairLoss": 0,
            "Sym_HeartRate": 0,
            "Sym_Digestion": 1,
            "Sym_IrregularPeriods": 0,
            "Sym_NeckSwelling": 0,
            "age": 22,
            "gender": 0
        },
        "prediction": "hypo",
        "mode": "Symptom-Only",
        "c_score": 74,
        "shap_values": [],
        "rf_prediction": "Hypothyroid",
        "svm_prediction": "Hypothyroid",
        "gb_prediction": "Hypothyroid",
        "cnn_prediction": "Hyperthyroid"
    }
}
{
    "timestamp": "2025-11-27 14:44:58",
    "user_id": "4",
    "received_input": {
        "form_data": {
            "": "female",
            "diabetes": 1,
            "highbloodpressure": 0,
            "highcholesterol": 0,
            "anemia": 0,
            "depressionanxiety": 1,
            "heartdisease": 1,
            "menstrualirregularities": 0,
            "autoimmunediseases": 1,
            "fh_hypothyroidism": 0,
            "fh_hyperthyroidism": 0,
            "fh_goiter": 1,
            "fh_thyroidcancer": 0,
            "sym_fatigue": 1,
            "sym_weightchange": 0,
            "sym_dryskin": 1,
            "sym_hairloss": 0,
            "sym_heartrate": 0,
            "sym_digestion": 1,
            "sym_irregularperiods": 0,
            "sym_neckswelling": 1,
            "tsh": 0,
            "tsh_value": "",
            "t3": 0,
            "t3_value": "",
            "t4": 0,
            "t4_value": "",
            "t4_uptake": 0,
            "t4_uptake_value": "",
            "fti": 0,
            "fti_value": "",
            "tshValue": "",
            "t3Value": "",
            "t4Value": "",
            "t4-uptakeValue": "",
            "ftiValue": "",
            "Diabetes": 1,
            "HighBloodPressure": 0,
            "HighCholesterol": 0,
            "Anemia": 0,
            "DepressionAnxiety": 1,
            "HeartDisease": 1,
            "MenstrualIrregularities": 0,
            "AutoimmuneDiseases": 1,
            "FH_Hypothyroidism": 0,
            "FH_Hyperthyroidism": 0,
            "FH_Goiter": 1,
            "FH_ThyroidCancer": 0,
            "Sym_Fatigue": 1,
            "Sym_WeightChange": 0,
            "Sym_DrySkin": 1,
            "Sym_HairLoss": 0,
            "Sym_HeartRate": 0,
            "Sym_Digestion": 1,
            "Sym_IrregularPeriods": 0,
            "Sym_NeckSwelling": 1,
            "age": 22,
            "gender": 0
        },
        "prediction": "hypo",
        "mode": "Symptom-Only",
        "c_score": 72,
        "shap_values": [],
        "rf_prediction": "Hypothyroid",
        "svm_prediction": "Hypothyroid",
        "gb_prediction": "Hypothyroid",
        "cnn_prediction": "Hyperthyroid"
    }
}
{
    "timestamp": "2025-11-27 14:45:04",
    "user_id": "4",
    "received_input": {
        "form_data": {
            "": "female",
            "diabetes": 1,
            "highbloodpressure": 0,
            "highcholesterol": 0,
            "anemia": 0,
            "depressionanxiety": 1,
            "heartdisease": 1,
            "menstrualirregularities": 0,
            "autoimmunediseases": 1,
            "fh_hypothyroidism": 0,
            "fh_hyperthyroidism": 0,
            "fh_goiter": 1,
            "fh_thyroidcancer": 1,
            "sym_fatigue": 1,
            "sym_weightchange": 0,
            "sym_dryskin": 1,
            "sym_hairloss": 0,
            "sym_heartrate": 0,
            "sym_digestion": 1,
            "sym_irregularperiods": 0,
            "sym_neckswelling": 1,
            "tsh": 0,
            "tsh_value": "",
            "t3": 0,
            "t3_value": "",
            "t4": 0,
            "t4_value": "",
            "t4_uptake": 0,
            "t4_uptake_value": "",
            "fti": 0,
            "fti_value": "",
            "tshValue": "",
            "t3Value": "",
            "t4Value": "",
            "t4-uptakeValue": "",
            "ftiValue": "",
            "Diabetes": 1,
            "HighBloodPressure": 0,
            "HighCholesterol": 0,
            "Anemia": 0,
            "DepressionAnxiety": 1,
            "HeartDisease": 1,
            "MenstrualIrregularities": 0,
            "AutoimmuneDiseases": 1,
            "FH_Hypothyroidism": 0,
            "FH_Hyperthyroidism": 0,
            "FH_Goiter": 1,
            "FH_ThyroidCancer": 1,
            "Sym_Fatigue": 1,
            "Sym_WeightChange": 0,
            "Sym_DrySkin": 1,
            "Sym_HairLoss": 0,
            "Sym_HeartRate": 0,
            "Sym_Digestion": 1,
            "Sym_IrregularPeriods": 0,
            "Sym_NeckSwelling": 1,
            "age": 22,
            "gender": 0
        },
        "prediction": "hypo",
        "mode": "Symptom-Only",
        "c_score": 72,
        "shap_values": [],
        "rf_prediction": "Hypothyroid",
        "svm_prediction": "Hypothyroid",
        "gb_prediction": "Hypothyroid",
        "cnn_prediction": "Hyperthyroid"
    }
}
{
    "timestamp": "2025-11-27 14:45:12",
    "user_id": "4",
    "received_input": {
        "form_data": {
            "": "female",
            "diabetes": 1,
            "highbloodpressure": 0,
            "highcholesterol": 0,
            "anemia": 0,
            "depressionanxiety": 1,
            "heartdisease": 1,
            "menstrualirregularities": 0,
            "autoimmunediseases": 1,
            "fh_hypothyroidism": 0,
            "fh_hyperthyroidism": 1,
            "fh_goiter": 1,
            "fh_thyroidcancer": 1,
            "sym_fatigue": 1,
            "sym_weightchange": 0,
            "sym_dryskin": 1,
            "sym_hairloss": 0,
            "sym_heartrate": 0,
            "sym_digestion": 1,
            "sym_irregularperiods": 0,
            "sym_neckswelling": 1,
            "tsh": 0,
            "tsh_value": "",
            "t3": 0,
            "t3_value": "",
            "t4": 0,
            "t4_value": "",
            "t4_uptake": 0,
            "t4_uptake_value": "",
            "fti": 0,
            "fti_value": "",
            "tshValue": "",
            "t3Value": "",
            "t4Value": "",
            "t4-uptakeValue": "",
            "ftiValue": "",
            "Diabetes": 1,
            "HighBloodPressure": 0,
            "HighCholesterol": 0,
            "Anemia": 0,
            "DepressionAnxiety": 1,
            "HeartDisease": 1,
            "MenstrualIrregularities": 0,
            "AutoimmuneDiseases": 1,
            "FH_Hypothyroidism": 0,
            "FH_Hyperthyroidism": 1,
            "FH_Goiter": 1,
            "FH_ThyroidCancer": 1,
            "Sym_Fatigue": 1,
            "Sym_WeightChange": 0,
            "Sym_DrySkin": 1,
            "Sym_HairLoss": 0,
            "Sym_HeartRate": 0,
            "Sym_Digestion": 1,
            "Sym_IrregularPeriods": 0,
            "Sym_NeckSwelling": 1,
            "age": 22,
            "gender": 0
        },
        "prediction": "hyper",
        "mode": "Symptom-Only",
        "c_score": 70,
        "shap_values": [],
        "rf_prediction": "Hypothyroid",
        "svm_prediction": "Hyperthyroid",
        "gb_prediction": "Hypothyroid",
        "cnn_prediction": "Hyperthyroid"
    }
}
{
    "timestamp": "2025-11-27 14:45:26",
    "user_id": "4",
    "received_input": {
        "form_data": {
            "": "female",
            "diabetes": 1,
            "highbloodpressure": 0,
            "highcholesterol": 0,
            "anemia": 0,
            "depressionanxiety": 0,
            "heartdisease": 1,
            "menstrualirregularities": 0,
            "autoimmunediseases": 1,
            "fh_hypothyroidism": 0,
            "fh_hyperthyroidism": 1,
            "fh_goiter": 1,
            "fh_thyroidcancer": 1,
            "sym_fatigue": 1,
            "sym_weightchange": 0,
            "sym_dryskin": 1,
            "sym_hairloss": 0,
            "sym_heartrate": 0,
            "sym_digestion": 1,
            "sym_irregularperiods": 0,
            "sym_neckswelling": 1,
            "tsh": 0,
            "tsh_value": "",
            "t3": 0,
            "t3_value": "",
            "t4": 0,
            "t4_value": "",
            "t4_uptake": 0,
            "t4_uptake_value": "",
            "fti": 0,
            "fti_value": "",
            "tshValue": "",
            "t3Value": "",
            "t4Value": "",
            "t4-uptakeValue": "",
            "ftiValue": "",
            "Diabetes": 1,
            "HighBloodPressure": 0,
            "HighCholesterol": 0,
            "Anemia": 0,
            "DepressionAnxiety": 0,
            "HeartDisease": 1,
            "MenstrualIrregularities": 0,
            "AutoimmuneDiseases": 1,
            "FH_Hypothyroidism": 0,
            "FH_Hyperthyroidism": 1,
            "FH_Goiter": 1,
            "FH_ThyroidCancer": 1,
            "Sym_Fatigue": 1,
            "Sym_WeightChange": 0,
            "Sym_DrySkin": 1,
            "Sym_HairLoss": 0,
            "Sym_HeartRate": 0,
            "Sym_Digestion": 1,
            "Sym_IrregularPeriods": 0,
            "Sym_NeckSwelling": 1,
            "age": 22,
            "gender": 0
        },
        "prediction": "hypo",
        "mode": "Symptom-Only",
        "c_score": 70,
        "shap_values": [],
        "rf_prediction": "Hypothyroid",
        "svm_prediction": "Hyperthyroid",
        "gb_prediction": "Hypothyroid",
        "cnn_prediction": "Hyperthyroid"
    }
}
{
    "timestamp": "2025-11-27 14:45:37",
    "user_id": "4",
    "received_input": {
        "form_data": {
            "": "female",
            "diabetes": 1,
            "highbloodpressure": 0,
            "highcholesterol": 1,
            "anemia": 0,
            "depressionanxiety": 0,
            "heartdisease": 1,
            "menstrualirregularities": 0,
            "autoimmunediseases": 1,
            "fh_hypothyroidism": 0,
            "fh_hyperthyroidism": 1,
            "fh_goiter": 1,
            "fh_thyroidcancer": 1,
            "sym_fatigue": 1,
            "sym_weightchange": 0,
            "sym_dryskin": 1,
            "sym_hairloss": 0,
            "sym_heartrate": 0,
            "sym_digestion": 1,
            "sym_irregularperiods": 0,
            "sym_neckswelling": 1,
            "tsh": 0,
            "tsh_value": "",
            "t3": 0,
            "t3_value": "",
            "t4": 0,
            "t4_value": "",
            "t4_uptake": 0,
            "t4_uptake_value": "",
            "fti": 0,
            "fti_value": "",
            "tshValue": "",
            "t3Value": "",
            "t4Value": "",
            "t4-uptakeValue": "",
            "ftiValue": "",
            "Diabetes": 1,
            "HighBloodPressure": 0,
            "HighCholesterol": 1,
            "Anemia": 0,
            "DepressionAnxiety": 0,
            "HeartDisease": 1,
            "MenstrualIrregularities": 0,
            "AutoimmuneDiseases": 1,
            "FH_Hypothyroidism": 0,
            "FH_Hyperthyroidism": 1,
            "FH_Goiter": 1,
            "FH_ThyroidCancer": 1,
            "Sym_Fatigue": 1,
            "Sym_WeightChange": 0,
            "Sym_DrySkin": 1,
            "Sym_HairLoss": 0,
            "Sym_HeartRate": 0,
            "Sym_Digestion": 1,
            "Sym_IrregularPeriods": 0,
            "Sym_NeckSwelling": 1,
            "age": 22,
            "gender": 0
        },
        "prediction": "hypo",
        "mode": "Symptom-Only",
        "c_score": 70,
        "shap_values": [],
        "rf_prediction": "Hypothyroid",
        "svm_prediction": "Hyperthyroid",
        "gb_prediction": "Hypothyroid",
        "cnn_prediction": "Hyperthyroid"
    }
}
{
    "timestamp": "2025-11-27 14:45:46",
    "user_id": "4",
    "received_input": {
        "form_data": {
            "": "female",
            "diabetes": 1,
            "highbloodpressure": 0,
            "highcholesterol": 1,
            "anemia": 0,
            "depressionanxiety": 0,
            "heartdisease": 1,
            "menstrualirregularities": 0,
            "autoimmunediseases": 1,
            "fh_hypothyroidism": 0,
            "fh_hyperthyroidism": 1,
            "fh_goiter": 1,
            "fh_thyroidcancer": 1,
            "sym_fatigue": 1,
            "sym_weightchange": 0,
            "sym_dryskin": 1,
            "sym_hairloss": 0,
            "sym_heartrate": 0,
            "sym_digestion": 0,
            "sym_irregularperiods": 0,
            "sym_neckswelling": 1,
            "tsh": 0,
            "tsh_value": "",
            "t3": 0,
            "t3_value": "",
            "t4": 0,
            "t4_value": "",
            "t4_uptake": 0,
            "t4_uptake_value": "",
            "fti": 0,
            "fti_value": "",
            "tshValue": "",
            "t3Value": "",
            "t4Value": "",
            "t4-uptakeValue": "",
            "ftiValue": "",
            "Diabetes": 1,
            "HighBloodPressure": 0,
            "HighCholesterol": 1,
            "Anemia": 0,
            "DepressionAnxiety": 0,
            "HeartDisease": 1,
            "MenstrualIrregularities": 0,
            "AutoimmuneDiseases": 1,
            "FH_Hypothyroidism": 0,
            "FH_Hyperthyroidism": 1,
            "FH_Goiter": 1,
            "FH_ThyroidCancer": 1,
            "Sym_Fatigue": 1,
            "Sym_WeightChange": 0,
            "Sym_DrySkin": 1,
            "Sym_HairLoss": 0,
            "Sym_HeartRate": 0,
            "Sym_Digestion": 0,
            "Sym_IrregularPeriods": 0,
            "Sym_NeckSwelling": 1,
            "age": 22,
            "gender": 0
        },
        "prediction": "hypo",
        "mode": "Symptom-Only",
        "c_score": 76,
        "shap_values": [],
        "rf_prediction": "Hypothyroid",
        "svm_prediction": "Hypothyroid",
        "gb_prediction": "Hypothyroid",
        "cnn_prediction": "Hyperthyroid"
    }
}
{
    "timestamp": "2025-11-27 14:54:26",
    "user_id": "4",
    "received_input": {
        "form_data": {
            "": "female",
            "diabetes": 1,
            "highbloodpressure": 0,
            "highcholesterol": 0,
            "anemia": 0,
            "depressionanxiety": 1,
            "heartdisease": 0,
            "menstrualirregularities": 0,
            "autoimmunediseases": 1,
            "fh_hypothyroidism": 1,
            "fh_hyperthyroidism": 0,
            "fh_goiter": 0,
            "fh_thyroidcancer": 1,
            "sym_fatigue": 0,
            "sym_weightchange": 0,
            "sym_dryskin": 0,
            "sym_hairloss": 1,
            "sym_heartrate": 1,
            "sym_digestion": 0,
            "sym_irregularperiods": 0,
            "sym_neckswelling": 1,
            "tsh": 1,
            "tsh_value": "7",
            "t3": 0,
            "t3_value": "",
            "t4": 0,
            "t4_value": "",
            "t4_uptake": 1,
            "t4_uptake_value": "9",
            "fti": 0,
            "fti_value": "",
            "tshValue": 7,
            "t3Value": "",
            "t4Value": "",
            "t4-uptakeValue": "9",
            "ftiValue": "",
            "Diabetes": 1,
            "HighBloodPressure": 0,
            "HighCholesterol": 0,
            "Anemia": 0,
            "DepressionAnxiety": 1,
            "HeartDisease": 0,
            "MenstrualIrregularities": 0,
            "AutoimmuneDiseases": 1,
            "FH_Hypothyroidism": 1,
            "FH_Hyperthyroidism": 0,
            "FH_Goiter": 0,
            "FH_ThyroidCancer": 1,
            "Sym_Fatigue": 0,
            "Sym_WeightChange": 0,
            "Sym_DrySkin": 0,
            "Sym_HairLoss": 1,
            "Sym_HeartRate": 1,
            "Sym_Digestion": 0,
            "Sym_IrregularPeriods": 0,
            "Sym_NeckSwelling": 1,
            "age": 22,
            "gender": 0
        },
        "prediction": "hypo",
        "mode": "Hybrid (Lab-Assisted)",
        "c_score": 69,
        "shap_values": [],
        "rf_prediction": "Hypothyroid",
        "svm_prediction": "Hypothyroid",
        "gb_prediction": "Hypothyroid",
        "cnn_prediction": "Hyperthyroid"
    }
}
{
    "timestamp": "2025-11-27 14:55:13",
    "user_id": "4",
    "received_input": {
        "form_data": {
            "": "female",
            "diabetes": 1,
            "highbloodpressure": 0,
            "highcholesterol": 0,
            "anemia": 0,
            "depressionanxiety": 1,
            "heartdisease": 0,
            "menstrualirregularities": 0,
            "autoimmunediseases": 1,
            "fh_hypothyroidism": 1,
            "fh_hyperthyroidism": 0,
            "fh_goiter": 0,
            "fh_thyroidcancer": 1,
            "sym_fatigue": 0,
            "sym_weightchange": 0,
            "sym_dryskin": 0,
            "sym_hairloss": 1,
            "sym_heartrate": 1,
            "sym_digestion": 1,
            "sym_irregularperiods": 0,
            "sym_neckswelling": 1,
            "tsh": 1,
            "tsh_value": "7",
            "t3": 0,
            "t3_value": "",
            "t4": 0,
            "t4_value": "",
            "t4_uptake": 1,
            "t4_uptake_value": "9",
            "fti": 0,
            "fti_value": "",
            "tshValue": 7,
            "t3Value": "",
            "t4Value": "",
            "t4-uptakeValue": "9",
            "ftiValue": "",
            "Diabetes": 1,
            "HighBloodPressure": 0,
            "HighCholesterol": 0,
            "Anemia": 0,
            "DepressionAnxiety": 1,
            "HeartDisease": 0,
            "MenstrualIrregularities": 0,
            "AutoimmuneDiseases": 1,
            "FH_Hypothyroidism": 1,
            "FH_Hyperthyroidism": 0,
            "FH_Goiter": 0,
            "FH_ThyroidCancer": 1,
            "Sym_Fatigue": 0,
            "Sym_WeightChange": 0,
            "Sym_DrySkin": 0,
            "Sym_HairLoss": 1,
            "Sym_HeartRate": 1,
            "Sym_Digestion": 1,
            "Sym_IrregularPeriods": 0,
            "Sym_NeckSwelling": 1,
            "age": 22,
            "gender": 0
        },
        "prediction": "hypo",
        "mode": "Hybrid (Lab-Assisted)",
        "c_score": 69,
        "shap_values": [],
        "rf_prediction": "Hypothyroid",
        "svm_prediction": "Hypothyroid",
        "gb_prediction": "Hypothyroid",
        "cnn_prediction": "Hyperthyroid"
    }
}
{
    "timestamp": "2025-11-27 14:55:19",
    "user_id": "4",
    "received_input": {
        "form_data": {
            "": "female",
            "diabetes": 1,
            "highbloodpressure": 0,
            "highcholesterol": 0,
            "anemia": 0,
            "depressionanxiety": 1,
            "heartdisease": 0,
            "menstrualirregularities": 0,
            "autoimmunediseases": 1,
            "fh_hypothyroidism": 0,
            "fh_hyperthyroidism": 0,
            "fh_goiter": 0,
            "fh_thyroidcancer": 1,
            "sym_fatigue": 0,
            "sym_weightchange": 0,
            "sym_dryskin": 0,
            "sym_hairloss": 1,
            "sym_heartrate": 1,
            "sym_digestion": 1,
            "sym_irregularperiods": 0,
            "sym_neckswelling": 1,
            "tsh": 1,
            "tsh_value": "7",
            "t3": 0,
            "t3_value": "",
            "t4": 0,
            "t4_value": "",
            "t4_uptake": 1,
            "t4_uptake_value": "9",
            "fti": 0,
            "fti_value": "",
            "tshValue": 7,
            "t3Value": "",
            "t4Value": "",
            "t4-uptakeValue": "9",
            "ftiValue": "",
            "Diabetes": 1,
            "HighBloodPressure": 0,
            "HighCholesterol": 0,
            "Anemia": 0,
            "DepressionAnxiety": 1,
            "HeartDisease": 0,
            "MenstrualIrregularities": 0,
            "AutoimmuneDiseases": 1,
            "FH_Hypothyroidism": 0,
            "FH_Hyperthyroidism": 0,
            "FH_Goiter": 0,
            "FH_ThyroidCancer": 1,
            "Sym_Fatigue": 0,
            "Sym_WeightChange": 0,
            "Sym_DrySkin": 0,
            "Sym_HairLoss": 1,
            "Sym_HeartRate": 1,
            "Sym_Digestion": 1,
            "Sym_IrregularPeriods": 0,
            "Sym_NeckSwelling": 1,
            "age": 22,
            "gender": 0
        },
        "prediction": "hyper",
        "mode": "Hybrid (Lab-Assisted)",
        "c_score": 70,
        "shap_values": [],
        "rf_prediction": "Hypothyroid",
        "svm_prediction": "Hypothyroid",
        "gb_prediction": "Hypothyroid",
        "cnn_prediction": "Hyperthyroid"
    }
}
{
    "timestamp": "2025-11-27 14:55:31",
    "user_id": "4",
    "received_input": {
        "form_data": {
            "": "female",
            "diabetes": 1,
            "highbloodpressure": 0,
            "highcholesterol": 0,
            "anemia": 0,
            "depressionanxiety": 1,
            "heartdisease": 0,
            "menstrualirregularities": 0,
            "autoimmunediseases": 0,
            "fh_hypothyroidism": 0,
            "fh_hyperthyroidism": 0,
            "fh_goiter": 0,
            "fh_thyroidcancer": 1,
            "sym_fatigue": 0,
            "sym_weightchange": 0,
            "sym_dryskin": 0,
            "sym_hairloss": 1,
            "sym_heartrate": 1,
            "sym_digestion": 1,
            "sym_irregularperiods": 0,
            "sym_neckswelling": 1,
            "tsh": 1,
            "tsh_value": "7",
            "t3": 0,
            "t3_value": "",
            "t4": 0,
            "t4_value": "",
            "t4_uptake": 1,
            "t4_uptake_value": "9",
            "fti": 0,
            "fti_value": "",
            "tshValue": 7,
            "t3Value": "",
            "t4Value": "",
            "t4-uptakeValue": "9",
            "ftiValue": "",
            "Diabetes": 1,
            "HighBloodPressure": 0,
            "HighCholesterol": 0,
            "Anemia": 0,
            "DepressionAnxiety": 1,
            "HeartDisease": 0,
            "MenstrualIrregularities": 0,
            "AutoimmuneDiseases": 0,
            "FH_Hypothyroidism": 0,
            "FH_Hyperthyroidism": 0,
            "FH_Goiter": 0,
            "FH_ThyroidCancer": 1,
            "Sym_Fatigue": 0,
            "Sym_WeightChange": 0,
            "Sym_DrySkin": 0,
            "Sym_HairLoss": 1,
            "Sym_HeartRate": 1,
            "Sym_Digestion": 1,
            "Sym_IrregularPeriods": 0,
            "Sym_NeckSwelling": 1,
            "age": 22,
            "gender": 0
        },
        "prediction": "normal",
        "mode": "Hybrid (Lab-Assisted)",
        "c_score": 70,
        "shap_values": [],
        "rf_prediction": "Hypothyroid",
        "svm_prediction": "Hypothyroid",
        "gb_prediction": "Hypothyroid",
        "cnn_prediction": "Hyperthyroid"
    }
}
{
    "timestamp": "2025-11-27 15:06:17",
    "user_id": "4",
    "received_input": {
        "form_data": {
            "": "female",
            "diabetes": 1,
            "highbloodpressure": 0,
            "highcholesterol": 0,
            "anemia": 0,
            "depressionanxiety": 1,
            "heartdisease": 1,
            "menstrualirregularities": 0,
            "autoimmunediseases": 0,
            "fh_hypothyroidism": 0,
            "fh_hyperthyroidism": 0,
            "fh_goiter": 1,
            "fh_thyroidcancer": 1,
            "sym_fatigue": 0,
            "sym_weightchange": 0,
            "sym_dryskin": 1,
            "sym_hairloss": 0,
            "sym_heartrate": 0,
            "sym_digestion": 1,
            "sym_irregularperiods": 0,
            "sym_neckswelling": 0,
            "tsh": 1,
            "tsh_value": "6",
            "t3": 0,
            "t3_value": "",
            "t4": 0,
            "t4_value": "",
            "t4_uptake": 0,
            "t4_uptake_value": "",
            "fti": 0,
            "fti_value": "",
            "tshValue": 6,
            "t3Value": "",
            "t4Value": "",
            "t4-uptakeValue": "",
            "ftiValue": "",
            "Diabetes": 1,
            "HighBloodPressure": 0,
            "HighCholesterol": 0,
            "Anemia": 0,
            "DepressionAnxiety": 1,
            "HeartDisease": 1,
            "MenstrualIrregularities": 0,
            "AutoimmuneDiseases": 0,
            "FH_Hypothyroidism": 0,
            "FH_Hyperthyroidism": 0,
            "FH_Goiter": 1,
            "FH_ThyroidCancer": 1,
            "Sym_Fatigue": 0,
            "Sym_WeightChange": 0,
            "Sym_DrySkin": 1,
            "Sym_HairLoss": 0,
            "Sym_HeartRate": 0,
            "Sym_Digestion": 1,
            "Sym_IrregularPeriods": 0,
            "Sym_NeckSwelling": 0,
            "age": 22,
            "gender": 0
        },
        "prediction": "normal",
        "mode": "Hybrid (Lab-Assisted)",
        "c_score": 70,
        "shap_values": [],
        "rf_prediction": "Hypothyroid",
        "svm_prediction": "Hypothyroid",
        "gb_prediction": "Hypothyroid",
        "cnn_prediction": "Hyperthyroid"
    }
}
{
    "timestamp": "2025-11-27 15:14:53",
    "user_id": "4",
    "received_input": {
        "form_data": {
            "": "female",
            "diabetes": 1,
            "highbloodpressure": 0,
            "highcholesterol": 0,
            "anemia": 0,
            "depressionanxiety": 1,
            "heartdisease": 0,
            "menstrualirregularities": 0,
            "autoimmunediseases": 1,
            "fh_hypothyroidism": 0,
            "fh_hyperthyroidism": 0,
            "fh_goiter": 1,
            "fh_thyroidcancer": 0,
            "sym_fatigue": 1,
            "sym_weightchange": 0,
            "sym_dryskin": 1,
            "sym_hairloss": 0,
            "sym_heartrate": 1,
            "sym_digestion": 0,
            "sym_irregularperiods": 0,
            "sym_neckswelling": 0,
            "tsh": 1,
            "tsh_value": "7",
            "t3": 0,
            "t3_value": "",
            "t4": 1,
            "t4_value": "6",
            "t4_uptake": 0,
            "t4_uptake_value": "",
            "fti": 0,
            "fti_value": "",
            "tshValue": 7,
            "t3Value": "",
            "t4Value": 6,
            "t4-uptakeValue": "",
            "ftiValue": "",
            "Diabetes": 1,
            "HighBloodPressure": 0,
            "HighCholesterol": 0,
            "Anemia": 0,
            "DepressionAnxiety": 1,
            "HeartDisease": 0,
            "MenstrualIrregularities": 0,
            "AutoimmuneDiseases": 1,
            "FH_Hypothyroidism": 0,
            "FH_Hyperthyroidism": 0,
            "FH_Goiter": 1,
            "FH_ThyroidCancer": 0,
            "Sym_Fatigue": 1,
            "Sym_WeightChange": 0,
            "Sym_DrySkin": 1,
            "Sym_HairLoss": 0,
            "Sym_HeartRate": 1,
            "Sym_Digestion": 0,
            "Sym_IrregularPeriods": 0,
            "Sym_NeckSwelling": 0,
            "age": 22,
            "gender": 0
        },
        "prediction": "hyper",
        "mode": "Hybrid (Lab-Assisted)",
        "c_score": 70,
        "shap_values": [],
        "rf_prediction": "Hypothyroid",
        "svm_prediction": "Hypothyroid",
        "gb_prediction": "Hypothyroid",
        "cnn_prediction": "Hyperthyroid"
    }
}
{
    "timestamp": "2025-11-27 15:15:08",
    "user_id": "4",
    "received_input": {
        "form_data": {
            "": "female",
            "diabetes": 1,
            "highbloodpressure": 0,
            "highcholesterol": 0,
            "anemia": 0,
            "depressionanxiety": 1,
            "heartdisease": 0,
            "menstrualirregularities": 0,
            "autoimmunediseases": 1,
            "fh_hypothyroidism": 0,
            "fh_hyperthyroidism": 0,
            "fh_goiter": 1,
            "fh_thyroidcancer": 0,
            "sym_fatigue": 1,
            "sym_weightchange": 0,
            "sym_dryskin": 1,
            "sym_hairloss": 0,
            "sym_heartrate": 1,
            "sym_digestion": 0,
            "sym_irregularperiods": 0,
            "sym_neckswelling": 0,
            "tsh": 1,
            "tsh_value": "7",
            "t3": 0,
            "t3_value": "",
            "t4": 1,
            "t4_value": "2",
            "t4_uptake": 0,
            "t4_uptake_value": "",
            "fti": 0,
            "fti_value": "",
            "tshValue": 7,
            "t3Value": "",
            "t4Value": 2,
            "t4-uptakeValue": "",
            "ftiValue": "",
            "Diabetes": 1,
            "HighBloodPressure": 0,
            "HighCholesterol": 0,
            "Anemia": 0,
            "DepressionAnxiety": 1,
            "HeartDisease": 0,
            "MenstrualIrregularities": 0,
            "AutoimmuneDiseases": 1,
            "FH_Hypothyroidism": 0,
            "FH_Hyperthyroidism": 0,
            "FH_Goiter": 1,
            "FH_ThyroidCancer": 0,
            "Sym_Fatigue": 1,
            "Sym_WeightChange": 0,
            "Sym_DrySkin": 1,
            "Sym_HairLoss": 0,
            "Sym_HeartRate": 1,
            "Sym_Digestion": 0,
            "Sym_IrregularPeriods": 0,
            "Sym_NeckSwelling": 0,
            "age": 22,
            "gender": 0
        },
        "prediction": "hyper",
        "mode": "Hybrid (Lab-Assisted)",
        "c_score": 70,
        "shap_values": [],
        "rf_prediction": "Hypothyroid",
        "svm_prediction": "Hypothyroid",
        "gb_prediction": "Hypothyroid",
        "cnn_prediction": "Hyperthyroid"
    }
}
{
    "timestamp": "2025-11-27 15:15:19",
    "user_id": "4",
    "received_input": {
        "form_data": {
            "": "female",
            "diabetes": 1,
            "highbloodpressure": 0,
            "highcholesterol": 0,
            "anemia": 0,
            "depressionanxiety": 1,
            "heartdisease": 0,
            "menstrualirregularities": 0,
            "autoimmunediseases": 1,
            "fh_hypothyroidism": 0,
            "fh_hyperthyroidism": 0,
            "fh_goiter": 1,
            "fh_thyroidcancer": 0,
            "sym_fatigue": 1,
            "sym_weightchange": 0,
            "sym_dryskin": 1,
            "sym_hairloss": 0,
            "sym_heartrate": 1,
            "sym_digestion": 0,
            "sym_irregularperiods": 0,
            "sym_neckswelling": 0,
            "tsh": 1,
            "tsh_value": "7",
            "t3": 0,
            "t3_value": "",
            "t4": 1,
            "t4_value": "7",
            "t4_uptake": 0,
            "t4_uptake_value": "",
            "fti": 0,
            "fti_value": "",
            "tshValue": 7,
            "t3Value": "",
            "t4Value": 7,
            "t4-uptakeValue": "",
            "ftiValue": "",
            "Diabetes": 1,
            "HighBloodPressure": 0,
            "HighCholesterol": 0,
            "Anemia": 0,
            "DepressionAnxiety": 1,
            "HeartDisease": 0,
            "MenstrualIrregularities": 0,
            "AutoimmuneDiseases": 1,
            "FH_Hypothyroidism": 0,
            "FH_Hyperthyroidism": 0,
            "FH_Goiter": 1,
            "FH_ThyroidCancer": 0,
            "Sym_Fatigue": 1,
            "Sym_WeightChange": 0,
            "Sym_DrySkin": 1,
            "Sym_HairLoss": 0,
            "Sym_HeartRate": 1,
            "Sym_Digestion": 0,
            "Sym_IrregularPeriods": 0,
            "Sym_NeckSwelling": 0,
            "age": 22,
            "gender": 0
        },
        "prediction": "hyper",
        "mode": "Hybrid (Lab-Assisted)",
        "c_score": 70,
        "shap_values": [],
        "rf_prediction": "Hypothyroid",
        "svm_prediction": "Hypothyroid",
        "gb_prediction": "Hypothyroid",
        "cnn_prediction": "Hyperthyroid"
    }
}
{
    "timestamp": "2025-11-27 15:15:32",
    "user_id": "4",
    "received_input": {
        "form_data": {
            "": "female",
            "diabetes": 1,
            "highbloodpressure": 0,
            "highcholesterol": 0,
            "anemia": 0,
            "depressionanxiety": 1,
            "heartdisease": 0,
            "menstrualirregularities": 0,
            "autoimmunediseases": 1,
            "fh_hypothyroidism": 0,
            "fh_hyperthyroidism": 0,
            "fh_goiter": 1,
            "fh_thyroidcancer": 0,
            "sym_fatigue": 1,
            "sym_weightchange": 0,
            "sym_dryskin": 1,
            "sym_hairloss": 0,
            "sym_heartrate": 1,
            "sym_digestion": 0,
            "sym_irregularperiods": 0,
            "sym_neckswelling": 0,
            "tsh": 1,
            "tsh_value": "2",
            "t3": 0,
            "t3_value": "",
            "t4": 1,
            "t4_value": "7",
            "t4_uptake": 0,
            "t4_uptake_value": "",
            "fti": 0,
            "fti_value": "",
            "tshValue": 2,
            "t3Value": "",
            "t4Value": 7,
            "t4-uptakeValue": "",
            "ftiValue": "",
            "Diabetes": 1,
            "HighBloodPressure": 0,
            "HighCholesterol": 0,
            "Anemia": 0,
            "DepressionAnxiety": 1,
            "HeartDisease": 0,
            "MenstrualIrregularities": 0,
            "AutoimmuneDiseases": 1,
            "FH_Hypothyroidism": 0,
            "FH_Hyperthyroidism": 0,
            "FH_Goiter": 1,
            "FH_ThyroidCancer": 0,
            "Sym_Fatigue": 1,
            "Sym_WeightChange": 0,
            "Sym_DrySkin": 1,
            "Sym_HairLoss": 0,
            "Sym_HeartRate": 1,
            "Sym_Digestion": 0,
            "Sym_IrregularPeriods": 0,
            "Sym_NeckSwelling": 0,
            "age": 22,
            "gender": 0
        },
        "prediction": "hyper",
        "mode": "Hybrid (Lab-Assisted)",
        "c_score": 70,
        "shap_values": [],
        "rf_prediction": "Normal",
        "svm_prediction": "Hypothyroid",
        "gb_prediction": "Normal",
        "cnn_prediction": "Hyperthyroid"
    }
}
{
    "timestamp": "2025-11-27 15:15:49",
    "user_id": "4",
    "received_input": {
        "form_data": {
            "": "female",
            "diabetes": 1,
            "highbloodpressure": 0,
            "highcholesterol": 0,
            "anemia": 0,
            "depressionanxiety": 1,
            "heartdisease": 0,
            "menstrualirregularities": 0,
            "autoimmunediseases": 1,
            "fh_hypothyroidism": 0,
            "fh_hyperthyroidism": 0,
            "fh_goiter": 1,
            "fh_thyroidcancer": 0,
            "sym_fatigue": 1,
            "sym_weightchange": 0,
            "sym_dryskin": 1,
            "sym_hairloss": 0,
            "sym_heartrate": 1,
            "sym_digestion": 0,
            "sym_irregularperiods": 0,
            "sym_neckswelling": 0,
            "tsh": 1,
            "tsh_value": "9",
            "t3": 0,
            "t3_value": "",
            "t4": 1,
            "t4_value": "7",
            "t4_uptake": 0,
            "t4_uptake_value": "",
            "fti": 0,
            "fti_value": "",
            "tshValue": 9,
            "t3Value": "",
            "t4Value": 7,
            "t4-uptakeValue": "",
            "ftiValue": "",
            "Diabetes": 1,
            "HighBloodPressure": 0,
            "HighCholesterol": 0,
            "Anemia": 0,
            "DepressionAnxiety": 1,
            "HeartDisease": 0,
            "MenstrualIrregularities": 0,
            "AutoimmuneDiseases": 1,
            "FH_Hypothyroidism": 0,
            "FH_Hyperthyroidism": 0,
            "FH_Goiter": 1,
            "FH_ThyroidCancer": 0,
            "Sym_Fatigue": 1,
            "Sym_WeightChange": 0,
            "Sym_DrySkin": 1,
            "Sym_HairLoss": 0,
            "Sym_HeartRate": 1,
            "Sym_Digestion": 0,
            "Sym_IrregularPeriods": 0,
            "Sym_NeckSwelling": 0,
            "age": 22,
            "gender": 0
        },
        "prediction": "hyper",
        "mode": "Hybrid (Lab-Assisted)",
        "c_score": 70,
        "shap_values": [],
        "rf_prediction": "Hypothyroid",
        "svm_prediction": "Hypothyroid",
        "gb_prediction": "Hypothyroid",
        "cnn_prediction": "Hyperthyroid"
    }
}
{
    "timestamp": "2025-11-27 15:16:01",
    "user_id": "4",
    "received_input": {
        "form_data": {
            "": "female",
            "diabetes": 1,
            "highbloodpressure": 0,
            "highcholesterol": 0,
            "anemia": 0,
            "depressionanxiety": 1,
            "heartdisease": 0,
            "menstrualirregularities": 0,
            "autoimmunediseases": 1,
            "fh_hypothyroidism": 0,
            "fh_hyperthyroidism": 0,
            "fh_goiter": 1,
            "fh_thyroidcancer": 0,
            "sym_fatigue": 1,
            "sym_weightchange": 0,
            "sym_dryskin": 1,
            "sym_hairloss": 0,
            "sym_heartrate": 1,
            "sym_digestion": 0,
            "sym_irregularperiods": 0,
            "sym_neckswelling": 0,
            "tsh": 1,
            "tsh_value": "1",
            "t3": 0,
            "t3_value": "",
            "t4": 1,
            "t4_value": "7",
            "t4_uptake": 0,
            "t4_uptake_value": "",
            "fti": 0,
            "fti_value": "",
            "tshValue": 1,
            "t3Value": "",
            "t4Value": 7,
            "t4-uptakeValue": "",
            "ftiValue": "",
            "Diabetes": 1,
            "HighBloodPressure": 0,
            "HighCholesterol": 0,
            "Anemia": 0,
            "DepressionAnxiety": 1,
            "HeartDisease": 0,
            "MenstrualIrregularities": 0,
            "AutoimmuneDiseases": 1,
            "FH_Hypothyroidism": 0,
            "FH_Hyperthyroidism": 0,
            "FH_Goiter": 1,
            "FH_ThyroidCancer": 0,
            "Sym_Fatigue": 1,
            "Sym_WeightChange": 0,
            "Sym_DrySkin": 1,
            "Sym_HairLoss": 0,
            "Sym_HeartRate": 1,
            "Sym_Digestion": 0,
            "Sym_IrregularPeriods": 0,
            "Sym_NeckSwelling": 0,
            "age": 22,
            "gender": 0
        },
        "prediction": "hyper",
        "mode": "Hybrid (Lab-Assisted)",
        "c_score": 70,
        "shap_values": [],
        "rf_prediction": "Normal",
        "svm_prediction": "Hypothyroid",
        "gb_prediction": "Normal",
        "cnn_prediction": "Hyperthyroid"
    }
}
{
    "timestamp": "2025-11-27 15:16:10",
    "user_id": "4",
    "received_input": {
        "form_data": {
            "": "female",
            "diabetes": 1,
            "highbloodpressure": 0,
            "highcholesterol": 0,
            "anemia": 0,
            "depressionanxiety": 1,
            "heartdisease": 0,
            "menstrualirregularities": 0,
            "autoimmunediseases": 1,
            "fh_hypothyroidism": 0,
            "fh_hyperthyroidism": 0,
            "fh_goiter": 1,
            "fh_thyroidcancer": 0,
            "sym_fatigue": 1,
            "sym_weightchange": 0,
            "sym_dryskin": 1,
            "sym_hairloss": 0,
            "sym_heartrate": 1,
            "sym_digestion": 0,
            "sym_irregularperiods": 0,
            "sym_neckswelling": 0,
            "tsh": 1,
            "tsh_value": "-9",
            "t3": 0,
            "t3_value": "",
            "t4": 1,
            "t4_value": "7",
            "t4_uptake": 0,
            "t4_uptake_value": "",
            "fti": 0,
            "fti_value": "",
            "tshValue": -9,
            "t3Value": "",
            "t4Value": 7,
            "t4-uptakeValue": "",
            "ftiValue": "",
            "Diabetes": 1,
            "HighBloodPressure": 0,
            "HighCholesterol": 0,
            "Anemia": 0,
            "DepressionAnxiety": 1,
            "HeartDisease": 0,
            "MenstrualIrregularities": 0,
            "AutoimmuneDiseases": 1,
            "FH_Hypothyroidism": 0,
            "FH_Hyperthyroidism": 0,
            "FH_Goiter": 1,
            "FH_ThyroidCancer": 0,
            "Sym_Fatigue": 1,
            "Sym_WeightChange": 0,
            "Sym_DrySkin": 1,
            "Sym_HairLoss": 0,
            "Sym_HeartRate": 1,
            "Sym_Digestion": 0,
            "Sym_IrregularPeriods": 0,
            "Sym_NeckSwelling": 0,
            "age": 22,
            "gender": 0
        },
        "prediction": "hyper",
        "mode": "Hybrid (Lab-Assisted)",
        "c_score": 80,
        "shap_values": [],
        "rf_prediction": "Normal",
        "svm_prediction": "Hypothyroid",
        "gb_prediction": "Normal",
        "cnn_prediction": "Hyperthyroid"
    }
}
{
    "timestamp": "2025-11-27 15:16:27",
    "user_id": "4",
    "received_input": {
        "form_data": {
            "": "female",
            "diabetes": 1,
            "highbloodpressure": 0,
            "highcholesterol": 0,
            "anemia": 0,
            "depressionanxiety": 1,
            "heartdisease": 0,
            "menstrualirregularities": 0,
            "autoimmunediseases": 1,
            "fh_hypothyroidism": 0,
            "fh_hyperthyroidism": 0,
            "fh_goiter": 1,
            "fh_thyroidcancer": 0,
            "sym_fatigue": 1,
            "sym_weightchange": 0,
            "sym_dryskin": 1,
            "sym_hairloss": 0,
            "sym_heartrate": 1,
            "sym_digestion": 0,
            "sym_irregularperiods": 1,
            "sym_neckswelling": 0,
            "tsh": 1,
            "tsh_value": "-9",
            "t3": 0,
            "t3_value": "",
            "t4": 1,
            "t4_value": "7",
            "t4_uptake": 0,
            "t4_uptake_value": "",
            "fti": 0,
            "fti_value": "",
            "tshValue": -9,
            "t3Value": "",
            "t4Value": 7,
            "t4-uptakeValue": "",
            "ftiValue": "",
            "Diabetes": 1,
            "HighBloodPressure": 0,
            "HighCholesterol": 0,
            "Anemia": 0,
            "DepressionAnxiety": 1,
            "HeartDisease": 0,
            "MenstrualIrregularities": 0,
            "AutoimmuneDiseases": 1,
            "FH_Hypothyroidism": 0,
            "FH_Hyperthyroidism": 0,
            "FH_Goiter": 1,
            "FH_ThyroidCancer": 0,
            "Sym_Fatigue": 1,
            "Sym_WeightChange": 0,
            "Sym_DrySkin": 1,
            "Sym_HairLoss": 0,
            "Sym_HeartRate": 1,
            "Sym_Digestion": 0,
            "Sym_IrregularPeriods": 1,
            "Sym_NeckSwelling": 0,
            "age": 22,
            "gender": 0
        },
        "prediction": "hyper",
        "mode": "Hybrid (Lab-Assisted)",
        "c_score": 80,
        "shap_values": [],
        "rf_prediction": "Hypothyroid",
        "svm_prediction": "Hypothyroid",
        "gb_prediction": "Hypothyroid",
        "cnn_prediction": "Hyperthyroid"
    }
}
{
    "timestamp": "2025-11-27 15:16:33",
    "user_id": "4",
    "received_input": {
        "form_data": {
            "": "female",
            "diabetes": 1,
            "highbloodpressure": 0,
            "highcholesterol": 0,
            "anemia": 0,
            "depressionanxiety": 1,
            "heartdisease": 0,
            "menstrualirregularities": 1,
            "autoimmunediseases": 1,
            "fh_hypothyroidism": 0,
            "fh_hyperthyroidism": 0,
            "fh_goiter": 1,
            "fh_thyroidcancer": 0,
            "sym_fatigue": 1,
            "sym_weightchange": 0,
            "sym_dryskin": 1,
            "sym_hairloss": 0,
            "sym_heartrate": 1,
            "sym_digestion": 0,
            "sym_irregularperiods": 1,
            "sym_neckswelling": 0,
            "tsh": 1,
            "tsh_value": "-9",
            "t3": 0,
            "t3_value": "",
            "t4": 1,
            "t4_value": "7",
            "t4_uptake": 0,
            "t4_uptake_value": "",
            "fti": 0,
            "fti_value": "",
            "tshValue": -9,
            "t3Value": "",
            "t4Value": 7,
            "t4-uptakeValue": "",
            "ftiValue": "",
            "Diabetes": 1,
            "HighBloodPressure": 0,
            "HighCholesterol": 0,
            "Anemia": 0,
            "DepressionAnxiety": 1,
            "HeartDisease": 0,
            "MenstrualIrregularities": 1,
            "AutoimmuneDiseases": 1,
            "FH_Hypothyroidism": 0,
            "FH_Hyperthyroidism": 0,
            "FH_Goiter": 1,
            "FH_ThyroidCancer": 0,
            "Sym_Fatigue": 1,
            "Sym_WeightChange": 0,
            "Sym_DrySkin": 1,
            "Sym_HairLoss": 0,
            "Sym_HeartRate": 1,
            "Sym_Digestion": 0,
            "Sym_IrregularPeriods": 1,
            "Sym_NeckSwelling": 0,
            "age": 22,
            "gender": 0
        },
        "prediction": "hyper",
        "mode": "Hybrid (Lab-Assisted)",
        "c_score": 80,
        "shap_values": [],
        "rf_prediction": "Hypothyroid",
        "svm_prediction": "Hypothyroid",
        "gb_prediction": "Hypothyroid",
        "cnn_prediction": "Hyperthyroid"
    }
}
{
    "timestamp": "2025-11-27 15:16:49",
    "user_id": "4",
    "received_input": {
        "form_data": {
            "": "female",
            "diabetes": 1,
            "highbloodpressure": 0,
            "highcholesterol": 0,
            "anemia": 0,
            "depressionanxiety": 1,
            "heartdisease": 0,
            "menstrualirregularities": 1,
            "autoimmunediseases": 1,
            "fh_hypothyroidism": 0,
            "fh_hyperthyroidism": 0,
            "fh_goiter": 1,
            "fh_thyroidcancer": 0,
            "sym_fatigue": 1,
            "sym_weightchange": 0,
            "sym_dryskin": 1,
            "sym_hairloss": 1,
            "sym_heartrate": 0,
            "sym_digestion": 1,
            "sym_irregularperiods": 0,
            "sym_neckswelling": 1,
            "tsh": 1,
            "tsh_value": "-9",
            "t3": 0,
            "t3_value": "",
            "t4": 1,
            "t4_value": "7",
            "t4_uptake": 0,
            "t4_uptake_value": "",
            "fti": 0,
            "fti_value": "",
            "tshValue": -9,
            "t3Value": "",
            "t4Value": 7,
            "t4-uptakeValue": "",
            "ftiValue": "",
            "Diabetes": 1,
            "HighBloodPressure": 0,
            "HighCholesterol": 0,
            "Anemia": 0,
            "DepressionAnxiety": 1,
            "HeartDisease": 0,
            "MenstrualIrregularities": 1,
            "AutoimmuneDiseases": 1,
            "FH_Hypothyroidism": 0,
            "FH_Hyperthyroidism": 0,
            "FH_Goiter": 1,
            "FH_ThyroidCancer": 0,
            "Sym_Fatigue": 1,
            "Sym_WeightChange": 0,
            "Sym_DrySkin": 1,
            "Sym_HairLoss": 1,
            "Sym_HeartRate": 0,
            "Sym_Digestion": 1,
            "Sym_IrregularPeriods": 0,
            "Sym_NeckSwelling": 1,
            "age": 22,
            "gender": 0
        },
        "prediction": "hypo",
        "mode": "Hybrid (Lab-Assisted)",
        "c_score": 70,
        "shap_values": [],
        "rf_prediction": "Hypothyroid",
        "svm_prediction": "Hypothyroid",
        "gb_prediction": "Hypothyroid",
        "cnn_prediction": "Hyperthyroid"
    }
}
{
    "timestamp": "2025-11-27 15:17:47",
    "user_id": "4",
    "received_input": {
        "form_data": {
            "": "female",
            "diabetes": 1,
            "highbloodpressure": 0,
            "highcholesterol": 0,
            "anemia": 0,
            "depressionanxiety": 0,
            "heartdisease": 0,
            "menstrualirregularities": 0,
            "autoimmunediseases": 1,
            "fh_hypothyroidism": 0,
            "fh_hyperthyroidism": 0,
            "fh_goiter": 1,
            "fh_thyroidcancer": 0,
            "sym_fatigue": 1,
            "sym_weightchange": 0,
            "sym_dryskin": 1,
            "sym_hairloss": 1,
            "sym_heartrate": 0,
            "sym_digestion": 1,
            "sym_irregularperiods": 0,
            "sym_neckswelling": 1,
            "tsh": 1,
            "tsh_value": "-9",
            "t3": 0,
            "t3_value": "",
            "t4": 1,
            "t4_value": "7",
            "t4_uptake": 0,
            "t4_uptake_value": "",
            "fti": 0,
            "fti_value": "",
            "tshValue": -9,
            "t3Value": "",
            "t4Value": 7,
            "t4-uptakeValue": "",
            "ftiValue": "",
            "Diabetes": 1,
            "HighBloodPressure": 0,
            "HighCholesterol": 0,
            "Anemia": 0,
            "DepressionAnxiety": 0,
            "HeartDisease": 0,
            "MenstrualIrregularities": 0,
            "AutoimmuneDiseases": 1,
            "FH_Hypothyroidism": 0,
            "FH_Hyperthyroidism": 0,
            "FH_Goiter": 1,
            "FH_ThyroidCancer": 0,
            "Sym_Fatigue": 1,
            "Sym_WeightChange": 0,
            "Sym_DrySkin": 1,
            "Sym_HairLoss": 1,
            "Sym_HeartRate": 0,
            "Sym_Digestion": 1,
            "Sym_IrregularPeriods": 0,
            "Sym_NeckSwelling": 1,
            "age": 22,
            "gender": 0
        },
        "prediction": "hypo",
        "mode": "Hybrid (Lab-Assisted)",
        "c_score": 70,
        "shap_values": [],
        "rf_prediction": "Normal",
        "svm_prediction": "Hypothyroid",
        "gb_prediction": "Normal",
        "cnn_prediction": "Hyperthyroid"
    }
}
{
    "timestamp": "2025-11-27 15:32:37",
    "user_id": "4",
    "received_input": {
        "form_data": {
            "": "female",
            "diabetes": 1,
            "highbloodpressure": 0,
            "highcholesterol": 0,
            "anemia": 1,
            "depressionanxiety": 0,
            "heartdisease": 0,
            "menstrualirregularities": 1,
            "autoimmunediseases": 0,
            "fh_hypothyroidism": 0,
            "fh_hyperthyroidism": 0,
            "fh_goiter": 1,
            "fh_thyroidcancer": 0,
            "sym_fatigue": 1,
            "sym_weightchange": 0,
            "sym_dryskin": 0,
            "sym_hairloss": 1,
            "sym_heartrate": 1,
            "sym_digestion": 0,
            "sym_irregularperiods": 0,
            "sym_neckswelling": 0,
            "tsh": 1,
            "tsh_value": "7",
            "t3": 0,
            "t3_value": "",
            "t4": 0,
            "t4_value": "",
            "t4_uptake": 0,
            "t4_uptake_value": "",
            "fti": 1,
            "fti_value": "5",
            "tshValue": 7,
            "t3Value": "",
            "t4Value": "",
            "t4-uptakeValue": "",
            "ftiValue": 5,
            "Diabetes": 1,
            "HighBloodPressure": 0,
            "HighCholesterol": 0,
            "Anemia": 1,
            "DepressionAnxiety": 0,
            "HeartDisease": 0,
            "MenstrualIrregularities": 1,
            "AutoimmuneDiseases": 0,
            "FH_Hypothyroidism": 0,
            "FH_Hyperthyroidism": 0,
            "FH_Goiter": 1,
            "FH_ThyroidCancer": 0,
            "Sym_Fatigue": 1,
            "Sym_WeightChange": 0,
            "Sym_DrySkin": 0,
            "Sym_HairLoss": 1,
            "Sym_HeartRate": 1,
            "Sym_Digestion": 0,
            "Sym_IrregularPeriods": 0,
            "Sym_NeckSwelling": 0,
            "age": 22,
            "gender": 0
        },
        "prediction": "normal",
        "mode": "Hybrid (Lab-Assisted)",
        "c_score": 67,
        "shap_values": [],
        "rf_prediction": "Hypothyroid",
        "svm_prediction": "Hypothyroid",
        "gb_prediction": "Hypothyroid",
        "cnn_prediction": "Hyperthyroid"
    }
}
{
    "timestamp": "2025-11-27 16:31:01",
    "user_id": "4",
    "received_input": {
        "form_data": {
            "": "female",
            "diabetes": 1,
            "highbloodpressure": 0,
            "highcholesterol": 0,
            "anemia": 0,
            "depressionanxiety": 1,
            "heartdisease": 0,
            "menstrualirregularities": 0,
            "autoimmunediseases": 0,
            "fh_hypothyroidism": 0,
            "fh_hyperthyroidism": 0,
            "fh_goiter": 1,
            "fh_thyroidcancer": 0,
            "sym_fatigue": 1,
            "sym_weightchange": 0,
            "sym_dryskin": 0,
            "sym_hairloss": 1,
            "sym_heartrate": 0,
            "sym_digestion": 1,
            "sym_irregularperiods": 0,
            "sym_neckswelling": 0,
            "tsh": 1,
            "tsh_value": "8",
            "t3": 0,
            "t3_value": "",
            "t4": 1,
            "t4_value": "2.3",
            "t4_uptake": 0,
            "t4_uptake_value": "",
            "fti": 0,
            "fti_value": "",
            "tshValue": 8,
            "t3Value": "",
            "t4Value": 2.3,
            "t4-uptakeValue": "",
            "ftiValue": "",
            "Diabetes": 1,
            "HighBloodPressure": 0,
            "HighCholesterol": 0,
            "Anemia": 0,
            "DepressionAnxiety": 1,
            "HeartDisease": 0,
            "MenstrualIrregularities": 0,
            "AutoimmuneDiseases": 0,
            "FH_Hypothyroidism": 0,
            "FH_Hyperthyroidism": 0,
            "FH_Goiter": 1,
            "FH_ThyroidCancer": 0,
            "Sym_Fatigue": 1,
            "Sym_WeightChange": 0,
            "Sym_DrySkin": 0,
            "Sym_HairLoss": 1,
            "Sym_HeartRate": 0,
            "Sym_Digestion": 1,
            "Sym_IrregularPeriods": 0,
            "Sym_NeckSwelling": 0,
            "age": 22,
            "gender": 0
        },
        "prediction": "normal",
        "mode": "Hybrid (Lab-Assisted)",
        "c_score": 80,
        "shap_values": [],
        "rf_prediction": "Hypothyroid",
        "svm_prediction": "Hypothyroid",
        "gb_prediction": "Hypothyroid",
        "cnn_prediction": "Hyperthyroid"
    }
}
