{
    "timestamp": "2025-11-25 14:32:48",
    "user_id": "4",
    "received_input": {
        "form_data": {
            "thyroxine": 0,
            "advised-thyroxine": 0,
            "antithyroid": 0,
            "illness": 0,
            "pregnant": 0,
            "surgery": 0,
            "radioactive": 0,
            "hypo-suspected": 0,
            "hyper-suspected": 0,
            "lithium": 0,
            "goitre": 0,
            "tumor": 0,
            "hypopituitarism": 0,
            "psychiatric": 0,
            "tsh": 1,
            "t3": 1,
            "t4": 0,
            "t4-uptake": 0,
            "fti": 0,
            "FH_Hypothyroidism": 1,
            "FH_Hyperthyroidism": 1,
            "FH_Goiter": 1,
            "FH_ThyroidCancer": 1,
            "Sym_Fatigue": 1,
            "Sym_WeightChange": 1,
            "Sym_DrySkin": 1,
            "Sym_HairLoss": 1,
            "Sym_HeartRate": 1,
            "Sym_Digestion": 1,
            "Sym_IrregularPeriods": 1,
            "Sym_NeckSwelling": 1,
            "Diabetes": 1,
            "HighBloodPressure": 1,
            "HighCholesterol": 1,
            "Anemia": 1,
            "DepressionAnxiety": 1,
            "HeartDisease": 1,
            "MenstrualIrregularities": 1,
            "AutoimmuneDiseases": 1,
            "tshValue": 3,
            "t3Value": 2,
            "t4Value": "",
            "t4-uptakeValue": "",
            "ftiValue": "",
            "age": 22,
            "gender": 0
        },
        "prediction": "hypo",
        "mode": "Hybrid (Lab-Assisted)",
        "c_score": 77,
        "shap_values": [],
        "rf_prediction": "Hypothyroid",
        "svm_prediction": "Hypothyroid",
        "cnn_prediction": "Hypothyroid"
    }
}
{
    "timestamp": "2025-11-25 14:32:57",
    "user_id": "4",
    "received_input": {
        "form_data": {
            "thyroxine": 0,
            "advised-thyroxine": 0,
            "antithyroid": 0,
            "illness": 0,
            "pregnant": 0,
            "surgery": 0,
            "radioactive": 0,
            "hypo-suspected": 0,
            "hyper-suspected": 0,
            "lithium": 0,
            "goitre": 0,
            "tumor": 0,
            "hypopituitarism": 0,
            "psychiatric": 0,
            "tsh": 1,
            "t3": 1,
            "t4": 0,
            "t4-uptake": 0,
            "fti": 0,
            "FH_Hypothyroidism": 1,
            "FH_Hyperthyroidism": 1,
            "FH_Goiter": 1,
            "FH_ThyroidCancer": 1,
            "Sym_Fatigue": 1,
            "Sym_WeightChange": 1,
            "Sym_DrySkin": 1,
            "Sym_HairLoss": 1,
            "Sym_HeartRate": 1,
            "Sym_Digestion": 1,
            "Sym_IrregularPeriods": 1,
            "Sym_NeckSwelling": 1,
            "Diabetes": 1,
            "HighBloodPressure": 1,
            "HighCholesterol": 1,
            "Anemia": 1,
            "DepressionAnxiety": 1,
            "HeartDisease": 1,
            "MenstrualIrregularities": 1,
            "AutoimmuneDiseases": 1,
            "tshValue": 6,
            "t3Value": 2,
            "t4Value": "",
            "t4-uptakeValue": "",
            "ftiValue": "",
            "age": 22,
            "gender": 0
        },
        "prediction": "hypo",
        "mode": "Hybrid (Lab-Assisted)",
        "c_score": 84,
        "shap_values": [],
        "rf_prediction": "Hypothyroid",
        "svm_prediction": "Hypothyroid",
        "cnn_prediction": "Hypothyroid"
    }
}
{
    "timestamp": "2025-11-25 14:33:48",
    "user_id": "4",
    "received_input": {
        "form_data": {
            "thyroxine": 0,
            "advised-thyroxine": 0,
            "antithyroid": 0,
            "illness": 0,
            "pregnant": 0,
            "surgery": 0,
            "radioactive": 0,
            "hypo-suspected": 0,
            "hyper-suspected": 0,
            "lithium": 0,
            "goitre": 0,
            "tumor": 0,
            "hypopituitarism": 0,
            "psychiatric": 0,
            "tsh": 1,
            "t3": 0,
            "t4": 0,
            "t4-uptake": 0,
            "fti": 1,
            "FH_Hypothyroidism": 0,
            "FH_Hyperthyroidism": 1,
            "FH_Goiter": 1,
            "FH_ThyroidCancer": 0,
            "Sym_Fatigue": 1,
            "Sym_WeightChange": 0,
            "Sym_DrySkin": 1,
            "Sym_HairLoss": 0,
            "Sym_HeartRate": 0,
            "Sym_Digestion": 1,
            "Sym_IrregularPeriods": 0,
            "Sym_NeckSwelling": 1,
            "Diabetes": 1,
            "HighBloodPressure": 0,
            "HighCholesterol": 0,
            "Anemia": 1,
            "DepressionAnxiety": 0,
            "HeartDisease": 1,
            "MenstrualIrregularities": 0,
            "AutoimmuneDiseases": 1,
            "tshValue": 5,
            "t3Value": "",
            "t4Value": "",
            "t4-uptakeValue": "",
            "ftiValue": 7,
            "age": 22,
            "gender": 0
        },
        "prediction": "hypo",
        "mode": "Hybrid (Lab-Assisted)",
        "c_score": 71,
        "shap_values": [],
        "rf_prediction": "Hypothyroid",
        "svm_prediction": "Hypothyroid",
        "cnn_prediction": "Hypothyroid"
    }
}
{
    "timestamp": "2025-11-25 14:33:55",
    "user_id": "4",
    "received_input": {
        "form_data": {
            "thyroxine": 0,
            "advised-thyroxine": 0,
            "antithyroid": 0,
            "illness": 0,
            "pregnant": 0,
            "surgery": 0,
            "radioactive": 0,
            "hypo-suspected": 0,
            "hyper-suspected": 0,
            "lithium": 0,
            "goitre": 0,
            "tumor": 0,
            "hypopituitarism": 0,
            "psychiatric": 0,
            "tsh": 1,
            "t3": 0,
            "t4": 0,
            "t4-uptake": 0,
            "fti": 1,
            "FH_Hypothyroidism": 0,
            "FH_Hyperthyroidism": 1,
            "FH_Goiter": 1,
            "FH_ThyroidCancer": 0,
            "Sym_Fatigue": 1,
            "Sym_WeightChange": 0,
            "Sym_DrySkin": 1,
            "Sym_HairLoss": 0,
            "Sym_HeartRate": 0,
            "Sym_Digestion": 1,
            "Sym_IrregularPeriods": 0,
            "Sym_NeckSwelling": 1,
            "Diabetes": 1,
            "HighBloodPressure": 0,
            "HighCholesterol": 0,
            "Anemia": 1,
            "DepressionAnxiety": 0,
            "HeartDisease": 1,
            "MenstrualIrregularities": 0,
            "AutoimmuneDiseases": 1,
            "tshValue": 5,
            "t3Value": "",
            "t4Value": "",
            "t4-uptakeValue": "",
            "ftiValue": 7,
            "age": 22,
            "gender": 0
        },
        "prediction": "hypo",
        "mode": "Hybrid (Lab-Assisted)",
        "c_score": 71,
        "shap_values": [],
        "rf_prediction": "Hypothyroid",
        "svm_prediction": "Hypothyroid",
        "cnn_prediction": "Hypothyroid"
    }
}
{
    "timestamp": "2025-11-25 14:34:25",
    "user_id": "4",
    "received_input": {
        "form_data": {
            "thyroxine": 0,
            "advised-thyroxine": 0,
            "antithyroid": 0,
            "illness": 0,
            "pregnant": 0,
            "surgery": 0,
            "radioactive": 0,
            "hypo-suspected": 0,
            "hyper-suspected": 0,
            "lithium": 0,
            "goitre": 0,
            "tumor": 0,
            "hypopituitarism": 0,
            "psychiatric": 0,
            "tsh": 1,
            "t3": 1,
            "t4": 0,
            "t4-uptake": 1,
            "fti": 0,
            "FH_Hypothyroidism": 1,
            "FH_Hyperthyroidism": 1,
            "FH_Goiter": 1,
            "FH_ThyroidCancer": 1,
            "Sym_Fatigue": 1,
            "Sym_WeightChange": 1,
            "Sym_DrySkin": 1,
            "Sym_HairLoss": 1,
            "Sym_HeartRate": 1,
            "Sym_Digestion": 1,
            "Sym_IrregularPeriods": 1,
            "Sym_NeckSwelling": 1,
            "Diabetes": 1,
            "HighBloodPressure": 1,
            "HighCholesterol": 0,
            "Anemia": 1,
            "DepressionAnxiety": 1,
            "HeartDisease": 1,
            "MenstrualIrregularities": 1,
            "AutoimmuneDiseases": 1,
            "tshValue": 5,
            "t3Value": 6,
            "t4Value": "",
            "t4-uptakeValue": "8",
            "ftiValue": "",
            "age": 22,
            "gender": 0
        },
        "prediction": "hypo",
        "mode": "Hybrid (Lab-Assisted)",
        "c_score": 89,
        "shap_values": [],
        "rf_prediction": "Hypothyroid",
        "svm_prediction": "Hypothyroid",
        "cnn_prediction": "Hypothyroid"
    }
}
{
    "timestamp": "2025-11-25 15:10:05",
    "user_id": "4",
    "received_input": {
        "form_data": {
            "thyroxine": 0,
            "advised-thyroxine": 0,
            "antithyroid": 0,
            "illness": 0,
            "pregnant": 0,
            "surgery": 0,
            "radioactive": 0,
            "hypo-suspected": 0,
            "hyper-suspected": 0,
            "lithium": 0,
            "goitre": 0,
            "tumor": 0,
            "hypopituitarism": 0,
            "psychiatric": 0,
            "tsh": 1,
            "t3": 1,
            "t4": 0,
            "t4-uptake": 0,
            "fti": 0,
            "FH_Hypothyroidism": 1,
            "FH_Hyperthyroidism": 1,
            "FH_Goiter": 1,
            "FH_ThyroidCancer": 1,
            "Sym_Fatigue": 1,
            "Sym_WeightChange": 1,
            "Sym_DrySkin": 1,
            "Sym_HairLoss": 1,
            "Sym_HeartRate": 1,
            "Sym_Digestion": 1,
            "Sym_IrregularPeriods": 1,
            "Sym_NeckSwelling": 1,
            "Diabetes": 1,
            "HighBloodPressure": 1,
            "HighCholesterol": 1,
            "Anemia": 1,
            "DepressionAnxiety": 1,
            "HeartDisease": 1,
            "MenstrualIrregularities": 1,
            "AutoimmuneDiseases": 1,
            "tshValue": 5,
            "t3Value": 3,
            "t4Value": "",
            "t4-uptakeValue": "",
            "ftiValue": "",
            "age": 22,
            "gender": 0
        },
        "prediction": "hypo",
        "mode": "Hybrid (Lab-Assisted)",
        "c_score": 85,
        "shap_values": [],
        "rf_prediction": "Hypothyroid",
        "svm_prediction": "Hypothyroid",
        "cnn_prediction": "Hypothyroid"
    }
}
{
    "timestamp": "2025-11-25 15:23:54",
    "user_id": "4",
    "received_input": {
        "form_data": {
            "thyroxine": 0,
            "advised-thyroxine": 0,
            "antithyroid": 0,
            "illness": 0,
            "pregnant": 0,
            "surgery": 0,
            "radioactive": 0,
            "hypo-suspected": 0,
            "hyper-suspected": 0,
            "lithium": 0,
            "goitre": 0,
            "tumor": 0,
            "hypopituitarism": 0,
            "psychiatric": 0,
            "tsh": 1,
            "t3": 0,
            "t4": 0,
            "t4-uptake": 0,
            "fti": 0,
            "FH_Hypothyroidism": 1,
            "FH_Hyperthyroidism": 1,
            "FH_Goiter": 1,
            "FH_ThyroidCancer": 1,
            "Sym_Fatigue": 1,
            "Sym_WeightChange": 1,
            "Sym_DrySkin": 1,
            "Sym_HairLoss": 1,
            "Sym_HeartRate": 1,
            "Sym_Digestion": 1,
            "Sym_IrregularPeriods": 1,
            "Sym_NeckSwelling": 1,
            "Diabetes": 1,
            "HighBloodPressure": 1,
            "HighCholesterol": 1,
            "Anemia": 1,
            "DepressionAnxiety": 1,
            "HeartDisease": 1,
            "MenstrualIrregularities": 1,
            "AutoimmuneDiseases": 1,
            "tshValue": 6,
            "t3Value": "",
            "t4Value": "",
            "t4-uptakeValue": "",
            "ftiValue": "",
            "age": 22,
            "gender": 0
        },
        "prediction": "hypo",
        "mode": "Hybrid (Lab-Assisted)",
        "c_score": 82,
        "shap_values": [],
        "rf_prediction": "Hypothyroid",
        "svm_prediction": "Hypothyroid",
        "cnn_prediction": "Hypothyroid"
    }
}
{
    "timestamp": "2025-11-25 15:24:10",
    "user_id": "4",
    "received_input": {
        "form_data": {
            "thyroxine": 0,
            "advised-thyroxine": 0,
            "antithyroid": 0,
            "illness": 0,
            "pregnant": 0,
            "surgery": 0,
            "radioactive": 0,
            "hypo-suspected": 0,
            "hyper-suspected": 0,
            "lithium": 0,
            "goitre": 0,
            "tumor": 0,
            "hypopituitarism": 0,
            "psychiatric": 0,
            "tsh": 1,
            "t3": 0,
            "t4": 1,
            "t4-uptake": 0,
            "fti": 0,
            "FH_Hypothyroidism": 1,
            "FH_Hyperthyroidism": 1,
            "FH_Goiter": 1,
            "FH_ThyroidCancer": 1,
            "Sym_Fatigue": 1,
            "Sym_WeightChange": 1,
            "Sym_DrySkin": 1,
            "Sym_HairLoss": 1,
            "Sym_HeartRate": 1,
            "Sym_Digestion": 1,
            "Sym_IrregularPeriods": 1,
            "Sym_NeckSwelling": 1,
            "Diabetes": 1,
            "HighBloodPressure": 1,
            "HighCholesterol": 1,
            "Anemia": 1,
            "DepressionAnxiety": 1,
            "HeartDisease": 1,
            "MenstrualIrregularities": 1,
            "AutoimmuneDiseases": 1,
            "tshValue": 6,
            "t3Value": "",
            "t4Value": 4,
            "t4-uptakeValue": "",
            "ftiValue": "",
            "age": 22,
            "gender": 0
        },
        "prediction": "hypo",
        "mode": "Hybrid (Lab-Assisted)",
        "c_score": 82,
        "shap_values": [],
        "rf_prediction": "Hypothyroid",
        "svm_prediction": "Hypothyroid",
        "cnn_prediction": "Hypothyroid"
    }
}
{
    "timestamp": "2025-11-25 16:17:53",
    "user_id": "4",
    "received_input": {
        "form_data": {
            "thyroxine": 0,
            "advised-thyroxine": 0,
            "antithyroid": 0,
            "illness": 0,
            "pregnant": 0,
            "surgery": 0,
            "radioactive": 0,
            "hypo-suspected": 0,
            "hyper-suspected": 0,
            "lithium": 0,
            "goitre": 0,
            "tumor": 0,
            "hypopituitarism": 0,
            "psychiatric": 0,
            "tsh": 1,
            "t3": 0,
            "t4": 0,
            "t4-uptake": 0,
            "fti": 0,
            "FH_Hypothyroidism": 1,
            "FH_Hyperthyroidism": 1,
            "FH_Goiter": 1,
            "FH_ThyroidCancer": 1,
            "Sym_Fatigue": 1,
            "Sym_WeightChange": 1,
            "Sym_DrySkin": 1,
            "Sym_HairLoss": 1,
            "Sym_HeartRate": 1,
            "Sym_Digestion": 1,
            "Sym_IrregularPeriods": 1,
            "Sym_NeckSwelling": 1,
            "Diabetes": 1,
            "HighBloodPressure": 1,
            "HighCholesterol": 1,
            "Anemia": 1,
            "DepressionAnxiety": 1,
            "HeartDisease": 1,
            "MenstrualIrregularities": 1,
            "AutoimmuneDiseases": 1,
            "tshValue": 7,
            "t3Value": "",
            "t4Value": "",
            "t4-uptakeValue": "",
            "ftiValue": "",
            "age": 22,
            "gender": 0
        },
        "prediction": "hypo",
        "mode": "Hybrid (Lab-Assisted)",
        "c_score": 81,
        "shap_values": [],
        "rf_prediction": "Hypothyroid",
        "svm_prediction": "Hypothyroid",
        "cnn_prediction": "Hypothyroid"
    }
}
{
    "timestamp": "2025-11-25 16:41:47",
    "user_id": "4",
    "received_input": {
        "form_data": {
            "thyroxine": 0,
            "advised-thyroxine": 0,
            "antithyroid": 0,
            "illness": 0,
            "pregnant": 0,
            "surgery": 0,
            "radioactive": 0,
            "hypo-suspected": 0,
            "hyper-suspected": 0,
            "lithium": 0,
            "goitre": 0,
            "tumor": 0,
            "hypopituitarism": 0,
            "psychiatric": 0,
            "tsh": 0,
            "t3": 1,
            "t4": 0,
            "t4-uptake": 0,
            "fti": 0,
            "FH_Hypothyroidism": 1,
            "FH_Hyperthyroidism": 1,
            "FH_Goiter": 1,
            "FH_ThyroidCancer": 1,
            "Sym_Fatigue": 1,
            "Sym_WeightChange": 1,
            "Sym_DrySkin": 1,
            "Sym_HairLoss": 1,
            "Sym_HeartRate": 1,
            "Sym_Digestion": 1,
            "Sym_IrregularPeriods": 1,
            "Sym_NeckSwelling": 1,
            "Diabetes": 1,
            "HighBloodPressure": 1,
            "HighCholesterol": 1,
            "Anemia": 1,
            "DepressionAnxiety": 1,
            "HeartDisease": 1,
            "MenstrualIrregularities": 1,
            "AutoimmuneDiseases": 1,
            "tshValue": "",
            "t3Value": 5,
            "t4Value": "",
            "t4-uptakeValue": "",
            "ftiValue": "",
            "age": 22,
            "gender": 0
        },
        "prediction": "hypo",
        "mode": "Hybrid (Lab-Assisted)",
        "c_score": 75,
        "shap_values": [],
        "rf_prediction": "Hypothyroid",
        "svm_prediction": "Hypothyroid",
        "gb_prediction": "Hypothyroid",
        "cnn_prediction": "Hypothyroid"
    }
}
{
    "timestamp": "2025-11-25 16:42:22",
    "user_id": "4",
    "received_input": {
        "form_data": {
            "thyroxine": 0,
            "advised-thyroxine": 0,
            "antithyroid": 0,
            "illness": 0,
            "pregnant": 0,
            "surgery": 0,
            "radioactive": 0,
            "hypo-suspected": 0,
            "hyper-suspected": 0,
            "lithium": 0,
            "goitre": 0,
            "tumor": 0,
            "hypopituitarism": 0,
            "psychiatric": 0,
            "tsh": 0,
            "t3": 1,
            "t4": 0,
            "t4-uptake": 0,
            "fti": 0,
            "FH_Hypothyroidism": 1,
            "FH_Hyperthyroidism": 1,
            "FH_Goiter": 1,
            "FH_ThyroidCancer": 1,
            "Sym_Fatigue": 1,
            "Sym_WeightChange": 1,
            "Sym_DrySkin": 1,
            "Sym_HairLoss": 1,
            "Sym_HeartRate": 1,
            "Sym_Digestion": 1,
            "Sym_IrregularPeriods": 1,
            "Sym_NeckSwelling": 1,
            "Diabetes": 1,
            "HighBloodPressure": 1,
            "HighCholesterol": 1,
            "Anemia": 1,
            "DepressionAnxiety": 1,
            "HeartDisease": 1,
            "MenstrualIrregularities": 1,
            "AutoimmuneDiseases": 1,
            "tshValue": "",
            "t3Value": 5,
            "t4Value": "",
            "t4-uptakeValue": "",
            "ftiValue": "",
            "age": 22,
            "gender": 0
        },
        "prediction": "hypo",
        "mode": "Hybrid (Lab-Assisted)",
        "c_score": 75,
        "shap_values": [],
        "rf_prediction": "Hypothyroid",
        "svm_prediction": "Hypothyroid",
        "gb_prediction": "Hypothyroid",
        "cnn_prediction": "Hypothyroid"
    }
}
{
    "timestamp": "2025-11-25 16:45:05",
    "user_id": "4",
    "received_input": {
        "form_data": {
            "thyroxine": 0,
            "advised-thyroxine": 0,
            "antithyroid": 0,
            "illness": 0,
            "pregnant": 0,
            "surgery": 0,
            "radioactive": 0,
            "hypo-suspected": 0,
            "hyper-suspected": 0,
            "lithium": 0,
            "goitre": 0,
            "tumor": 0,
            "hypopituitarism": 0,
            "psychiatric": 0,
            "tsh": 0,
            "t3": 0,
            "t4": 0,
            "t4-uptake": 0,
            "fti": 0,
            "FH_Hypothyroidism": 1,
            "FH_Hyperthyroidism": 1,
            "FH_Goiter": 1,
            "FH_ThyroidCancer": 1,
            "Sym_Fatigue": 1,
            "Sym_WeightChange": 1,
            "Sym_DrySkin": 1,
            "Sym_HairLoss": 1,
            "Sym_HeartRate": 1,
            "Sym_Digestion": 1,
            "Sym_IrregularPeriods": 1,
            "Sym_NeckSwelling": 1,
            "Diabetes": 1,
            "HighBloodPressure": 1,
            "HighCholesterol": 1,
            "Anemia": 1,
            "DepressionAnxiety": 1,
            "HeartDisease": 1,
            "MenstrualIrregularities": 1,
            "AutoimmuneDiseases": 1,
            "tshValue": "",
            "t3Value": "",
            "t4Value": "",
            "t4-uptakeValue": "",
            "ftiValue": "",
            "age": 22,
            "gender": 0
        },
        "prediction": "hyper",
        "mode": "Symptom-Only",
        "c_score": 78,
        "shap_values": [],
        "rf_prediction": "Hyperthyroid",
        "svm_prediction": "Hypothyroid",
        "gb_prediction": "Hyperthyroid",
        "cnn_prediction": "Hypothyroid"
    }
}
{
    "timestamp": "2025-11-25 16:48:59",
    "user_id": "4",
    "received_input": {
        "form_data": {
            "thyroxine": 0,
            "advised-thyroxine": 0,
            "antithyroid": 0,
            "illness": 0,
            "pregnant": 0,
            "surgery": 0,
            "radioactive": 0,
            "hypo-suspected": 0,
            "hyper-suspected": 0,
            "lithium": 0,
            "goitre": 0,
            "tumor": 0,
            "hypopituitarism": 0,
            "psychiatric": 0,
            "tsh": 1,
            "t3": 0,
            "t4": 0,
            "t4-uptake": 0,
            "fti": 0,
            "FH_Hypothyroidism": 1,
            "FH_Hyperthyroidism": 1,
            "FH_Goiter": 1,
            "FH_ThyroidCancer": 1,
            "Sym_Fatigue": 1,
            "Sym_WeightChange": 1,
            "Sym_DrySkin": 1,
            "Sym_HairLoss": 1,
            "Sym_HeartRate": 1,
            "Sym_Digestion": 1,
            "Sym_IrregularPeriods": 1,
            "Sym_NeckSwelling": 1,
            "Diabetes": 1,
            "HighBloodPressure": 1,
            "HighCholesterol": 1,
            "Anemia": 1,
            "DepressionAnxiety": 1,
            "HeartDisease": 1,
            "MenstrualIrregularities": 1,
            "AutoimmuneDiseases": 1,
            "tshValue": 3,
            "t3Value": "",
            "t4Value": "",
            "t4-uptakeValue": "",
            "ftiValue": "",
            "age": 22,
            "gender": 0
        },
        "prediction": "hypo",
        "mode": "Hybrid (Lab-Assisted)",
        "c_score": 71,
        "shap_values": [],
        "rf_prediction": "Hypothyroid",
        "svm_prediction": "Hypothyroid",
        "gb_prediction": "Hypothyroid",
        "cnn_prediction": "Hypothyroid"
    }
}
{
    "timestamp": "2025-11-25 16:50:55",
    "user_id": "4",
    "received_input": {
        "form_data": {
            "thyroxine": 0,
            "advised-thyroxine": 0,
            "antithyroid": 0,
            "illness": 0,
            "pregnant": 0,
            "surgery": 0,
            "radioactive": 0,
            "hypo-suspected": 0,
            "hyper-suspected": 0,
            "lithium": 0,
            "goitre": 0,
            "tumor": 0,
            "hypopituitarism": 0,
            "psychiatric": 0,
            "tsh": 1,
            "t3": 0,
            "t4": 0,
            "t4-uptake": 0,
            "fti": 0,
            "FH_Hypothyroidism": 1,
            "FH_Hyperthyroidism": 1,
            "FH_Goiter": 1,
            "FH_ThyroidCancer": 1,
            "Sym_Fatigue": 1,
            "Sym_WeightChange": 1,
            "Sym_DrySkin": 1,
            "Sym_HairLoss": 1,
            "Sym_HeartRate": 1,
            "Sym_Digestion": 1,
            "Sym_IrregularPeriods": 1,
            "Sym_NeckSwelling": 1,
            "Diabetes": 1,
            "HighBloodPressure": 1,
            "HighCholesterol": 1,
            "Anemia": 1,
            "DepressionAnxiety": 1,
            "HeartDisease": 1,
            "MenstrualIrregularities": 1,
            "AutoimmuneDiseases": 1,
            "tshValue": 3,
            "t3Value": "",
            "t4Value": "",
            "t4-uptakeValue": "",
            "ftiValue": "",
            "age": 22,
            "gender": 0
        },
        "prediction": "hypo",
        "mode": "Hybrid (Lab-Assisted)",
        "c_score": 71,
        "shap_values": [],
        "rf_prediction": "Hypothyroid",
        "svm_prediction": "Hypothyroid",
        "gb_prediction": "Hypothyroid",
        "cnn_prediction": "Hypothyroid"
    }
}
{
    "timestamp": "2025-11-25 16:51:11",
    "user_id": "4",
    "received_input": {
        "form_data": {
            "thyroxine": 0,
            "advised-thyroxine": 0,
            "antithyroid": 0,
            "illness": 0,
            "pregnant": 0,
            "surgery": 0,
            "radioactive": 0,
            "hypo-suspected": 0,
            "hyper-suspected": 0,
            "lithium": 0,
            "goitre": 0,
            "tumor": 0,
            "hypopituitarism": 0,
            "psychiatric": 0,
            "tsh": 1,
            "t3": 0,
            "t4": 0,
            "t4-uptake": 0,
            "fti": 0,
            "FH_Hypothyroidism": 1,
            "FH_Hyperthyroidism": 1,
            "FH_Goiter": 1,
            "FH_ThyroidCancer": 1,
            "Sym_Fatigue": 1,
            "Sym_WeightChange": 1,
            "Sym_DrySkin": 1,
            "Sym_HairLoss": 1,
            "Sym_HeartRate": 1,
            "Sym_Digestion": 1,
            "Sym_IrregularPeriods": 1,
            "Sym_NeckSwelling": 1,
            "Diabetes": 1,
            "HighBloodPressure": 1,
            "HighCholesterol": 1,
            "Anemia": 1,
            "DepressionAnxiety": 1,
            "HeartDisease": 1,
            "MenstrualIrregularities": 1,
            "AutoimmuneDiseases": 1,
            "tshValue": 80,
            "t3Value": "",
            "t4Value": "",
            "t4-uptakeValue": "",
            "ftiValue": "",
            "age": 22,
            "gender": 0
        },
        "prediction": "hypo",
        "mode": "Hybrid (Lab-Assisted)",
        "c_score": 65,
        "shap_values": [],
        "rf_prediction": "Hypothyroid",
        "svm_prediction": "Hypothyroid",
        "gb_prediction": "Hypothyroid",
        "cnn_prediction": "Hypothyroid"
    }
}
{
    "timestamp": "2025-11-25 16:52:19",
    "user_id": "4",
    "received_input": {
        "form_data": {
            "thyroxine": 0,
            "advised-thyroxine": 0,
            "antithyroid": 0,
            "illness": 0,
            "pregnant": 0,
            "surgery": 0,
            "radioactive": 0,
            "hypo-suspected": 0,
            "hyper-suspected": 0,
            "lithium": 0,
            "goitre": 0,
            "tumor": 0,
            "hypopituitarism": 0,
            "psychiatric": 0,
            "tsh": 1,
            "t3": 0,
            "t4": 0,
            "t4-uptake": 0,
            "fti": 0,
            "FH_Hypothyroidism": 1,
            "FH_Hyperthyroidism": 1,
            "FH_Goiter": 1,
            "FH_ThyroidCancer": 1,
            "Sym_Fatigue": 1,
            "Sym_WeightChange": 1,
            "Sym_DrySkin": 1,
            "Sym_HairLoss": 1,
            "Sym_HeartRate": 1,
            "Sym_Digestion": 1,
            "Sym_IrregularPeriods": 1,
            "Sym_NeckSwelling": 1,
            "Diabetes": 0,
            "HighBloodPressure": 1,
            "HighCholesterol": 1,
            "Anemia": 1,
            "DepressionAnxiety": 1,
            "HeartDisease": 1,
            "MenstrualIrregularities": 1,
            "AutoimmuneDiseases": 1,
            "tshValue": 6,
            "t3Value": "",
            "t4Value": "",
            "t4-uptakeValue": "",
            "ftiValue": "",
            "age": 22,
            "gender": 0
        },
        "prediction": "hypo",
        "mode": "Hybrid (Lab-Assisted)",
        "c_score": 78,
        "shap_values": [],
        "rf_prediction": "Hypothyroid",
        "svm_prediction": "Hypothyroid",
        "gb_prediction": "Hypothyroid",
        "cnn_prediction": "Hypothyroid"
    }
}
{
    "timestamp": "2025-11-25 16:53:00",
    "user_id": "4",
    "received_input": {
        "form_data": {
            "thyroxine": 0,
            "advised-thyroxine": 0,
            "antithyroid": 0,
            "illness": 0,
            "pregnant": 0,
            "surgery": 0,
            "radioactive": 0,
            "hypo-suspected": 0,
            "hyper-suspected": 0,
            "lithium": 0,
            "goitre": 0,
            "tumor": 0,
            "hypopituitarism": 0,
            "psychiatric": 0,
            "tsh": 1,
            "t3": 0,
            "t4": 0,
            "t4-uptake": 0,
            "fti": 0,
            "FH_Hypothyroidism": 1,
            "FH_Hyperthyroidism": 0,
            "FH_Goiter": 0,
            "FH_ThyroidCancer": 1,
            "Sym_Fatigue": 1,
            "Sym_WeightChange": 0,
            "Sym_DrySkin": 1,
            "Sym_HairLoss": 1,
            "Sym_HeartRate": 1,
            "Sym_Digestion": 1,
            "Sym_IrregularPeriods": 1,
            "Sym_NeckSwelling": 1,
            "Diabetes": 0,
            "HighBloodPressure": 1,
            "HighCholesterol": 1,
            "Anemia": 1,
            "DepressionAnxiety": 1,
            "HeartDisease": 1,
            "MenstrualIrregularities": 1,
            "AutoimmuneDiseases": 1,
            "tshValue": 6,
            "t3Value": "",
            "t4Value": "",
            "t4-uptakeValue": "",
            "ftiValue": "",
            "age": 22,
            "gender": 0
        },
        "prediction": "hypo",
        "mode": "Hybrid (Lab-Assisted)",
        "c_score": 78,
        "shap_values": [],
        "rf_prediction": "Hypothyroid",
        "svm_prediction": "Hypothyroid",
        "gb_prediction": "Hypothyroid",
        "cnn_prediction": "Hypothyroid"
    }
}
{
    "timestamp": "2025-11-25 17:01:20",
    "user_id": "4",
    "received_input": {
        "form_data": {
            "thyroxine": 0,
            "advised-thyroxine": 0,
            "antithyroid": 0,
            "illness": 0,
            "pregnant": 0,
            "surgery": 0,
            "radioactive": 0,
            "hypo-suspected": 0,
            "hyper-suspected": 0,
            "lithium": 0,
            "goitre": 0,
            "tumor": 0,
            "hypopituitarism": 0,
            "psychiatric": 0,
            "tsh": 1,
            "t3": 0,
            "t4": 0,
            "t4-uptake": 1,
            "fti": 0,
            "FH_Hypothyroidism": 1,
            "FH_Hyperthyroidism": 0,
            "FH_Goiter": 1,
            "FH_ThyroidCancer": 0,
            "Sym_Fatigue": 1,
            "Sym_WeightChange": 0,
            "Sym_DrySkin": 1,
            "Sym_HairLoss": 0,
            "Sym_HeartRate": 1,
            "Sym_Digestion": 0,
            "Sym_IrregularPeriods": 1,
            "Sym_NeckSwelling": 0,
            "Diabetes": 1,
            "HighBloodPressure": 0,
            "HighCholesterol": 1,
            "Anemia": 0,
            "DepressionAnxiety": 1,
            "HeartDisease": 0,
            "MenstrualIrregularities": 1,
            "AutoimmuneDiseases": 0,
            "tshValue": 6,
            "t3Value": "",
            "t4Value": "",
            "t4-uptakeValue": "4",
            "ftiValue": "",
            "age": 22,
            "gender": 0
        },
        "prediction": "hypo",
        "mode": "Hybrid (Lab-Assisted)",
        "c_score": 79,
        "shap_values": [],
        "rf_prediction": "Hypothyroid",
        "svm_prediction": "Hypothyroid",
        "gb_prediction": "Hypothyroid",
        "cnn_prediction": "Hypothyroid"
    }
}
{
    "timestamp": "2025-11-25 17:01:29",
    "user_id": "4",
    "received_input": {
        "form_data": {
            "thyroxine": 0,
            "advised-thyroxine": 0,
            "antithyroid": 0,
            "illness": 0,
            "pregnant": 0,
            "surgery": 0,
            "radioactive": 0,
            "hypo-suspected": 0,
            "hyper-suspected": 0,
            "lithium": 0,
            "goitre": 0,
            "tumor": 0,
            "hypopituitarism": 0,
            "psychiatric": 0,
            "tsh": 1,
            "t3": 0,
            "t4": 0,
            "t4-uptake": 1,
            "fti": 0,
            "FH_Hypothyroidism": 1,
            "FH_Hyperthyroidism": 0,
            "FH_Goiter": 1,
            "FH_ThyroidCancer": 0,
            "Sym_Fatigue": 1,
            "Sym_WeightChange": 0,
            "Sym_DrySkin": 1,
            "Sym_HairLoss": 0,
            "Sym_HeartRate": 1,
            "Sym_Digestion": 0,
            "Sym_IrregularPeriods": 1,
            "Sym_NeckSwelling": 0,
            "Diabetes": 1,
            "HighBloodPressure": 0,
            "HighCholesterol": 1,
            "Anemia": 0,
            "DepressionAnxiety": 1,
            "HeartDisease": 0,
            "MenstrualIrregularities": 1,
            "AutoimmuneDiseases": 0,
            "tshValue": 6,
            "t3Value": "",
            "t4Value": "",
            "t4-uptakeValue": "4",
            "ftiValue": "",
            "age": 22,
            "gender": 0
        },
        "prediction": "hypo",
        "mode": "Hybrid (Lab-Assisted)",
        "c_score": 79,
        "shap_values": [],
        "rf_prediction": "Hypothyroid",
        "svm_prediction": "Hypothyroid",
        "gb_prediction": "Hypothyroid",
        "cnn_prediction": "Hypothyroid"
    }
}
{
    "timestamp": "2025-11-25 17:11:03",
    "user_id": "4",
    "received_input": {
        "form_data": {
            "thyroxine": 0,
            "advised-thyroxine": 0,
            "antithyroid": 0,
            "illness": 0,
            "pregnant": 0,
            "surgery": 0,
            "radioactive": 0,
            "hypo-suspected": 0,
            "hyper-suspected": 0,
            "lithium": 0,
            "goitre": 0,
            "tumor": 0,
            "hypopituitarism": 0,
            "psychiatric": 0,
            "tsh": 1,
            "t3": 0,
            "t4": 1,
            "t4-uptake": 0,
            "fti": 1,
            "FH_Hypothyroidism": 1,
            "FH_Hyperthyroidism": 0,
            "FH_Goiter": 1,
            "FH_ThyroidCancer": 0,
            "Sym_Fatigue": 1,
            "Sym_WeightChange": 0,
            "Sym_DrySkin": 0,
            "Sym_HairLoss": 1,
            "Sym_HeartRate": 0,
            "Sym_Digestion": 1,
            "Sym_IrregularPeriods": 0,
            "Sym_NeckSwelling": 1,
            "Diabetes": 0,
            "HighBloodPressure": 1,
            "HighCholesterol": 0,
            "Anemia": 1,
            "DepressionAnxiety": 0,
            "HeartDisease": 1,
            "MenstrualIrregularities": 0,
            "AutoimmuneDiseases": 1,
            "tshValue": 4,
            "t3Value": "",
            "t4Value": 7,
            "t4-uptakeValue": "",
            "ftiValue": 4,
            "age": 22,
            "gender": 0
        },
        "prediction": "hypo",
        "mode": "Hybrid (Lab-Assisted)",
        "c_score": 68,
        "shap_values": [],
        "rf_prediction": "Hypothyroid",
        "svm_prediction": "Hypothyroid",
        "gb_prediction": "Hypothyroid",
        "cnn_prediction": "Hypothyroid"
    }
}
{
    "timestamp": "2025-11-25 17:12:43",
    "user_id": "4",
    "received_input": {
        "form_data": {
            "thyroxine": 0,
            "advised-thyroxine": 0,
            "antithyroid": 0,
            "illness": 0,
            "pregnant": 0,
            "surgery": 0,
            "radioactive": 0,
            "hypo-suspected": 0,
            "hyper-suspected": 0,
            "lithium": 0,
            "goitre": 0,
            "tumor": 0,
            "hypopituitarism": 0,
            "psychiatric": 0,
            "tsh": 0,
            "t3": 0,
            "t4": 0,
            "t4-uptake": 0,
            "fti": 0,
            "FH_Hypothyroidism": 1,
            "FH_Hyperthyroidism": 1,
            "FH_Goiter": 1,
            "FH_ThyroidCancer": 1,
            "Sym_Fatigue": 1,
            "Sym_WeightChange": 1,
            "Sym_DrySkin": 1,
            "Sym_HairLoss": 1,
            "Sym_HeartRate": 1,
            "Sym_Digestion": 1,
            "Sym_IrregularPeriods": 1,
            "Sym_NeckSwelling": 1,
            "Diabetes": 1,
            "HighBloodPressure": 1,
            "HighCholesterol": 1,
            "Anemia": 1,
            "DepressionAnxiety": 1,
            "HeartDisease": 1,
            "MenstrualIrregularities": 1,
            "AutoimmuneDiseases": 1,
            "tshValue": "",
            "t3Value": "",
            "t4Value": "",
            "t4-uptakeValue": "",
            "ftiValue": "",
            "age": 22,
            "gender": 0
        },
        "prediction": "hyper",
        "mode": "Symptom-Only",
        "c_score": 78,
        "shap_values": [],
        "rf_prediction": "Hyperthyroid",
        "svm_prediction": "Hypothyroid",
        "gb_prediction": "Hyperthyroid",
        "cnn_prediction": "Hypothyroid"
    }
}
{
    "timestamp": "2025-11-25 17:16:45",
    "user_id": "4",
    "received_input": {
        "form_data": {
            "thyroxine": 0,
            "advised-thyroxine": 0,
            "antithyroid": 0,
            "illness": 0,
            "pregnant": 0,
            "surgery": 0,
            "radioactive": 0,
            "hypo-suspected": 0,
            "hyper-suspected": 0,
            "lithium": 0,
            "goitre": 0,
            "tumor": 0,
            "hypopituitarism": 0,
            "psychiatric": 0,
            "tsh": 0,
            "t3": 0,
            "t4": 0,
            "t4-uptake": 0,
            "fti": 0,
            "FH_Hypothyroidism": 1,
            "FH_Hyperthyroidism": 1,
            "FH_Goiter": 1,
            "FH_ThyroidCancer": 1,
            "Sym_Fatigue": 1,
            "Sym_WeightChange": 1,
            "Sym_DrySkin": 1,
            "Sym_HairLoss": 1,
            "Sym_HeartRate": 1,
            "Sym_Digestion": 1,
            "Sym_IrregularPeriods": 1,
            "Sym_NeckSwelling": 1,
            "Diabetes": 1,
            "HighBloodPressure": 1,
            "HighCholesterol": 1,
            "Anemia": 1,
            "DepressionAnxiety": 1,
            "HeartDisease": 1,
            "MenstrualIrregularities": 1,
            "AutoimmuneDiseases": 1,
            "tshValue": "",
            "t3Value": "",
            "t4Value": "",
            "t4-uptakeValue": "",
            "ftiValue": "",
            "age": 22,
            "gender": 0
        },
        "prediction": "hyper",
        "mode": "Symptom-Only",
        "c_score": 78,
        "shap_values": [],
        "rf_prediction": "Hyperthyroid",
        "svm_prediction": "Hypothyroid",
        "gb_prediction": "Hyperthyroid",
        "cnn_prediction": "Hypothyroid"
    }
}
{
    "timestamp": "2025-11-25 17:23:13",
    "user_id": "4",
    "received_input": {
        "form_data": {
            "thyroxine": 0,
            "advised-thyroxine": 0,
            "antithyroid": 0,
            "illness": 0,
            "pregnant": 0,
            "surgery": 0,
            "radioactive": 0,
            "hypo-suspected": 0,
            "hyper-suspected": 0,
            "lithium": 0,
            "goitre": 0,
            "tumor": 0,
            "hypopituitarism": 0,
            "psychiatric": 0,
            "tsh": 0,
            "t3": 0,
            "t4": 0,
            "t4-uptake": 0,
            "fti": 0,
            "FH_Hypothyroidism": 0,
            "FH_Hyperthyroidism": 1,
            "FH_Goiter": 0,
            "FH_ThyroidCancer": 1,
            "Sym_Fatigue": 0,
            "Sym_WeightChange": 1,
            "Sym_DrySkin": 0,
            "Sym_HairLoss": 0,
            "Sym_HeartRate": 1,
            "Sym_Digestion": 0,
            "Sym_IrregularPeriods": 0,
            "Sym_NeckSwelling": 1,
            "Diabetes": 1,
            "HighBloodPressure": 0,
            "HighCholesterol": 1,
            "Anemia": 0,
            "DepressionAnxiety": 1,
            "HeartDisease": 0,
            "MenstrualIrregularities": 1,
            "AutoimmuneDiseases": 0,
            "tshValue": "",
            "t3Value": "",
            "t4Value": "",
            "t4-uptakeValue": "",
            "ftiValue": "",
            "age": 22,
            "gender": 0
        },
        "prediction": "hyper",
        "mode": "Symptom-Only",
        "c_score": 83,
        "shap_values": [],
        "rf_prediction": "Hyperthyroid",
        "svm_prediction": "Hyperthyroid",
        "gb_prediction": "Hyperthyroid",
        "cnn_prediction": "Hypothyroid"
    }
}
{
    "timestamp": "2025-11-25 17:25:13",
    "user_id": "4",
    "received_input": {
        "form_data": {
            "thyroxine": 0,
            "advised-thyroxine": 0,
            "antithyroid": 0,
            "illness": 0,
            "pregnant": 0,
            "surgery": 0,
            "radioactive": 0,
            "hypo-suspected": 0,
            "hyper-suspected": 0,
            "lithium": 0,
            "goitre": 0,
            "tumor": 0,
            "hypopituitarism": 0,
            "psychiatric": 0,
            "tsh": 0,
            "t3": 0,
            "t4": 0,
            "t4-uptake": 0,
            "fti": 0,
            "FH_Hypothyroidism": 1,
            "FH_Hyperthyroidism": 1,
            "FH_Goiter": 1,
            "FH_ThyroidCancer": 1,
            "Sym_Fatigue": 1,
            "Sym_WeightChange": 1,
            "Sym_DrySkin": 1,
            "Sym_HairLoss": 1,
            "Sym_HeartRate": 1,
            "Sym_Digestion": 1,
            "Sym_IrregularPeriods": 1,
            "Sym_NeckSwelling": 1,
            "Diabetes": 1,
            "HighBloodPressure": 1,
            "HighCholesterol": 1,
            "Anemia": 1,
            "DepressionAnxiety": 1,
            "HeartDisease": 1,
            "MenstrualIrregularities": 1,
            "AutoimmuneDiseases": 1,
            "tshValue": "",
            "t3Value": "",
            "t4Value": "",
            "t4-uptakeValue": "",
            "ftiValue": "",
            "age": 22,
            "gender": 0
        },
        "prediction": "hyper",
        "mode": "Symptom-Only",
        "c_score": 78,
        "shap_values": [],
        "rf_prediction": "Hyperthyroid",
        "svm_prediction": "Hypothyroid",
        "gb_prediction": "Hyperthyroid",
        "cnn_prediction": "Hypothyroid"
    }
}
{
    "timestamp": "2025-11-25 17:25:21",
    "user_id": "4",
    "received_input": {
        "form_data": {
            "thyroxine": 0,
            "advised-thyroxine": 0,
            "antithyroid": 0,
            "illness": 0,
            "pregnant": 0,
            "surgery": 0,
            "radioactive": 0,
            "hypo-suspected": 0,
            "hyper-suspected": 0,
            "lithium": 0,
            "goitre": 0,
            "tumor": 0,
            "hypopituitarism": 0,
            "psychiatric": 0,
            "tsh": 0,
            "t3": 0,
            "t4": 0,
            "t4-uptake": 0,
            "fti": 0,
            "FH_Hypothyroidism": 1,
            "FH_Hyperthyroidism": 1,
            "FH_Goiter": 1,
            "FH_ThyroidCancer": 1,
            "Sym_Fatigue": 1,
            "Sym_WeightChange": 1,
            "Sym_DrySkin": 1,
            "Sym_HairLoss": 1,
            "Sym_HeartRate": 1,
            "Sym_Digestion": 1,
            "Sym_IrregularPeriods": 1,
            "Sym_NeckSwelling": 1,
            "Diabetes": 1,
            "HighBloodPressure": 1,
            "HighCholesterol": 1,
            "Anemia": 1,
            "DepressionAnxiety": 1,
            "HeartDisease": 1,
            "MenstrualIrregularities": 1,
            "AutoimmuneDiseases": 1,
            "tshValue": "",
            "t3Value": "",
            "t4Value": "",
            "t4-uptakeValue": "",
            "ftiValue": "",
            "age": 22,
            "gender": 0
        },
        "prediction": "hyper",
        "mode": "Symptom-Only",
        "c_score": 78,
        "shap_values": [],
        "rf_prediction": "Hyperthyroid",
        "svm_prediction": "Hypothyroid",
        "gb_prediction": "Hyperthyroid",
        "cnn_prediction": "Hypothyroid"
    }
}
{
    "timestamp": "2025-11-25 17:25:50",
    "user_id": "4",
    "received_input": {
        "form_data": {
            "thyroxine": 0,
            "advised-thyroxine": 0,
            "antithyroid": 0,
            "illness": 0,
            "pregnant": 0,
            "surgery": 0,
            "radioactive": 0,
            "hypo-suspected": 0,
            "hyper-suspected": 0,
            "lithium": 0,
            "goitre": 0,
            "tumor": 0,
            "hypopituitarism": 0,
            "psychiatric": 0,
            "tsh": 0,
            "t3": 0,
            "t4": 1,
            "t4-uptake": 0,
            "fti": 0,
            "FH_Hypothyroidism": 1,
            "FH_Hyperthyroidism": 1,
            "FH_Goiter": 1,
            "FH_ThyroidCancer": 1,
            "Sym_Fatigue": 1,
            "Sym_WeightChange": 1,
            "Sym_DrySkin": 1,
            "Sym_HairLoss": 1,
            "Sym_HeartRate": 1,
            "Sym_Digestion": 1,
            "Sym_IrregularPeriods": 1,
            "Sym_NeckSwelling": 1,
            "Diabetes": 1,
            "HighBloodPressure": 1,
            "HighCholesterol": 1,
            "Anemia": 1,
            "DepressionAnxiety": 1,
            "HeartDisease": 1,
            "MenstrualIrregularities": 1,
            "AutoimmuneDiseases": 1,
            "tshValue": "",
            "t3Value": "",
            "t4Value": 7,
            "t4-uptakeValue": "",
            "ftiValue": "",
            "age": 22,
            "gender": 0
        },
        "prediction": "hypo",
        "mode": "Hybrid (Lab-Assisted)",
        "c_score": 69,
        "shap_values": [],
        "rf_prediction": "Hypothyroid",
        "svm_prediction": "Hypothyroid",
        "gb_prediction": "Hypothyroid",
        "cnn_prediction": "Hypothyroid"
    }
}
{
    "timestamp": "2025-11-25 17:26:02",
    "user_id": "4",
    "received_input": {
        "form_data": {
            "thyroxine": 0,
            "advised-thyroxine": 0,
            "antithyroid": 0,
            "illness": 0,
            "pregnant": 0,
            "surgery": 0,
            "radioactive": 0,
            "hypo-suspected": 0,
            "hyper-suspected": 0,
            "lithium": 0,
            "goitre": 0,
            "tumor": 0,
            "hypopituitarism": 0,
            "psychiatric": 0,
            "tsh": 1,
            "t3": 0,
            "t4": 1,
            "t4-uptake": 0,
            "fti": 0,
            "FH_Hypothyroidism": 1,
            "FH_Hyperthyroidism": 1,
            "FH_Goiter": 1,
            "FH_ThyroidCancer": 1,
            "Sym_Fatigue": 1,
            "Sym_WeightChange": 1,
            "Sym_DrySkin": 1,
            "Sym_HairLoss": 1,
            "Sym_HeartRate": 1,
            "Sym_Digestion": 1,
            "Sym_IrregularPeriods": 1,
            "Sym_NeckSwelling": 1,
            "Diabetes": 1,
            "HighBloodPressure": 1,
            "HighCholesterol": 1,
            "Anemia": 1,
            "DepressionAnxiety": 1,
            "HeartDisease": 1,
            "MenstrualIrregularities": 1,
            "AutoimmuneDiseases": 1,
            "tshValue": 5,
            "t3Value": "",
            "t4Value": 7,
            "t4-uptakeValue": "",
            "ftiValue": "",
            "age": 22,
            "gender": 0
        },
        "prediction": "hypo",
        "mode": "Hybrid (Lab-Assisted)",
        "c_score": 79,
        "shap_values": [],
        "rf_prediction": "Hypothyroid",
        "svm_prediction": "Hypothyroid",
        "gb_prediction": "Hypothyroid",
        "cnn_prediction": "Hypothyroid"
    }
}
{
    "timestamp": "2025-11-25 17:41:53",
    "user_id": "4",
    "received_input": {
        "form_data": {
            "thyroxine": 0,
            "advised-thyroxine": 0,
            "antithyroid": 0,
            "illness": 0,
            "pregnant": 0,
            "surgery": 0,
            "radioactive": 0,
            "hypo-suspected": 0,
            "hyper-suspected": 0,
            "lithium": 0,
            "goitre": 0,
            "tumor": 0,
            "hypopituitarism": 0,
            "psychiatric": 0,
            "tsh": 1,
            "t3": 0,
            "t4": 0,
            "t4-uptake": 0,
            "fti": 0,
            "FH_Hypothyroidism": 1,
            "FH_Hyperthyroidism": 1,
            "FH_Goiter": 1,
            "FH_ThyroidCancer": 1,
            "Sym_Fatigue": 1,
            "Sym_WeightChange": 1,
            "Sym_DrySkin": 1,
            "Sym_HairLoss": 1,
            "Sym_HeartRate": 1,
            "Sym_Digestion": 1,
            "Sym_IrregularPeriods": 1,
            "Sym_NeckSwelling": 1,
            "Diabetes": 1,
            "HighBloodPressure": 1,
            "HighCholesterol": 1,
            "Anemia": 1,
            "DepressionAnxiety": 1,
            "HeartDisease": 1,
            "MenstrualIrregularities": 1,
            "AutoimmuneDiseases": 1,
            "tshValue": 6,
            "t3Value": "",
            "t4Value": "",
            "t4-uptakeValue": "",
            "ftiValue": "",
            "age": 22,
            "gender": 0
        },
        "prediction": "hypo",
        "mode": "Hybrid (Lab-Assisted)",
        "c_score": 78,
        "shap_values": [],
        "rf_prediction": "Hypothyroid",
        "svm_prediction": "Hypothyroid",
        "gb_prediction": "Hypothyroid",
        "cnn_prediction": "Hypothyroid"
    }
}
{
    "timestamp": "2025-11-25 17:42:08",
    "user_id": "4",
    "received_input": {
        "form_data": {
            "thyroxine": 0,
            "advised-thyroxine": 0,
            "antithyroid": 0,
            "illness": 0,
            "pregnant": 0,
            "surgery": 0,
            "radioactive": 0,
            "hypo-suspected": 0,
            "hyper-suspected": 0,
            "lithium": 0,
            "goitre": 0,
            "tumor": 0,
            "hypopituitarism": 0,
            "psychiatric": 0,
            "tsh": 1,
            "t3": 0,
            "t4": 0,
            "t4-uptake": 0,
            "fti": 0,
            "FH_Hypothyroidism": 1,
            "FH_Hyperthyroidism": 1,
            "FH_Goiter": 1,
            "FH_ThyroidCancer": 1,
            "Sym_Fatigue": 1,
            "Sym_WeightChange": 1,
            "Sym_DrySkin": 1,
            "Sym_HairLoss": 1,
            "Sym_HeartRate": 1,
            "Sym_Digestion": 1,
            "Sym_IrregularPeriods": 1,
            "Sym_NeckSwelling": 1,
            "Diabetes": 1,
            "HighBloodPressure": 1,
            "HighCholesterol": 1,
            "Anemia": 1,
            "DepressionAnxiety": 1,
            "HeartDisease": 1,
            "MenstrualIrregularities": 1,
            "AutoimmuneDiseases": 1,
            "tshValue": 6,
            "t3Value": "",
            "t4Value": "",
            "t4-uptakeValue": "",
            "ftiValue": "",
            "age": 22,
            "gender": 0
        },
        "prediction": "hypo",
        "mode": "Hybrid (Lab-Assisted)",
        "c_score": 78,
        "shap_values": [],
        "rf_prediction": "Hypothyroid",
        "svm_prediction": "Hypothyroid",
        "gb_prediction": "Hypothyroid",
        "cnn_prediction": "Hypothyroid"
    }
}
{
    "timestamp": "2025-11-25 18:00:25",
    "user_id": "4",
    "received_input": {
        "form_data": {
            "thyroxine": 0,
            "advised-thyroxine": 0,
            "antithyroid": 0,
            "illness": 0,
            "pregnant": 0,
            "surgery": 0,
            "radioactive": 0,
            "hypo-suspected": 0,
            "hyper-suspected": 0,
            "lithium": 0,
            "goitre": 0,
            "tumor": 0,
            "hypopituitarism": 0,
            "psychiatric": 0,
            "tsh": 1,
            "t3": 1,
            "t4": 0,
            "t4-uptake": 0,
            "fti": 0,
            "FH_Hypothyroidism": 1,
            "FH_Hyperthyroidism": 1,
            "FH_Goiter": 1,
            "FH_ThyroidCancer": 1,
            "Sym_Fatigue": 1,
            "Sym_WeightChange": 1,
            "Sym_DrySkin": 1,
            "Sym_HairLoss": 1,
            "Sym_HeartRate": 1,
            "Sym_Digestion": 1,
            "Sym_IrregularPeriods": 1,
            "Sym_NeckSwelling": 1,
            "Diabetes": 1,
            "HighBloodPressure": 1,
            "HighCholesterol": 1,
            "Anemia": 1,
            "DepressionAnxiety": 1,
            "HeartDisease": 1,
            "MenstrualIrregularities": 1,
            "AutoimmuneDiseases": 1,
            "tshValue": 5,
            "t3Value": 3,
            "t4Value": "",
            "t4-uptakeValue": "",
            "ftiValue": "",
            "age": 22,
            "gender": 0
        },
        "prediction": "hypo",
        "mode": "Hybrid (Lab-Assisted)",
        "c_score": 82,
        "shap_values": [],
        "rf_prediction": "Hypothyroid",
        "svm_prediction": "Hypothyroid",
        "gb_prediction": "Hypothyroid",
        "cnn_prediction": "Hypothyroid"
    }
}
{
    "timestamp": "2025-11-25 18:01:45",
    "user_id": "4",
    "received_input": {
        "form_data": {
            "thyroxine": 0,
            "advised-thyroxine": 0,
            "antithyroid": 0,
            "illness": 0,
            "pregnant": 0,
            "surgery": 0,
            "radioactive": 0,
            "hypo-suspected": 0,
            "hyper-suspected": 0,
            "lithium": 0,
            "goitre": 0,
            "tumor": 0,
            "hypopituitarism": 0,
            "psychiatric": 0,
            "tsh": 1,
            "t3": 1,
            "t4": 0,
            "t4-uptake": 0,
            "fti": 1,
            "FH_Hypothyroidism": 1,
            "FH_Hyperthyroidism": 1,
            "FH_Goiter": 1,
            "FH_ThyroidCancer": 1,
            "Sym_Fatigue": 1,
            "Sym_WeightChange": 1,
            "Sym_DrySkin": 1,
            "Sym_HairLoss": 1,
            "Sym_HeartRate": 1,
            "Sym_Digestion": 1,
            "Sym_IrregularPeriods": 1,
            "Sym_NeckSwelling": 1,
            "Diabetes": 1,
            "HighBloodPressure": 1,
            "HighCholesterol": 1,
            "Anemia": 1,
            "DepressionAnxiety": 1,
            "HeartDisease": 1,
            "MenstrualIrregularities": 1,
            "AutoimmuneDiseases": 1,
            "tshValue": 5,
            "t3Value": 3,
            "t4Value": "",
            "t4-uptakeValue": "",
            "ftiValue": 34,
            "age": 22,
            "gender": 0
        },
        "prediction": "hypo",
        "mode": "Hybrid (Lab-Assisted)",
        "c_score": 63,
        "shap_values": [],
        "rf_prediction": "Hypothyroid",
        "svm_prediction": "Hypothyroid",
        "gb_prediction": "Hypothyroid",
        "cnn_prediction": "Hypothyroid"
    }
}
{
    "timestamp": "2025-11-25 18:07:02",
    "user_id": "4",
    "received_input": {
        "form_data": {
            "thyroxine": 0,
            "advised-thyroxine": 0,
            "antithyroid": 0,
            "illness": 0,
            "pregnant": 0,
            "surgery": 0,
            "radioactive": 0,
            "hypo-suspected": 0,
            "hyper-suspected": 0,
            "lithium": 0,
            "goitre": 0,
            "tumor": 0,
            "hypopituitarism": 0,
            "psychiatric": 0,
            "tsh": 1,
            "t3": 1,
            "t4": 0,
            "t4-uptake": 0,
            "fti": 0,
            "FH_Hypothyroidism": 1,
            "FH_Hyperthyroidism": 1,
            "FH_Goiter": 1,
            "FH_ThyroidCancer": 1,
            "Sym_Fatigue": 1,
            "Sym_WeightChange": 1,
            "Sym_DrySkin": 1,
            "Sym_HairLoss": 1,
            "Sym_HeartRate": 1,
            "Sym_Digestion": 1,
            "Sym_IrregularPeriods": 1,
            "Sym_NeckSwelling": 1,
            "Diabetes": 1,
            "HighBloodPressure": 1,
            "HighCholesterol": 1,
            "Anemia": 1,
            "DepressionAnxiety": 1,
            "HeartDisease": 1,
            "MenstrualIrregularities": 1,
            "AutoimmuneDiseases": 1,
            "tshValue": 45,
            "t3Value": 2,
            "t4Value": "",
            "t4-uptakeValue": "",
            "ftiValue": "",
            "age": 22,
            "gender": 0
        },
        "prediction": "hypo",
        "mode": "Hybrid (Lab-Assisted)",
        "c_score": 70,
        "shap_values": [],
        "rf_prediction": "Hypothyroid",
        "svm_prediction": "Hypothyroid",
        "gb_prediction": "Hypothyroid",
        "cnn_prediction": "Hypothyroid"
    }
}
{
    "timestamp": "2025-11-25 18:12:04",
    "user_id": "4",
    "received_input": {
        "form_data": {
            "thyroxine": 0,
            "advised-thyroxine": 0,
            "antithyroid": 0,
            "illness": 0,
            "pregnant": 0,
            "surgery": 0,
            "radioactive": 0,
            "hypo-suspected": 0,
            "hyper-suspected": 0,
            "lithium": 0,
            "goitre": 0,
            "tumor": 0,
            "hypopituitarism": 0,
            "psychiatric": 0,
            "tsh": 1,
            "t3": 0,
            "t4": 0,
            "t4-uptake": 0,
            "fti": 0,
            "FH_Hypothyroidism": 1,
            "FH_Hyperthyroidism": 1,
            "FH_Goiter": 1,
            "FH_ThyroidCancer": 1,
            "Sym_Fatigue": 1,
            "Sym_WeightChange": 1,
            "Sym_DrySkin": 1,
            "Sym_HairLoss": 1,
            "Sym_HeartRate": 1,
            "Sym_Digestion": 1,
            "Sym_IrregularPeriods": 1,
            "Sym_NeckSwelling": 1,
            "Diabetes": 1,
            "HighBloodPressure": 1,
            "HighCholesterol": 1,
            "Anemia": 1,
            "DepressionAnxiety": 1,
            "HeartDisease": 1,
            "MenstrualIrregularities": 1,
            "AutoimmuneDiseases": 1,
            "tshValue": 5,
            "t3Value": "",
            "t4Value": "",
            "t4-uptakeValue": "",
            "ftiValue": "",
            "age": 22,
            "gender": 0
        },
        "prediction": "hypo",
        "mode": "Hybrid (Lab-Assisted)",
        "c_score": 78,
        "shap_values": [],
        "rf_prediction": "Hypothyroid",
        "svm_prediction": "Hypothyroid",
        "gb_prediction": "Hypothyroid",
        "cnn_prediction": "Hypothyroid"
    }
}
