{
    "timestamp": "2025-11-30 03:23:48",
    "user_id": "5",
    "received_input": {
        "form_data": {
            "": "Female",
            "diabetes": 1,
            "highbloodpressure": 1,
            "highcholesterol": 1,
            "anemia": 1,
            "depressionanxiety": 1,
            "heartdisease": 1,
            "menstrualirregularities": 1,
            "autoimmunediseases": 1,
            "fh_hypothyroidism": 1,
            "fh_hyperthyroidism": 1,
            "fh_goiter": 1,
            "fh_thyroidcancer": 1,
            "sym_fatigue": 1,
            "sym_weightchange": 1,
            "sym_dryskin": 1,
            "sym_hairloss": 1,
            "sym_heartrate": 1,
            "sym_digestion": 1,
            "sym_irregularperiods": 1,
            "sym_neckswelling": 1,
            "tsh": 1,
            "tsh_value": "67",
            "t3": 1,
            "t3_value": "8",
            "t4": 1,
            "t4_value": "8",
            "t4_uptake": 1,
            "t4_uptake_value": "6",
            "fti": 1,
            "fti_value": "4",
            "tshValue": 67,
            "t3Value": 8,
            "t4Value": 8,
            "t4-uptakeValue": "6",
            "ftiValue": 4,
            "Diabetes": 1,
            "HighBloodPressure": 1,
            "HighCholesterol": 1,
            "Anemia": 1,
            "DepressionAnxiety": 1,
            "HeartDisease": 1,
            "MenstrualIrregularities": 1,
            "AutoimmuneDiseases": 1,
            "FH_Hypothyroidism": 1,
            "FH_Hyperthyroidism": 1,
            "FH_Goiter": 1,
            "FH_ThyroidCancer": 1,
            "Sym_Fatigue": 1,
            "Sym_WeightChange": 1,
            "Sym_DrySkin": 1,
            "Sym_HairLoss": 1,
            "Sym_HeartRate": 1,
            "Sym_Digestion": 1,
            "Sym_IrregularPeriods": 1,
            "Sym_NeckSwelling": 1,
            "age": 22,
            "gender": 0
        },
        "prediction": "hypo",
        "mode": "Hybrid (Lab-Assisted)",
        "c_score": 76.4,
        "shap_values": [],
        "rf_prediction": "Hypothyroid",
        "svm_prediction": "Hypothyroid",
        "gb_prediction": "Hypothyroid",
        "cnn_prediction": "Hyperthyroid"
    }
}
{
    "timestamp": "2025-11-30 03:45:54",
    "user_id": "1",
    "received_input": {
        "form_data": {
            "": "Female",
            "diabetes": 1,
            "highbloodpressure": 1,
            "highcholesterol": 1,
            "anemia": 1,
            "depressionanxiety": 1,
            "heartdisease": 1,
            "menstrualirregularities": 1,
            "autoimmunediseases": 1,
            "fh_hypothyroidism": 1,
            "fh_hyperthyroidism": 1,
            "fh_goiter": 1,
            "fh_thyroidcancer": 1,
            "sym_fatigue": 1,
            "sym_weightchange": 1,
            "sym_dryskin": 1,
            "sym_hairloss": 1,
            "sym_heartrate": 1,
            "sym_digestion": 1,
            "sym_irregularperiods": 1,
            "sym_neckswelling": 1,
            "tsh": 1,
            "tsh_value": "1",
            "t3": 1,
            "t3_value": "1",
            "t4": 1,
            "t4_value": "1",
            "t4_uptake": 1,
            "t4_uptake_value": "1",
            "fti": 1,
            "fti_value": "1",
            "tshValue": 1,
            "t3Value": 1,
            "t4Value": 1,
            "t4-uptakeValue": "1",
            "ftiValue": 1,
            "Diabetes": 1,
            "HighBloodPressure": 1,
            "HighCholesterol": 1,
            "Anemia": 1,
            "DepressionAnxiety": 1,
            "HeartDisease": 1,
            "MenstrualIrregularities": 1,
            "AutoimmuneDiseases": 1,
            "FH_Hypothyroidism": 1,
            "FH_Hyperthyroidism": 1,
            "FH_Goiter": 1,
            "FH_ThyroidCancer": 1,
            "Sym_Fatigue": 1,
            "Sym_WeightChange": 1,
            "Sym_DrySkin": 1,
            "Sym_HairLoss": 1,
            "Sym_HeartRate": 1,
            "Sym_Digestion": 1,
            "Sym_IrregularPeriods": 1,
            "Sym_NeckSwelling": 1,
            "age": 22,
            "gender": 0
        },
        "prediction": "hypo",
        "mode": "Hybrid (Lab-Assisted)",
        "c_score": 85,
        "shap_values": [],
        "rf_prediction": "Hypothyroid",
        "svm_prediction": "Hypothyroid",
        "gb_prediction": "Hypothyroid",
        "cnn_prediction": "Hyperthyroid"
    }
}
{
    "timestamp": "2025-11-30 03:48:49",
    "user_id": "1",
    "received_input": {
        "form_data": {
            "": "Female",
            "diabetes": 1,
            "highbloodpressure": 1,
            "highcholesterol": 1,
            "anemia": 1,
            "depressionanxiety": 1,
            "heartdisease": 1,
            "menstrualirregularities": 1,
            "autoimmunediseases": 1,
            "fh_hypothyroidism": 1,
            "fh_hyperthyroidism": 1,
            "fh_goiter": 1,
            "fh_thyroidcancer": 1,
            "sym_fatigue": 1,
            "sym_weightchange": 1,
            "sym_dryskin": 1,
            "sym_hairloss": 1,
            "sym_heartrate": 1,
            "sym_digestion": 1,
            "sym_irregularperiods": 1,
            "sym_neckswelling": 1,
            "tsh": 0,
            "tsh_value": "",
            "t3": 0,
            "t3_value": "",
            "t4": 0,
            "t4_value": "",
            "t4_uptake": 0,
            "t4_uptake_value": "",
            "fti": 0,
            "fti_value": "",
            "tshValue": "",
            "t3Value": "",
            "t4Value": "",
            "t4-uptakeValue": "",
            "ftiValue": "",
            "Diabetes": 1,
            "HighBloodPressure": 1,
            "HighCholesterol": 1,
            "Anemia": 1,
            "DepressionAnxiety": 1,
            "HeartDisease": 1,
            "MenstrualIrregularities": 1,
            "AutoimmuneDiseases": 1,
            "FH_Hypothyroidism": 1,
            "FH_Hyperthyroidism": 1,
            "FH_Goiter": 1,
            "FH_ThyroidCancer": 1,
            "Sym_Fatigue": 1,
            "Sym_WeightChange": 1,
            "Sym_DrySkin": 1,
            "Sym_HairLoss": 1,
            "Sym_HeartRate": 1,
            "Sym_Digestion": 1,
            "Sym_IrregularPeriods": 1,
            "Sym_NeckSwelling": 1,
            "age": 22,
            "gender": 0
        },
        "prediction": "hypo",
        "mode": "Symptom-Only",
        "c_score": 85,
        "shap_values": [],
        "rf_prediction": "Hyperthyroid",
        "svm_prediction": "Hypothyroid",
        "gb_prediction": "Hyperthyroid",
        "cnn_prediction": "Hyperthyroid"
    }
}
{
    "timestamp": "2025-11-30 04:01:53",
    "user_id": "1",
    "received_input": {
        "form_data": {
            "": "Female",
            "diabetes": 1,
            "highbloodpressure": 1,
            "highcholesterol": 1,
            "anemia": 1,
            "depressionanxiety": 1,
            "heartdisease": 1,
            "menstrualirregularities": 1,
            "autoimmunediseases": 1,
            "fh_hypothyroidism": 1,
            "fh_hyperthyroidism": 1,
            "fh_goiter": 1,
            "fh_thyroidcancer": 1,
            "sym_fatigue": 1,
            "sym_weightchange": 1,
            "sym_dryskin": 1,
            "sym_hairloss": 1,
            "sym_heartrate": 1,
            "sym_digestion": 1,
            "sym_irregularperiods": 1,
            "sym_neckswelling": 1,
            "tsh": 1,
            "tsh_value": "1",
            "t3": 1,
            "t3_value": "55",
            "t4": 1,
            "t4_value": "4",
            "t4_uptake": 1,
            "t4_uptake_value": "35",
            "fti": 1,
            "fti_value": "4",
            "tshValue": 1,
            "t3Value": 55,
            "t4Value": 4,
            "t4-uptakeValue": "35",
            "ftiValue": 4,
            "Diabetes": 1,
            "HighBloodPressure": 1,
            "HighCholesterol": 1,
            "Anemia": 1,
            "DepressionAnxiety": 1,
            "HeartDisease": 1,
            "MenstrualIrregularities": 1,
            "AutoimmuneDiseases": 1,
            "FH_Hypothyroidism": 1,
            "FH_Hyperthyroidism": 1,
            "FH_Goiter": 1,
            "FH_ThyroidCancer": 1,
            "Sym_Fatigue": 1,
            "Sym_WeightChange": 1,
            "Sym_DrySkin": 1,
            "Sym_HairLoss": 1,
            "Sym_HeartRate": 1,
            "Sym_Digestion": 1,
            "Sym_IrregularPeriods": 1,
            "Sym_NeckSwelling": 1,
            "age": 22,
            "gender": 0
        },
        "prediction": "hypo",
        "mode": "Hybrid (Lab-Assisted)",
        "c_score": 85,
        "shap_values": [],
        "rf_prediction": "Hyperthyroid",
        "svm_prediction": "Hypothyroid",
        "gb_prediction": "Hyperthyroid",
        "cnn_prediction": "Hyperthyroid"
    }
}
{
    "timestamp": "2025-11-30 04:07:24",
    "user_id": "1",
    "received_input": {
        "form_data": {
            "": "Female",
            "diabetes": 0,
            "highbloodpressure": 0,
            "highcholesterol": 0,
            "anemia": 1,
            "depressionanxiety": 1,
            "heartdisease": 0,
            "menstrualirregularities": 1,
            "autoimmunediseases": 0,
            "fh_hypothyroidism": 1,
            "fh_hyperthyroidism": 0,
            "fh_goiter": 0,
            "fh_thyroidcancer": 0,
            "sym_fatigue": 1,
            "sym_weightchange": 1,
            "sym_dryskin": 1,
            "sym_hairloss": 1,
            "sym_heartrate": 1,
            "sym_digestion": 1,
            "sym_irregularperiods": 1,
            "sym_neckswelling": 0,
            "tsh": 0,
            "tsh_value": "",
            "t3": 0,
            "t3_value": "",
            "t4": 0,
            "t4_value": "",
            "t4_uptake": 0,
            "t4_uptake_value": "",
            "fti": 0,
            "fti_value": "",
            "tshValue": "",
            "t3Value": "",
            "t4Value": "",
            "t4-uptakeValue": "",
            "ftiValue": "",
            "Diabetes": 0,
            "HighBloodPressure": 0,
            "HighCholesterol": 0,
            "Anemia": 1,
            "DepressionAnxiety": 1,
            "HeartDisease": 0,
            "MenstrualIrregularities": 1,
            "AutoimmuneDiseases": 0,
            "FH_Hypothyroidism": 1,
            "FH_Hyperthyroidism": 0,
            "FH_Goiter": 0,
            "FH_ThyroidCancer": 0,
            "Sym_Fatigue": 1,
            "Sym_WeightChange": 1,
            "Sym_DrySkin": 1,
            "Sym_HairLoss": 1,
            "Sym_HeartRate": 1,
            "Sym_Digestion": 1,
            "Sym_IrregularPeriods": 1,
            "Sym_NeckSwelling": 0,
            "age": 22,
            "gender": 0
        },
        "prediction": "hypo",
        "mode": "Symptom-Only",
        "c_score": 88.5,
        "shap_values": [],
        "rf_prediction": "Hypothyroid",
        "svm_prediction": "Hypothyroid",
        "gb_prediction": "Hypothyroid",
        "cnn_prediction": "Hyperthyroid"
    }
}
